<?xml version="1.0" encoding="UTF-8"?>
<testsuite xmlns:xsi="http://www.w3.org/2001/XMLSchema-instance" xsi:noNamespaceSchemaLocation="https://maven.apache.org/surefire/maven-surefire-plugin/xsd/surefire-test-report-3.0.xsd" version="3.0" name="org.imaginnovate.Repository.common.EmployeeProjectRepoTest" time="0.427" tests="10" errors="3" skipped="0" failures="2">
  <properties>
    <property name="java.specification.version" value="21"/>
    <property name="test.url" value="http://localhost:8081"/>
    <property name="sun.jnu.encoding" value="UTF-8"/>
    <property name="io.quarkus.security.http.test-if-basic-auth-implicitly-required" value="true"/>
    <property name="java.class.path" value="/home/mahendra/Downloads/resource (backup) (Copy)/target/test-classes:/home/mahendra/Downloads/resource (backup) (Copy)/target/classes:/home/mahendra/.m2/repository/io/quarkus/quarkus-hibernate-orm-rest-data-panache/3.11.3/quarkus-hibernate-orm-rest-data-panache-3.11.3.jar:/home/mahendra/.m2/repository/io/quarkus/quarkus-rest-data-panache/3.11.3/quarkus-rest-data-panache-3.11.3.jar:/home/mahendra/.m2/repository/io/quarkus/quarkus-panache-common/3.11.3/quarkus-panache-common-3.11.3.jar:/home/mahendra/.m2/repository/io/quarkus/quarkus-hal/3.11.3/quarkus-hal-3.11.3.jar:/home/mahendra/.m2/repository/jakarta/ws/rs/jakarta.ws.rs-api/3.1.0/jakarta.ws.rs-api-3.1.0.jar:/home/mahendra/.m2/repository/jakarta/validation/jakarta.validation-api/3.0.2/jakarta.validation-api-3.0.2.jar:/home/mahendra/.m2/repository/io/quarkus/quarkus-hibernate-orm-panache/3.11.3/quarkus-hibernate-orm-panache-3.11.3.jar:/home/mahendra/.m2/repository/io/quarkus/quarkus-hibernate-orm-panache-common/3.11.3/quarkus-hibernate-orm-panache-common-3.11.3.jar:/home/mahendra/.m2/repository/io/quarkus/quarkus-panache-hibernate-common/3.11.3/quarkus-panache-hibernate-common-3.11.3.jar:/home/mahendra/.m2/repository/io/quarkus/quarkus-flyway/3.11.3/quarkus-flyway-3.11.3.jar:/home/mahendra/.m2/repository/io/quarkus/quarkus-core/3.11.3/quarkus-core-3.11.3.jar:/home/mahendra/.m2/repository/jakarta/inject/jakarta.inject-api/2.0.1/jakarta.inject-api-2.0.1.jar:/home/mahendra/.m2/repository/io/smallrye/common/smallrye-common-os/2.3.0/smallrye-common-os-2.3.0.jar:/home/mahendra/.m2/repository/io/quarkus/quarkus-ide-launcher/3.11.3/quarkus-ide-launcher-3.11.3.jar:/home/mahendra/.m2/repository/io/quarkus/quarkus-development-mode-spi/3.11.3/quarkus-development-mode-spi-3.11.3.jar:/home/mahendra/.m2/repository/io/smallrye/config/smallrye-config/3.8.1/smallrye-config-3.8.1.jar:/home/mahendra/.m2/repository/io/smallrye/config/smallrye-config-core/3.8.1/smallrye-config-core-3.8.1.jar:/home/mahendra/.m2/repository/io/smallrye/common/smallrye-common-classloader/2.3.0/smallrye-common-classloader-2.3.0.jar:/home/mahendra/.m2/repository/io/smallrye/config/smallrye-config-common/3.8.1/smallrye-config-common-3.8.1.jar:/home/mahendra/.m2/repository/org/jboss/logging/jboss-logging/3.5.3.Final/jboss-logging-3.5.3.Final.jar:/home/mahendra/.m2/repository/org/jboss/logmanager/jboss-logmanager/3.0.6.Final/jboss-logmanager-3.0.6.Final.jar:/home/mahendra/.m2/repository/io/smallrye/common/smallrye-common-cpu/2.3.0/smallrye-common-cpu-2.3.0.jar:/home/mahendra/.m2/repository/io/smallrye/common/smallrye-common-expression/2.3.0/smallrye-common-expression-2.3.0.jar:/home/mahendra/.m2/repository/io/smallrye/common/smallrye-common-function/2.3.0/smallrye-common-function-2.3.0.jar:/home/mahendra/.m2/repository/io/smallrye/common/smallrye-common-net/2.3.0/smallrye-common-net-2.3.0.jar:/home/mahendra/.m2/repository/io/smallrye/common/smallrye-common-ref/2.3.0/smallrye-common-ref-2.3.0.jar:/home/mahendra/.m2/repository/jakarta/json/jakarta.json-api/2.1.3/jakarta.json-api-2.1.3.jar:/home/mahendra/.m2/repository/org/jboss/logging/jboss-logging-annotations/2.2.1.Final/jboss-logging-annotations-2.2.1.Final.jar:/home/mahendra/.m2/repository/org/jboss/threads/jboss-threads/3.6.1.Final/jboss-threads-3.6.1.Final.jar:/home/mahendra/.m2/repository/org/jboss/slf4j/slf4j-jboss-logmanager/2.0.0.Final/slf4j-jboss-logmanager-2.0.0.Final.jar:/home/mahendra/.m2/repository/org/wildfly/common/wildfly-common/1.7.0.Final/wildfly-common-1.7.0.Final.jar:/home/mahendra/.m2/repository/io/quarkus/quarkus-bootstrap-runner/3.11.3/quarkus-bootstrap-runner-3.11.3.jar:/home/mahendra/.m2/repository/io/quarkus/quarkus-fs-util/0.0.10/quarkus-fs-util-0.0.10.jar:/home/mahendra/.m2/repository/org/flywaydb/flyway-core/10.13.0/flyway-core-10.13.0.jar:/home/mahendra/.m2/repository/com/fasterxml/jackson/dataformat/jackson-dataformat-toml/2.17.1/jackson-dataformat-toml-2.17.1.jar:/home/mahendra/.m2/repository/com/google/code/gson/gson/2.10.1/gson-2.10.1.jar:/home/mahendra/.m2/repository/io/quarkus/quarkus-agroal/3.11.3/quarkus-agroal-3.11.3.jar:/home/mahendra/.m2/repository/io/quarkus/quarkus-datasource/3.11.3/quarkus-datasource-3.11.3.jar:/home/mahendra/.m2/repository/io/agroal/agroal-api/2.4/agroal-api-2.4.jar:/home/mahendra/.m2/repository/io/agroal/agroal-narayana/2.4/agroal-narayana-2.4.jar:/home/mahendra/.m2/repository/org/jboss/jboss-transaction-spi/8.0.0.Final/jboss-transaction-spi-8.0.0.Final.jar:/home/mahendra/.m2/repository/io/agroal/agroal-pool/2.4/agroal-pool-2.4.jar:/home/mahendra/.m2/repository/io/quarkus/quarkus-credentials/3.11.3/quarkus-credentials-3.11.3.jar:/home/mahendra/.m2/repository/io/quarkus/quarkus-narayana-jta/3.11.3/quarkus-narayana-jta-3.11.3.jar:/home/mahendra/.m2/repository/io/quarkus/quarkus-transaction-annotations/3.11.3/quarkus-transaction-annotations-3.11.3.jar:/home/mahendra/.m2/repository/io/smallrye/smallrye-context-propagation-jta/2.1.2/smallrye-context-propagation-jta-2.1.2.jar:/home/mahendra/.m2/repository/jakarta/transaction/jakarta.transaction-api/2.0.1/jakarta.transaction-api-2.0.1.jar:/home/mahendra/.m2/repository/io/smallrye/reactive/smallrye-reactive-converter-api/3.0.1/smallrye-reactive-converter-api-3.0.1.jar:/home/mahendra/.m2/repository/org/reactivestreams/reactive-streams/1.0.4/reactive-streams-1.0.4.jar:/home/mahendra/.m2/repository/io/smallrye/reactive/smallrye-reactive-converter-mutiny/3.0.1/smallrye-reactive-converter-mutiny-3.0.1.jar:/home/mahendra/.m2/repository/io/smallrye/reactive/mutiny-zero-flow-adapters/1.1.0/mutiny-zero-flow-adapters-1.1.0.jar:/home/mahendra/.m2/repository/org/jboss/narayana/jta/narayana-jta/7.0.1.Final/narayana-jta-7.0.1.Final.jar:/home/mahendra/.m2/repository/jakarta/resource/jakarta.resource-api/2.1.0/jakarta.resource-api-2.1.0.jar:/home/mahendra/.m2/repository/org/jboss/invocation/jboss-invocation/2.0.0.Final/jboss-invocation-2.0.0.Final.jar:/home/mahendra/.m2/repository/org/eclipse/microprofile/reactive-streams-operators/microprofile-reactive-streams-operators-api/3.0/microprofile-reactive-streams-operators-api-3.0.jar:/home/mahendra/.m2/repository/org/jboss/narayana/jts/narayana-jts-integration/7.0.1.Final/narayana-jts-integration-7.0.1.Final.jar:/home/mahendra/.m2/repository/io/quarkus/quarkus-datasource-common/3.11.3/quarkus-datasource-common-3.11.3.jar:/home/mahendra/.m2/repository/org/flywaydb/flyway-mysql/10.13.0/flyway-mysql-10.13.0.jar:/home/mahendra/.m2/repository/io/quarkus/quarkus-jdbc-mysql/3.11.3/quarkus-jdbc-mysql-3.11.3.jar:/home/mahendra/.m2/repository/com/mysql/mysql-connector-j/8.3.0/mysql-connector-j-8.3.0.jar:/home/mahendra/.m2/repository/io/quarkus/quarkus-smallrye-openapi/3.11.3/quarkus-smallrye-openapi-3.11.3.jar:/home/mahendra/.m2/repository/io/smallrye/smallrye-open-api-core/3.10.0/smallrye-open-api-core-3.10.0.jar:/home/mahendra/.m2/repository/org/eclipse/microprofile/openapi/microprofile-openapi-api/3.1.1/microprofile-openapi-api-3.1.1.jar:/home/mahendra/.m2/repository/org/eclipse/microprofile/config/microprofile-config-api/3.1/microprofile-config-api-3.1.jar:/home/mahendra/.m2/repository/com/fasterxml/jackson/dataformat/jackson-dataformat-yaml/2.17.1/jackson-dataformat-yaml-2.17.1.jar:/home/mahendra/.m2/repository/org/yaml/snakeyaml/2.2/snakeyaml-2.2.jar:/home/mahendra/.m2/repository/io/smallrye/jandex/3.1.8/jandex-3.1.8.jar:/home/mahendra/.m2/repository/io/quarkus/quarkus-vertx-http/3.11.3/quarkus-vertx-http-3.11.3.jar:/home/mahendra/.m2/repository/io/smallrye/reactive/smallrye-mutiny-vertx-web/3.12.0/smallrye-mutiny-vertx-web-3.12.0.jar:/home/mahendra/.m2/repository/io/smallrye/reactive/smallrye-mutiny-vertx-web-common/3.12.0/smallrye-mutiny-vertx-web-common-3.12.0.jar:/home/mahendra/.m2/repository/io/smallrye/reactive/smallrye-mutiny-vertx-auth-common/3.12.0/smallrye-mutiny-vertx-auth-common-3.12.0.jar:/home/mahendra/.m2/repository/io/smallrye/reactive/smallrye-mutiny-vertx-bridge-common/3.12.0/smallrye-mutiny-vertx-bridge-common-3.12.0.jar:/home/mahendra/.m2/repository/io/smallrye/reactive/smallrye-mutiny-vertx-uri-template/3.12.0/smallrye-mutiny-vertx-uri-template-3.12.0.jar:/home/mahendra/.m2/repository/io/vertx/vertx-uri-template/4.5.7/vertx-uri-template-4.5.7.jar:/home/mahendra/.m2/repository/io/vertx/vertx-web/4.5.7/vertx-web-4.5.7.jar:/home/mahendra/.m2/repository/io/vertx/vertx-web-common/4.5.7/vertx-web-common-4.5.7.jar:/home/mahendra/.m2/repository/io/vertx/vertx-auth-common/4.5.7/vertx-auth-common-4.5.7.jar:/home/mahendra/.m2/repository/io/vertx/vertx-bridge-common/4.5.7/vertx-bridge-common-4.5.7.jar:/home/mahendra/.m2/repository/io/github/crac/org-crac/0.1.3/org-crac-0.1.3.jar:/home/mahendra/.m2/repository/io/quarkus/quarkus-swagger-ui/3.11.3/quarkus-swagger-ui-3.11.3.jar:/home/mahendra/.m2/repository/io/quarkus/quarkus-smallrye-jwt/3.11.3/quarkus-smallrye-jwt-3.11.3.jar:/home/mahendra/.m2/repository/io/smallrye/smallrye-jwt/4.5.2/smallrye-jwt-4.5.2.jar:/home/mahendra/.m2/repository/org/eclipse/microprofile/jwt/microprofile-jwt-auth-api/2.1/microprofile-jwt-auth-api-2.1.jar:/home/mahendra/.m2/repository/org/bitbucket/b_c/jose4j/0.9.6/jose4j-0.9.6.jar:/home/mahendra/.m2/repository/io/smallrye/smallrye-jwt-common/4.5.2/smallrye-jwt-common-4.5.2.jar:/home/mahendra/.m2/repository/jakarta/annotation/jakarta.annotation-api/3.0.0/jakarta.annotation-api-3.0.0.jar:/home/mahendra/.m2/repository/io/quarkus/quarkus-jsonp/3.11.3/quarkus-jsonp-3.11.3.jar:/home/mahendra/.m2/repository/org/eclipse/parsson/parsson/1.1.6/parsson-1.1.6.jar:/home/mahendra/.m2/repository/io/quarkus/quarkus-smallrye-jwt-build/3.11.3/quarkus-smallrye-jwt-build-3.11.3.jar:/home/mahendra/.m2/repository/io/smallrye/smallrye-jwt-build/4.5.2/smallrye-jwt-build-4.5.2.jar:/home/mahendra/.m2/repository/io/quarkus/quarkus-oidc/3.11.3/quarkus-oidc-3.11.3.jar:/home/mahendra/.m2/repository/io/quarkus/quarkus-oidc-common/3.11.3/quarkus-oidc-common-3.11.3.jar:/home/mahendra/.m2/repository/io/smallrye/reactive/smallrye-mutiny-vertx-web-client/3.12.0/smallrye-mutiny-vertx-web-client-3.12.0.jar:/home/mahendra/.m2/repository/io/vertx/vertx-web-client/4.5.7/vertx-web-client-4.5.7.jar:/home/mahendra/.m2/repository/io/quarkus/quarkus-rest-jsonb/3.11.3/quarkus-rest-jsonb-3.11.3.jar:/home/mahendra/.m2/repository/io/quarkus/resteasy/reactive/resteasy-reactive-jsonb/3.11.3/resteasy-reactive-jsonb-3.11.3.jar:/home/mahendra/.m2/repository/io/quarkus/resteasy/reactive/resteasy-reactive/3.11.3/resteasy-reactive-3.11.3.jar:/home/mahendra/.m2/repository/io/quarkus/resteasy/reactive/resteasy-reactive-common/3.11.3/resteasy-reactive-common-3.11.3.jar:/home/mahendra/.m2/repository/io/quarkus/resteasy/reactive/resteasy-reactive-common-types/3.11.3/resteasy-reactive-common-types-3.11.3.jar:/home/mahendra/.m2/repository/org/eclipse/yasson/3.0.3/yasson-3.0.3.jar:/home/mahendra/.m2/repository/jakarta/json/bind/jakarta.json.bind-api/3.0.1/jakarta.json.bind-api-3.0.1.jar:/home/mahendra/.m2/repository/org/jboss/logging/commons-logging-jboss-logging/1.0.0.Final/commons-logging-jboss-logging-1.0.0.Final.jar:/home/mahendra/.m2/repository/jakarta/xml/bind/jakarta.xml.bind-api/4.0.2/jakarta.xml.bind-api-4.0.2.jar:/home/mahendra/.m2/repository/jakarta/activation/jakarta.activation-api/2.1.3/jakarta.activation-api-2.1.3.jar:/home/mahendra/.m2/repository/io/quarkus/quarkus-rest/3.11.3/quarkus-rest-3.11.3.jar:/home/mahendra/.m2/repository/io/quarkus/quarkus-rest-common/3.11.3/quarkus-rest-common-3.11.3.jar:/home/mahendra/.m2/repository/io/quarkus/resteasy/reactive/resteasy-reactive-vertx/3.11.3/resteasy-reactive-vertx-3.11.3.jar:/home/mahendra/.m2/repository/io/quarkus/quarkus-rest-jsonb-common/3.11.3/quarkus-rest-jsonb-common-3.11.3.jar:/home/mahendra/.m2/repository/io/quarkus/quarkus-jsonb/3.11.3/quarkus-jsonb-3.11.3.jar:/home/mahendra/.m2/repository/io/quarkus/quarkus-rest-client/3.11.3/quarkus-rest-client-3.11.3.jar:/home/mahendra/.m2/repository/io/quarkus/quarkus-rest-client-jaxrs/3.11.3/quarkus-rest-client-jaxrs-3.11.3.jar:/home/mahendra/.m2/repository/io/quarkus/resteasy/reactive/resteasy-reactive-client/3.11.3/resteasy-reactive-client-3.11.3.jar:/home/mahendra/.m2/repository/io/quarkus/quarkus-smallrye-stork/3.11.3/quarkus-smallrye-stork-3.11.3.jar:/home/mahendra/.m2/repository/io/quarkus/quarkus-rest-client-config/3.11.3/quarkus-rest-client-config-3.11.3.jar:/home/mahendra/.m2/repository/io/smallrye/stork/stork-api/2.6.0/stork-api-2.6.0.jar:/home/mahendra/.m2/repository/io/smallrye/reactive/mutiny/2.6.0/mutiny-2.6.0.jar:/home/mahendra/.m2/repository/org/jctools/jctools-core/4.0.3/jctools-core-4.0.3.jar:/home/mahendra/.m2/repository/io/smallrye/stork/stork-core/2.6.0/stork-core-2.6.0.jar:/home/mahendra/.m2/repository/org/eclipse/microprofile/rest/client/microprofile-rest-client-api/3.0.1/microprofile-rest-client-api-3.0.1.jar:/home/mahendra/.m2/repository/io/quarkus/quarkus-rest-client-jackson/3.11.3/quarkus-rest-client-jackson-3.11.3.jar:/home/mahendra/.m2/repository/io/quarkus/resteasy/reactive/resteasy-reactive-jackson/3.11.3/resteasy-reactive-jackson-3.11.3.jar:/home/mahendra/.m2/repository/io/quarkus/quarkus-rest-jackson-common/3.11.3/quarkus-rest-jackson-common-3.11.3.jar:/home/mahendra/.m2/repository/io/quarkus/quarkus-jackson/3.11.3/quarkus-jackson-3.11.3.jar:/home/mahendra/.m2/repository/com/fasterxml/jackson/datatype/jackson-datatype-jdk8/2.17.1/jackson-datatype-jdk8-2.17.1.jar:/home/mahendra/.m2/repository/com/fasterxml/jackson/module/jackson-module-parameter-names/2.17.1/jackson-module-parameter-names-2.17.1.jar:/home/mahendra/.m2/repository/io/quarkus/quarkus-security-jpa/3.11.3/quarkus-security-jpa-3.11.3.jar:/home/mahendra/.m2/repository/io/quarkus/quarkus-security-jpa-common/3.11.3/quarkus-security-jpa-common-3.11.3.jar:/home/mahendra/.m2/repository/io/quarkus/quarkus-elytron-security-common/3.11.3/quarkus-elytron-security-common-3.11.3.jar:/home/mahendra/.m2/repository/org/wildfly/security/wildfly-elytron-credential/2.4.2.Final/wildfly-elytron-credential-2.4.2.Final.jar:/home/mahendra/.m2/repository/org/wildfly/security/wildfly-elytron-asn1/2.4.2.Final/wildfly-elytron-asn1-2.4.2.Final.jar:/home/mahendra/.m2/repository/org/wildfly/security/wildfly-elytron-keystore/2.4.2.Final/wildfly-elytron-keystore-2.4.2.Final.jar:/home/mahendra/.m2/repository/org/wildfly/security/wildfly-elytron-util/2.4.2.Final/wildfly-elytron-util-2.4.2.Final.jar:/home/mahendra/.m2/repository/org/wildfly/security/wildfly-elytron-base/2.4.2.Final/wildfly-elytron-base-2.4.2.Final.jar:/home/mahendra/.m2/repository/org/wildfly/security/wildfly-elytron-x500-cert/2.4.2.Final/wildfly-elytron-x500-cert-2.4.2.Final.jar:/home/mahendra/.m2/repository/org/wildfly/security/wildfly-elytron-x500-cert-util/2.4.2.Final/wildfly-elytron-x500-cert-util-2.4.2.Final.jar:/home/mahendra/.m2/repository/org/wildfly/security/wildfly-elytron-provider-util/2.4.2.Final/wildfly-elytron-provider-util-2.4.2.Final.jar:/home/mahendra/.m2/repository/org/wildfly/security/wildfly-elytron-x500/2.4.2.Final/wildfly-elytron-x500-2.4.2.Final.jar:/home/mahendra/.m2/repository/org/wildfly/security/wildfly-elytron-password-impl/2.4.2.Final/wildfly-elytron-password-impl-2.4.2.Final.jar:/home/mahendra/.m2/repository/jakarta/persistence/jakarta.persistence-api/3.1.0/jakarta.persistence-api-3.1.0.jar:/home/mahendra/.m2/repository/io/quarkus/quarkus-hibernate-orm/3.11.3/quarkus-hibernate-orm-3.11.3.jar:/home/mahendra/.m2/repository/org/hibernate/orm/hibernate-core/6.5.2.Final/hibernate-core-6.5.2.Final.jar:/home/mahendra/.m2/repository/com/fasterxml/classmate/1.7.0/classmate-1.7.0.jar:/home/mahendra/.m2/repository/org/antlr/antlr4-runtime/4.13.0/antlr4-runtime-4.13.0.jar:/home/mahendra/.m2/repository/net/bytebuddy/byte-buddy/1.14.15/byte-buddy-1.14.15.jar:/home/mahendra/.m2/repository/org/hibernate/common/hibernate-commons-annotations/6.0.6.Final/hibernate-commons-annotations-6.0.6.Final.jar:/home/mahendra/.m2/repository/org/hibernate/orm/hibernate-graalvm/6.5.2.Final/hibernate-graalvm-6.5.2.Final.jar:/home/mahendra/.m2/repository/org/glassfish/jaxb/jaxb-runtime/4.0.5/jaxb-runtime-4.0.5.jar:/home/mahendra/.m2/repository/org/glassfish/jaxb/jaxb-core/4.0.5/jaxb-core-4.0.5.jar:/home/mahendra/.m2/repository/org/eclipse/angus/angus-activation/2.0.2/angus-activation-2.0.2.jar:/home/mahendra/.m2/repository/org/glassfish/jaxb/txw2/4.0.5/txw2-4.0.5.jar:/home/mahendra/.m2/repository/com/sun/istack/istack-commons-runtime/4.1.2/istack-commons-runtime-4.1.2.jar:/home/mahendra/.m2/repository/org/hibernate/quarkus-local-cache/0.3.0/quarkus-local-cache-0.3.0.jar:/home/mahendra/.m2/repository/io/quarkus/quarkus-caffeine/3.11.3/quarkus-caffeine-3.11.3.jar:/home/mahendra/.m2/repository/com/github/ben-manes/caffeine/caffeine/3.1.5/caffeine-3.1.5.jar:/home/mahendra/.m2/repository/com/google/errorprone/error_prone_annotations/2.27.1/error_prone_annotations-2.27.1.jar:/home/mahendra/.m2/repository/io/quarkus/quarkus-security/3.11.3/quarkus-security-3.11.3.jar:/home/mahendra/.m2/repository/io/quarkus/quarkus-security-runtime-spi/3.11.3/quarkus-security-runtime-spi-3.11.3.jar:/home/mahendra/.m2/repository/jakarta/interceptor/jakarta.interceptor-api/2.2.0/jakarta.interceptor-api-2.2.0.jar:/home/mahendra/.m2/repository/io/quarkus/security/quarkus-security/2.0.3.Final/quarkus-security-2.0.3.Final.jar:/home/mahendra/.m2/repository/jakarta/enterprise/jakarta.enterprise.cdi-api/4.1.0/jakarta.enterprise.cdi-api-4.1.0.jar:/home/mahendra/.m2/repository/jakarta/enterprise/jakarta.enterprise.lang-model/4.1.0/jakarta.enterprise.lang-model-4.1.0.jar:/home/mahendra/.m2/repository/jakarta/el/jakarta.el-api/5.0.1/jakarta.el-api-5.0.1.jar:/home/mahendra/.m2/repository/io/quarkus/quarkus-vertx/3.11.3/quarkus-vertx-3.11.3.jar:/home/mahendra/.m2/repository/io/quarkus/quarkus-netty/3.11.3/quarkus-netty-3.11.3.jar:/home/mahendra/.m2/repository/io/netty/netty-codec/4.1.108.Final/netty-codec-4.1.108.Final.jar:/home/mahendra/.m2/repository/io/netty/netty-common/4.1.108.Final/netty-common-4.1.108.Final.jar:/home/mahendra/.m2/repository/io/netty/netty-codec-http/4.1.108.Final/netty-codec-http-4.1.108.Final.jar:/home/mahendra/.m2/repository/io/netty/netty-codec-http2/4.1.108.Final/netty-codec-http2-4.1.108.Final.jar:/home/mahendra/.m2/repository/io/netty/netty-handler/4.1.108.Final/netty-handler-4.1.108.Final.jar:/home/mahendra/.m2/repository/io/netty/netty-resolver/4.1.108.Final/netty-resolver-4.1.108.Final.jar:/home/mahendra/.m2/repository/io/netty/netty-transport-native-unix-common/4.1.108.Final/netty-transport-native-unix-common-4.1.108.Final.jar:/home/mahendra/.m2/repository/com/aayushatharva/brotli4j/brotli4j/1.16.0/brotli4j-1.16.0.jar:/home/mahendra/.m2/repository/com/aayushatharva/brotli4j/service/1.16.0/service-1.16.0.jar:/home/mahendra/.m2/repository/com/aayushatharva/brotli4j/native-linux-x86_64/1.16.0/native-linux-x86_64-1.16.0.jar:/home/mahendra/.m2/repository/io/netty/netty-codec-haproxy/4.1.108.Final/netty-codec-haproxy-4.1.108.Final.jar:/home/mahendra/.m2/repository/io/netty/netty-buffer/4.1.108.Final/netty-buffer-4.1.108.Final.jar:/home/mahendra/.m2/repository/io/netty/netty-transport/4.1.108.Final/netty-transport-4.1.108.Final.jar:/home/mahendra/.m2/repository/io/smallrye/common/smallrye-common-annotation/2.3.0/smallrye-common-annotation-2.3.0.jar:/home/mahendra/.m2/repository/io/smallrye/common/smallrye-common-vertx-context/2.3.0/smallrye-common-vertx-context-2.3.0.jar:/home/mahendra/.m2/repository/io/vertx/vertx-core/4.5.7/vertx-core-4.5.7.jar:/home/mahendra/.m2/repository/io/netty/netty-handler-proxy/4.1.108.Final/netty-handler-proxy-4.1.108.Final.jar:/home/mahendra/.m2/repository/io/netty/netty-codec-socks/4.1.108.Final/netty-codec-socks-4.1.108.Final.jar:/home/mahendra/.m2/repository/io/netty/netty-resolver-dns/4.1.108.Final/netty-resolver-dns-4.1.108.Final.jar:/home/mahendra/.m2/repository/io/netty/netty-codec-dns/4.1.108.Final/netty-codec-dns-4.1.108.Final.jar:/home/mahendra/.m2/repository/io/smallrye/common/smallrye-common-constraint/2.3.0/smallrye-common-constraint-2.3.0.jar:/home/mahendra/.m2/repository/io/quarkus/quarkus-mutiny/3.11.3/quarkus-mutiny-3.11.3.jar:/home/mahendra/.m2/repository/io/quarkus/quarkus-smallrye-context-propagation/3.11.3/quarkus-smallrye-context-propagation-3.11.3.jar:/home/mahendra/.m2/repository/io/smallrye/smallrye-context-propagation/2.1.2/smallrye-context-propagation-2.1.2.jar:/home/mahendra/.m2/repository/io/smallrye/smallrye-context-propagation-api/2.1.2/smallrye-context-propagation-api-2.1.2.jar:/home/mahendra/.m2/repository/io/smallrye/smallrye-context-propagation-storage/2.1.2/smallrye-context-propagation-storage-2.1.2.jar:/home/mahendra/.m2/repository/io/smallrye/reactive/mutiny-smallrye-context-propagation/2.6.0/mutiny-smallrye-context-propagation-2.6.0.jar:/home/mahendra/.m2/repository/io/quarkus/quarkus-virtual-threads/3.11.3/quarkus-virtual-threads-3.11.3.jar:/home/mahendra/.m2/repository/io/quarkus/quarkus-vertx-latebound-mdc-provider/3.11.3/quarkus-vertx-latebound-mdc-provider-3.11.3.jar:/home/mahendra/.m2/repository/io/smallrye/reactive/smallrye-mutiny-vertx-core/3.12.0/smallrye-mutiny-vertx-core-3.12.0.jar:/home/mahendra/.m2/repository/io/smallrye/reactive/smallrye-mutiny-vertx-runtime/3.12.0/smallrye-mutiny-vertx-runtime-3.12.0.jar:/home/mahendra/.m2/repository/io/smallrye/reactive/vertx-mutiny-generator/3.12.0/vertx-mutiny-generator-3.12.0.jar:/home/mahendra/.m2/repository/io/vertx/vertx-codegen/4.5.7/vertx-codegen-4.5.7.jar:/home/mahendra/.m2/repository/io/smallrye/smallrye-fault-tolerance-vertx/6.3.0/smallrye-fault-tolerance-vertx-6.3.0.jar:/home/mahendra/.m2/repository/io/quarkus/quarkus-arc/3.11.3/quarkus-arc-3.11.3.jar:/home/mahendra/.m2/repository/io/quarkus/arc/arc/3.11.3/arc-3.11.3.jar:/home/mahendra/.m2/repository/org/eclipse/microprofile/context-propagation/microprofile-context-propagation-api/1.3/microprofile-context-propagation-api-1.3.jar:/home/mahendra/.m2/repository/io/quarkus/quarkus-junit5/3.11.3/quarkus-junit5-3.11.3.jar:/home/mahendra/.m2/repository/io/quarkus/quarkus-bootstrap-core/3.11.3/quarkus-bootstrap-core-3.11.3.jar:/home/mahendra/.m2/repository/io/quarkus/quarkus-classloader-commons/3.11.3/quarkus-classloader-commons-3.11.3.jar:/home/mahendra/.m2/repository/io/quarkus/quarkus-bootstrap-app-model/3.11.3/quarkus-bootstrap-app-model-3.11.3.jar:/home/mahendra/.m2/repository/io/smallrye/common/smallrye-common-io/2.3.0/smallrye-common-io-2.3.0.jar:/home/mahendra/.m2/repository/org/eclipse/sisu/org.eclipse.sisu.inject/0.9.0.M2/org.eclipse.sisu.inject-0.9.0.M2.jar:/home/mahendra/.m2/repository/io/quarkus/quarkus-test-common/3.11.3/quarkus-test-common-3.11.3.jar:/home/mahendra/.m2/repository/io/quarkus/quarkus-core-deployment/3.11.3/quarkus-core-deployment-3.11.3.jar:/home/mahendra/.m2/repository/org/aesh/readline/2.4/readline-2.4.jar:/home/mahendra/.m2/repository/org/fusesource/jansi/jansi/2.4.0/jansi-2.4.0.jar:/home/mahendra/.m2/repository/org/aesh/aesh/2.7/aesh-2.7.jar:/home/mahendra/.m2/repository/io/quarkus/gizmo/gizmo/1.8.0/gizmo-1.8.0.jar:/home/mahendra/.m2/repository/org/ow2/asm/asm-util/9.7/asm-util-9.7.jar:/home/mahendra/.m2/repository/org/ow2/asm/asm-analysis/9.7/asm-analysis-9.7.jar:/home/mahendra/.m2/repository/org/ow2/asm/asm/9.7/asm-9.7.jar:/home/mahendra/.m2/repository/org/ow2/asm/asm-commons/9.7/asm-commons-9.7.jar:/home/mahendra/.m2/repository/org/ow2/asm/asm-tree/9.7/asm-tree-9.7.jar:/home/mahendra/.m2/repository/io/quarkus/quarkus-hibernate-validator-spi/3.11.3/quarkus-hibernate-validator-spi-3.11.3.jar:/home/mahendra/.m2/repository/io/quarkus/quarkus-class-change-agent/3.11.3/quarkus-class-change-agent-3.11.3.jar:/home/mahendra/.m2/repository/io/quarkus/quarkus-devtools-utilities/3.11.3/quarkus-devtools-utilities-3.11.3.jar:/home/mahendra/.m2/repository/io/quarkus/quarkus-builder/3.11.3/quarkus-builder-3.11.3.jar:/home/mahendra/.m2/repository/org/graalvm/sdk/nativeimage/23.1.2/nativeimage-23.1.2.jar:/home/mahendra/.m2/repository/org/graalvm/sdk/word/23.1.2/word-23.1.2.jar:/home/mahendra/.m2/repository/org/junit/platform/junit-platform-launcher/1.10.2/junit-platform-launcher-1.10.2.jar:/home/mahendra/.m2/repository/io/quarkus/quarkus-bootstrap-maven-resolver/3.11.3/quarkus-bootstrap-maven-resolver-3.11.3.jar:/home/mahendra/.m2/repository/io/smallrye/beanbag/smallrye-beanbag-maven/1.5.2/smallrye-beanbag-maven-1.5.2.jar:/home/mahendra/.m2/repository/io/smallrye/beanbag/smallrye-beanbag-sisu/1.5.2/smallrye-beanbag-sisu-1.5.2.jar:/home/mahendra/.m2/repository/io/smallrye/beanbag/smallrye-beanbag/1.5.2/smallrye-beanbag-1.5.2.jar:/home/mahendra/.m2/repository/javax/inject/javax.inject/1/javax.inject-1.jar:/home/mahendra/.m2/repository/org/apache/maven/maven-artifact/3.9.6/maven-artifact-3.9.6.jar:/home/mahendra/.m2/repository/org/apache/maven/maven-builder-support/3.9.6/maven-builder-support-3.9.6.jar:/home/mahendra/.m2/repository/org/apache/maven/maven-model/3.9.6/maven-model-3.9.6.jar:/home/mahendra/.m2/repository/org/apache/maven/maven-model-builder/3.9.6/maven-model-builder-3.9.6.jar:/home/mahendra/.m2/repository/org/apache/maven/maven-repository-metadata/3.9.6/maven-repository-metadata-3.9.6.jar:/home/mahendra/.m2/repository/org/apache/maven/maven-settings/3.9.6/maven-settings-3.9.6.jar:/home/mahendra/.m2/repository/org/apache/maven/resolver/maven-resolver-api/1.9.18/maven-resolver-api-1.9.18.jar:/home/mahendra/.m2/repository/org/apache/maven/resolver/maven-resolver-impl/1.9.18/maven-resolver-impl-1.9.18.jar:/home/mahendra/.m2/repository/org/apache/maven/resolver/maven-resolver-named-locks/1.9.18/maven-resolver-named-locks-1.9.18.jar:/home/mahendra/.m2/repository/org/apache/maven/resolver/maven-resolver-spi/1.9.18/maven-resolver-spi-1.9.18.jar:/home/mahendra/.m2/repository/org/apache/maven/resolver/maven-resolver-util/1.9.18/maven-resolver-util-1.9.18.jar:/home/mahendra/.m2/repository/org/apache/maven/resolver/maven-resolver-transport-http/1.9.20/maven-resolver-transport-http-1.9.20.jar:/home/mahendra/.m2/repository/org/apache/maven/wagon/wagon-provider-api/3.5.3/wagon-provider-api-3.5.3.jar:/home/mahendra/.m2/repository/org/apache/maven/wagon/wagon-http-shared/3.5.3/wagon-http-shared-3.5.3.jar:/home/mahendra/.m2/repository/org/codehaus/plexus/plexus-interpolation/1.26/plexus-interpolation-1.26.jar:/home/mahendra/.m2/repository/org/codehaus/plexus/plexus-utils/3.5.1/plexus-utils-3.5.1.jar:/home/mahendra/.m2/repository/org/codehaus/plexus/plexus-xml/4.0.1/plexus-xml-4.0.1.jar:/home/mahendra/.m2/repository/org/apache/maven/maven-xml-impl/4.0.0-alpha-5/maven-xml-impl-4.0.0-alpha-5.jar:/home/mahendra/.m2/repository/org/apache/maven/maven-api-xml/4.0.0-alpha-5/maven-api-xml-4.0.0-alpha-5.jar:/home/mahendra/.m2/repository/org/apache/maven/maven-api-meta/4.0.0-alpha-5/maven-api-meta-4.0.0-alpha-5.jar:/home/mahendra/.m2/repository/org/codehaus/plexus/plexus-cipher/2.0/plexus-cipher-2.0.jar:/home/mahendra/.m2/repository/org/codehaus/plexus/plexus-sec-dispatcher/2.0/plexus-sec-dispatcher-2.0.jar:/home/mahendra/.m2/repository/org/apache/maven/maven-embedder/3.9.6/maven-embedder-3.9.6.jar:/home/mahendra/.m2/repository/org/apache/maven/maven-core/3.9.6/maven-core-3.9.6.jar:/home/mahendra/.m2/repository/org/codehaus/plexus/plexus-component-annotations/2.1.0/plexus-component-annotations-2.1.0.jar:/home/mahendra/.m2/repository/org/apache/maven/maven-plugin-api/3.9.6/maven-plugin-api-3.9.6.jar:/home/mahendra/.m2/repository/org/apache/maven/shared/maven-shared-utils/3.3.4/maven-shared-utils-3.3.4.jar:/home/mahendra/.m2/repository/com/google/inject/guice/5.1.0/guice-5.1.0.jar:/home/mahendra/.m2/repository/aopalliance/aopalliance/1.0/aopalliance-1.0.jar:/home/mahendra/.m2/repository/com/google/guava/guava/33.2.0-jre/guava-33.2.0-jre.jar:/home/mahendra/.m2/repository/com/google/guava/failureaccess/1.0.1/failureaccess-1.0.1.jar:/home/mahendra/.m2/repository/javax/annotation/javax.annotation-api/1.3.2/javax.annotation-api-1.3.2.jar:/home/mahendra/.m2/repository/org/codehaus/plexus/plexus-classworlds/2.6.0/plexus-classworlds-2.6.0.jar:/home/mahendra/.m2/repository/commons-cli/commons-cli/1.5.0/commons-cli-1.5.0.jar:/home/mahendra/.m2/repository/org/eclipse/sisu/org.eclipse.sisu.plexus/0.9.0.M2/org.eclipse.sisu.plexus-0.9.0.M2.jar:/home/mahendra/.m2/repository/org/apache/maven/maven-settings-builder/3.9.6/maven-settings-builder-3.9.6.jar:/home/mahendra/.m2/repository/org/apache/maven/maven-resolver-provider/3.9.6/maven-resolver-provider-3.9.6.jar:/home/mahendra/.m2/repository/org/apache/maven/resolver/maven-resolver-connector-basic/1.9.18/maven-resolver-connector-basic-1.9.18.jar:/home/mahendra/.m2/repository/org/apache/maven/resolver/maven-resolver-transport-wagon/1.9.18/maven-resolver-transport-wagon-1.9.18.jar:/home/mahendra/.m2/repository/org/apache/maven/wagon/wagon-http/3.5.3/wagon-http-3.5.3.jar:/home/mahendra/.m2/repository/org/apache/maven/wagon/wagon-file/3.5.3/wagon-file-3.5.3.jar:/home/mahendra/.m2/repository/io/quarkus/quarkus-bootstrap-gradle-resolver/3.11.3/quarkus-bootstrap-gradle-resolver-3.11.3.jar:/home/mahendra/.m2/repository/commons-io/commons-io/2.16.1/commons-io-2.16.1.jar:/home/mahendra/.m2/repository/io/quarkus/quarkus-junit5-properties/3.11.3/quarkus-junit5-properties-3.11.3.jar:/home/mahendra/.m2/repository/org/junit/jupiter/junit-jupiter/5.10.2/junit-jupiter-5.10.2.jar:/home/mahendra/.m2/repository/org/junit/jupiter/junit-jupiter-api/5.10.2/junit-jupiter-api-5.10.2.jar:/home/mahendra/.m2/repository/org/opentest4j/opentest4j/1.3.0/opentest4j-1.3.0.jar:/home/mahendra/.m2/repository/org/junit/platform/junit-platform-commons/1.10.2/junit-platform-commons-1.10.2.jar:/home/mahendra/.m2/repository/org/apiguardian/apiguardian-api/1.1.2/apiguardian-api-1.1.2.jar:/home/mahendra/.m2/repository/org/junit/jupiter/junit-jupiter-params/5.10.2/junit-jupiter-params-5.10.2.jar:/home/mahendra/.m2/repository/org/junit/jupiter/junit-jupiter-engine/5.10.2/junit-jupiter-engine-5.10.2.jar:/home/mahendra/.m2/repository/org/junit/platform/junit-platform-engine/1.10.2/junit-platform-engine-1.10.2.jar:/home/mahendra/.m2/repository/com/thoughtworks/xstream/xstream/1.4.20/xstream-1.4.20.jar:/home/mahendra/.m2/repository/io/github/x-stream/mxparser/1.2.2/mxparser-1.2.2.jar:/home/mahendra/.m2/repository/xmlpull/xmlpull/1.1.3.1/xmlpull-1.1.3.1.jar:/home/mahendra/.m2/repository/io/quarkus/quarkus-junit5-mockito/3.11.3/quarkus-junit5-mockito-3.11.3.jar:/home/mahendra/.m2/repository/org/mockito/mockito-junit-jupiter/5.11.0/mockito-junit-jupiter-5.11.0.jar:/home/mahendra/.m2/repository/org/mockito/mockito-core/5.11.0/mockito-core-5.11.0.jar:/home/mahendra/.m2/repository/net/bytebuddy/byte-buddy-agent/1.14.12/byte-buddy-agent-1.14.12.jar:/home/mahendra/.m2/repository/org/objenesis/objenesis/3.3/objenesis-3.3.jar:/home/mahendra/.m2/repository/io/quarkus/quarkus-junit5-mockito-config/3.11.3/quarkus-junit5-mockito-config-3.11.3.jar:/home/mahendra/.m2/repository/io/quarkus/quarkus-arc-deployment/3.11.3/quarkus-arc-deployment-3.11.3.jar:/home/mahendra/.m2/repository/io/quarkus/quarkus-smallrye-context-propagation-spi/3.11.3/quarkus-smallrye-context-propagation-spi-3.11.3.jar:/home/mahendra/.m2/repository/io/quarkus/quarkus-vertx-http-dev-ui-spi/3.11.3/quarkus-vertx-http-dev-ui-spi-3.11.3.jar:/home/mahendra/.m2/repository/io/quarkus/arc/arc-processor/3.11.3/arc-processor-3.11.3.jar:/home/mahendra/.m2/repository/io/quarkus/quarkus-arc-test-supplement/3.11.3/quarkus-arc-test-supplement-3.11.3.jar:/home/mahendra/.m2/repository/org/mockito/mockito-subclass/5.11.0/mockito-subclass-5.11.0.jar:/home/mahendra/.m2/repository/io/rest-assured/rest-assured/5.4.0/rest-assured-5.4.0.jar:/home/mahendra/.m2/repository/org/apache/groovy/groovy/4.0.16/groovy-4.0.16.jar:/home/mahendra/.m2/repository/org/apache/groovy/groovy-xml/4.0.16/groovy-xml-4.0.16.jar:/home/mahendra/.m2/repository/org/apache/httpcomponents/httpclient/4.5.14/httpclient-4.5.14.jar:/home/mahendra/.m2/repository/org/apache/httpcomponents/httpcore/4.4.16/httpcore-4.4.16.jar:/home/mahendra/.m2/repository/commons-codec/commons-codec/1.17.0/commons-codec-1.17.0.jar:/home/mahendra/.m2/repository/org/apache/httpcomponents/httpmime/4.5.14/httpmime-4.5.14.jar:/home/mahendra/.m2/repository/org/hamcrest/hamcrest/2.2/hamcrest-2.2.jar:/home/mahendra/.m2/repository/org/ccil/cowan/tagsoup/tagsoup/1.2.1/tagsoup-1.2.1.jar:/home/mahendra/.m2/repository/io/rest-assured/json-path/5.4.0/json-path-5.4.0.jar:/home/mahendra/.m2/repository/org/apache/groovy/groovy-json/4.0.16/groovy-json-4.0.16.jar:/home/mahendra/.m2/repository/io/rest-assured/rest-assured-common/5.4.0/rest-assured-common-5.4.0.jar:/home/mahendra/.m2/repository/io/rest-assured/xml-path/5.4.0/xml-path-5.4.0.jar:/home/mahendra/.m2/repository/org/apache/commons/commons-lang3/3.14.0/commons-lang3-3.14.0.jar:/home/mahendra/.m2/repository/io/jsonwebtoken/jjwt-api/0.11.2/jjwt-api-0.11.2.jar:/home/mahendra/.m2/repository/io/jsonwebtoken/jjwt-impl/0.11.2/jjwt-impl-0.11.2.jar:/home/mahendra/.m2/repository/com/fasterxml/jackson/core/jackson-databind/2.13.3/jackson-databind-2.13.3.jar:/home/mahendra/.m2/repository/com/fasterxml/jackson/core/jackson-annotations/2.17.1/jackson-annotations-2.17.1.jar:/home/mahendra/.m2/repository/com/fasterxml/jackson/core/jackson-core/2.17.1/jackson-core-2.17.1.jar:/home/mahendra/.m2/repository/com/fasterxml/jackson/datatype/jackson-datatype-jsr310/2.13.3/jackson-datatype-jsr310-2.13.3.jar:/home/mahendra/.m2/repository/org/bouncycastle/bcprov-jdk15on/1.64/bcprov-jdk15on-1.64.jar:/home/mahendra/.m2/repository/io/jsonwebtoken/jjwt-jackson/0.11.2/jjwt-jackson-0.11.2.jar:/home/mahendra/.m2/repository/org/apache/logging/log4j/log4j-api/2.20.0/log4j-api-2.20.0.jar:/home/mahendra/.m2/repository/org/apache/logging/log4j/log4j-core/2.20.0/log4j-core-2.20.0.jar:/home/mahendra/.m2/repository/org/projectlombok/lombok/1.18.32/lombok-1.18.32.jar:/home/mahendra/.m2/repository/redis/clients/jedis/3.1.0/jedis-3.1.0.jar:/home/mahendra/.m2/repository/org/slf4j/slf4j-api/2.0.6/slf4j-api-2.0.6.jar:/home/mahendra/.m2/repository/org/apache/commons/commons-pool2/2.6.2/commons-pool2-2.6.2.jar:"/>
    <property name="java.vm.vendor" value="Eclipse Adoptium"/>
    <property name="sun.arch.data.model" value="64"/>
    <property name="java.vendor.url" value="https://adoptium.net/"/>
    <property name="user.timezone" value="Asia/Kolkata"/>
    <property name="logging.initial-configurator.min-level" value="500"/>
    <property name="java.vm.specification.version" value="21"/>
    <property name="os.name" value="Linux"/>
    <property name="sun.java.launcher" value="SUN_STANDARD"/>
    <property name="user.country" value="US"/>
    <property name="groovy.use.classvalue" value="false"/>
    <property name="mp.openapi.extensions.smallrye.defaultProduces" value="application/json"/>
    <property name="sun.boot.library.path" value="/home/mahendra/.config/Code/User/globalStorage/pleiades.java-extension-pack-jdk/java/21/lib"/>
    <property name="sun.java.command" value="/home/mahendra/Downloads/resource (backup) (Copy)/target/surefire/surefirebooter-20240919192511943_3.jar /home/mahendra/Downloads/resource (backup) (Copy)/target/surefire 2024-09-19T19-25-11_851-jvmRun1 surefire-20240919192511943_1tmp surefire_0-20240919192511943_2tmp"/>
    <property name="jdk.debug" value="release"/>
    <property name="maven.home" value="/home/mahendra/.m2/wrapper/dists/apache-maven-3.9.6-bin/3311e1d4/apache-maven-3.9.6"/>
    <property name="surefire.test.class.path" value="/home/mahendra/Downloads/resource (backup) (Copy)/target/test-classes:/home/mahendra/Downloads/resource (backup) (Copy)/target/classes:/home/mahendra/.m2/repository/io/quarkus/quarkus-hibernate-orm-rest-data-panache/3.11.3/quarkus-hibernate-orm-rest-data-panache-3.11.3.jar:/home/mahendra/.m2/repository/io/quarkus/quarkus-rest-data-panache/3.11.3/quarkus-rest-data-panache-3.11.3.jar:/home/mahendra/.m2/repository/io/quarkus/quarkus-panache-common/3.11.3/quarkus-panache-common-3.11.3.jar:/home/mahendra/.m2/repository/io/quarkus/quarkus-hal/3.11.3/quarkus-hal-3.11.3.jar:/home/mahendra/.m2/repository/jakarta/ws/rs/jakarta.ws.rs-api/3.1.0/jakarta.ws.rs-api-3.1.0.jar:/home/mahendra/.m2/repository/jakarta/validation/jakarta.validation-api/3.0.2/jakarta.validation-api-3.0.2.jar:/home/mahendra/.m2/repository/io/quarkus/quarkus-hibernate-orm-panache/3.11.3/quarkus-hibernate-orm-panache-3.11.3.jar:/home/mahendra/.m2/repository/io/quarkus/quarkus-hibernate-orm-panache-common/3.11.3/quarkus-hibernate-orm-panache-common-3.11.3.jar:/home/mahendra/.m2/repository/io/quarkus/quarkus-panache-hibernate-common/3.11.3/quarkus-panache-hibernate-common-3.11.3.jar:/home/mahendra/.m2/repository/io/quarkus/quarkus-flyway/3.11.3/quarkus-flyway-3.11.3.jar:/home/mahendra/.m2/repository/io/quarkus/quarkus-core/3.11.3/quarkus-core-3.11.3.jar:/home/mahendra/.m2/repository/jakarta/inject/jakarta.inject-api/2.0.1/jakarta.inject-api-2.0.1.jar:/home/mahendra/.m2/repository/io/smallrye/common/smallrye-common-os/2.3.0/smallrye-common-os-2.3.0.jar:/home/mahendra/.m2/repository/io/quarkus/quarkus-ide-launcher/3.11.3/quarkus-ide-launcher-3.11.3.jar:/home/mahendra/.m2/repository/io/quarkus/quarkus-development-mode-spi/3.11.3/quarkus-development-mode-spi-3.11.3.jar:/home/mahendra/.m2/repository/io/smallrye/config/smallrye-config/3.8.1/smallrye-config-3.8.1.jar:/home/mahendra/.m2/repository/io/smallrye/config/smallrye-config-core/3.8.1/smallrye-config-core-3.8.1.jar:/home/mahendra/.m2/repository/io/smallrye/common/smallrye-common-classloader/2.3.0/smallrye-common-classloader-2.3.0.jar:/home/mahendra/.m2/repository/io/smallrye/config/smallrye-config-common/3.8.1/smallrye-config-common-3.8.1.jar:/home/mahendra/.m2/repository/org/jboss/logging/jboss-logging/3.5.3.Final/jboss-logging-3.5.3.Final.jar:/home/mahendra/.m2/repository/org/jboss/logmanager/jboss-logmanager/3.0.6.Final/jboss-logmanager-3.0.6.Final.jar:/home/mahendra/.m2/repository/io/smallrye/common/smallrye-common-cpu/2.3.0/smallrye-common-cpu-2.3.0.jar:/home/mahendra/.m2/repository/io/smallrye/common/smallrye-common-expression/2.3.0/smallrye-common-expression-2.3.0.jar:/home/mahendra/.m2/repository/io/smallrye/common/smallrye-common-function/2.3.0/smallrye-common-function-2.3.0.jar:/home/mahendra/.m2/repository/io/smallrye/common/smallrye-common-net/2.3.0/smallrye-common-net-2.3.0.jar:/home/mahendra/.m2/repository/io/smallrye/common/smallrye-common-ref/2.3.0/smallrye-common-ref-2.3.0.jar:/home/mahendra/.m2/repository/jakarta/json/jakarta.json-api/2.1.3/jakarta.json-api-2.1.3.jar:/home/mahendra/.m2/repository/org/jboss/logging/jboss-logging-annotations/2.2.1.Final/jboss-logging-annotations-2.2.1.Final.jar:/home/mahendra/.m2/repository/org/jboss/threads/jboss-threads/3.6.1.Final/jboss-threads-3.6.1.Final.jar:/home/mahendra/.m2/repository/org/jboss/slf4j/slf4j-jboss-logmanager/2.0.0.Final/slf4j-jboss-logmanager-2.0.0.Final.jar:/home/mahendra/.m2/repository/org/wildfly/common/wildfly-common/1.7.0.Final/wildfly-common-1.7.0.Final.jar:/home/mahendra/.m2/repository/io/quarkus/quarkus-bootstrap-runner/3.11.3/quarkus-bootstrap-runner-3.11.3.jar:/home/mahendra/.m2/repository/io/quarkus/quarkus-fs-util/0.0.10/quarkus-fs-util-0.0.10.jar:/home/mahendra/.m2/repository/org/flywaydb/flyway-core/10.13.0/flyway-core-10.13.0.jar:/home/mahendra/.m2/repository/com/fasterxml/jackson/dataformat/jackson-dataformat-toml/2.17.1/jackson-dataformat-toml-2.17.1.jar:/home/mahendra/.m2/repository/com/google/code/gson/gson/2.10.1/gson-2.10.1.jar:/home/mahendra/.m2/repository/io/quarkus/quarkus-agroal/3.11.3/quarkus-agroal-3.11.3.jar:/home/mahendra/.m2/repository/io/quarkus/quarkus-datasource/3.11.3/quarkus-datasource-3.11.3.jar:/home/mahendra/.m2/repository/io/agroal/agroal-api/2.4/agroal-api-2.4.jar:/home/mahendra/.m2/repository/io/agroal/agroal-narayana/2.4/agroal-narayana-2.4.jar:/home/mahendra/.m2/repository/org/jboss/jboss-transaction-spi/8.0.0.Final/jboss-transaction-spi-8.0.0.Final.jar:/home/mahendra/.m2/repository/io/agroal/agroal-pool/2.4/agroal-pool-2.4.jar:/home/mahendra/.m2/repository/io/quarkus/quarkus-credentials/3.11.3/quarkus-credentials-3.11.3.jar:/home/mahendra/.m2/repository/io/quarkus/quarkus-narayana-jta/3.11.3/quarkus-narayana-jta-3.11.3.jar:/home/mahendra/.m2/repository/io/quarkus/quarkus-transaction-annotations/3.11.3/quarkus-transaction-annotations-3.11.3.jar:/home/mahendra/.m2/repository/io/smallrye/smallrye-context-propagation-jta/2.1.2/smallrye-context-propagation-jta-2.1.2.jar:/home/mahendra/.m2/repository/jakarta/transaction/jakarta.transaction-api/2.0.1/jakarta.transaction-api-2.0.1.jar:/home/mahendra/.m2/repository/io/smallrye/reactive/smallrye-reactive-converter-api/3.0.1/smallrye-reactive-converter-api-3.0.1.jar:/home/mahendra/.m2/repository/org/reactivestreams/reactive-streams/1.0.4/reactive-streams-1.0.4.jar:/home/mahendra/.m2/repository/io/smallrye/reactive/smallrye-reactive-converter-mutiny/3.0.1/smallrye-reactive-converter-mutiny-3.0.1.jar:/home/mahendra/.m2/repository/io/smallrye/reactive/mutiny-zero-flow-adapters/1.1.0/mutiny-zero-flow-adapters-1.1.0.jar:/home/mahendra/.m2/repository/org/jboss/narayana/jta/narayana-jta/7.0.1.Final/narayana-jta-7.0.1.Final.jar:/home/mahendra/.m2/repository/jakarta/resource/jakarta.resource-api/2.1.0/jakarta.resource-api-2.1.0.jar:/home/mahendra/.m2/repository/org/jboss/invocation/jboss-invocation/2.0.0.Final/jboss-invocation-2.0.0.Final.jar:/home/mahendra/.m2/repository/org/eclipse/microprofile/reactive-streams-operators/microprofile-reactive-streams-operators-api/3.0/microprofile-reactive-streams-operators-api-3.0.jar:/home/mahendra/.m2/repository/org/jboss/narayana/jts/narayana-jts-integration/7.0.1.Final/narayana-jts-integration-7.0.1.Final.jar:/home/mahendra/.m2/repository/io/quarkus/quarkus-datasource-common/3.11.3/quarkus-datasource-common-3.11.3.jar:/home/mahendra/.m2/repository/org/flywaydb/flyway-mysql/10.13.0/flyway-mysql-10.13.0.jar:/home/mahendra/.m2/repository/io/quarkus/quarkus-jdbc-mysql/3.11.3/quarkus-jdbc-mysql-3.11.3.jar:/home/mahendra/.m2/repository/com/mysql/mysql-connector-j/8.3.0/mysql-connector-j-8.3.0.jar:/home/mahendra/.m2/repository/io/quarkus/quarkus-smallrye-openapi/3.11.3/quarkus-smallrye-openapi-3.11.3.jar:/home/mahendra/.m2/repository/io/smallrye/smallrye-open-api-core/3.10.0/smallrye-open-api-core-3.10.0.jar:/home/mahendra/.m2/repository/org/eclipse/microprofile/openapi/microprofile-openapi-api/3.1.1/microprofile-openapi-api-3.1.1.jar:/home/mahendra/.m2/repository/org/eclipse/microprofile/config/microprofile-config-api/3.1/microprofile-config-api-3.1.jar:/home/mahendra/.m2/repository/com/fasterxml/jackson/dataformat/jackson-dataformat-yaml/2.17.1/jackson-dataformat-yaml-2.17.1.jar:/home/mahendra/.m2/repository/org/yaml/snakeyaml/2.2/snakeyaml-2.2.jar:/home/mahendra/.m2/repository/io/smallrye/jandex/3.1.8/jandex-3.1.8.jar:/home/mahendra/.m2/repository/io/quarkus/quarkus-vertx-http/3.11.3/quarkus-vertx-http-3.11.3.jar:/home/mahendra/.m2/repository/io/smallrye/reactive/smallrye-mutiny-vertx-web/3.12.0/smallrye-mutiny-vertx-web-3.12.0.jar:/home/mahendra/.m2/repository/io/smallrye/reactive/smallrye-mutiny-vertx-web-common/3.12.0/smallrye-mutiny-vertx-web-common-3.12.0.jar:/home/mahendra/.m2/repository/io/smallrye/reactive/smallrye-mutiny-vertx-auth-common/3.12.0/smallrye-mutiny-vertx-auth-common-3.12.0.jar:/home/mahendra/.m2/repository/io/smallrye/reactive/smallrye-mutiny-vertx-bridge-common/3.12.0/smallrye-mutiny-vertx-bridge-common-3.12.0.jar:/home/mahendra/.m2/repository/io/smallrye/reactive/smallrye-mutiny-vertx-uri-template/3.12.0/smallrye-mutiny-vertx-uri-template-3.12.0.jar:/home/mahendra/.m2/repository/io/vertx/vertx-uri-template/4.5.7/vertx-uri-template-4.5.7.jar:/home/mahendra/.m2/repository/io/vertx/vertx-web/4.5.7/vertx-web-4.5.7.jar:/home/mahendra/.m2/repository/io/vertx/vertx-web-common/4.5.7/vertx-web-common-4.5.7.jar:/home/mahendra/.m2/repository/io/vertx/vertx-auth-common/4.5.7/vertx-auth-common-4.5.7.jar:/home/mahendra/.m2/repository/io/vertx/vertx-bridge-common/4.5.7/vertx-bridge-common-4.5.7.jar:/home/mahendra/.m2/repository/io/github/crac/org-crac/0.1.3/org-crac-0.1.3.jar:/home/mahendra/.m2/repository/io/quarkus/quarkus-swagger-ui/3.11.3/quarkus-swagger-ui-3.11.3.jar:/home/mahendra/.m2/repository/io/quarkus/quarkus-smallrye-jwt/3.11.3/quarkus-smallrye-jwt-3.11.3.jar:/home/mahendra/.m2/repository/io/smallrye/smallrye-jwt/4.5.2/smallrye-jwt-4.5.2.jar:/home/mahendra/.m2/repository/org/eclipse/microprofile/jwt/microprofile-jwt-auth-api/2.1/microprofile-jwt-auth-api-2.1.jar:/home/mahendra/.m2/repository/org/bitbucket/b_c/jose4j/0.9.6/jose4j-0.9.6.jar:/home/mahendra/.m2/repository/io/smallrye/smallrye-jwt-common/4.5.2/smallrye-jwt-common-4.5.2.jar:/home/mahendra/.m2/repository/jakarta/annotation/jakarta.annotation-api/3.0.0/jakarta.annotation-api-3.0.0.jar:/home/mahendra/.m2/repository/io/quarkus/quarkus-jsonp/3.11.3/quarkus-jsonp-3.11.3.jar:/home/mahendra/.m2/repository/org/eclipse/parsson/parsson/1.1.6/parsson-1.1.6.jar:/home/mahendra/.m2/repository/io/quarkus/quarkus-smallrye-jwt-build/3.11.3/quarkus-smallrye-jwt-build-3.11.3.jar:/home/mahendra/.m2/repository/io/smallrye/smallrye-jwt-build/4.5.2/smallrye-jwt-build-4.5.2.jar:/home/mahendra/.m2/repository/io/quarkus/quarkus-oidc/3.11.3/quarkus-oidc-3.11.3.jar:/home/mahendra/.m2/repository/io/quarkus/quarkus-oidc-common/3.11.3/quarkus-oidc-common-3.11.3.jar:/home/mahendra/.m2/repository/io/smallrye/reactive/smallrye-mutiny-vertx-web-client/3.12.0/smallrye-mutiny-vertx-web-client-3.12.0.jar:/home/mahendra/.m2/repository/io/vertx/vertx-web-client/4.5.7/vertx-web-client-4.5.7.jar:/home/mahendra/.m2/repository/io/quarkus/quarkus-rest-jsonb/3.11.3/quarkus-rest-jsonb-3.11.3.jar:/home/mahendra/.m2/repository/io/quarkus/resteasy/reactive/resteasy-reactive-jsonb/3.11.3/resteasy-reactive-jsonb-3.11.3.jar:/home/mahendra/.m2/repository/io/quarkus/resteasy/reactive/resteasy-reactive/3.11.3/resteasy-reactive-3.11.3.jar:/home/mahendra/.m2/repository/io/quarkus/resteasy/reactive/resteasy-reactive-common/3.11.3/resteasy-reactive-common-3.11.3.jar:/home/mahendra/.m2/repository/io/quarkus/resteasy/reactive/resteasy-reactive-common-types/3.11.3/resteasy-reactive-common-types-3.11.3.jar:/home/mahendra/.m2/repository/org/eclipse/yasson/3.0.3/yasson-3.0.3.jar:/home/mahendra/.m2/repository/jakarta/json/bind/jakarta.json.bind-api/3.0.1/jakarta.json.bind-api-3.0.1.jar:/home/mahendra/.m2/repository/org/jboss/logging/commons-logging-jboss-logging/1.0.0.Final/commons-logging-jboss-logging-1.0.0.Final.jar:/home/mahendra/.m2/repository/jakarta/xml/bind/jakarta.xml.bind-api/4.0.2/jakarta.xml.bind-api-4.0.2.jar:/home/mahendra/.m2/repository/jakarta/activation/jakarta.activation-api/2.1.3/jakarta.activation-api-2.1.3.jar:/home/mahendra/.m2/repository/io/quarkus/quarkus-rest/3.11.3/quarkus-rest-3.11.3.jar:/home/mahendra/.m2/repository/io/quarkus/quarkus-rest-common/3.11.3/quarkus-rest-common-3.11.3.jar:/home/mahendra/.m2/repository/io/quarkus/resteasy/reactive/resteasy-reactive-vertx/3.11.3/resteasy-reactive-vertx-3.11.3.jar:/home/mahendra/.m2/repository/io/quarkus/quarkus-rest-jsonb-common/3.11.3/quarkus-rest-jsonb-common-3.11.3.jar:/home/mahendra/.m2/repository/io/quarkus/quarkus-jsonb/3.11.3/quarkus-jsonb-3.11.3.jar:/home/mahendra/.m2/repository/io/quarkus/quarkus-rest-client/3.11.3/quarkus-rest-client-3.11.3.jar:/home/mahendra/.m2/repository/io/quarkus/quarkus-rest-client-jaxrs/3.11.3/quarkus-rest-client-jaxrs-3.11.3.jar:/home/mahendra/.m2/repository/io/quarkus/resteasy/reactive/resteasy-reactive-client/3.11.3/resteasy-reactive-client-3.11.3.jar:/home/mahendra/.m2/repository/io/quarkus/quarkus-smallrye-stork/3.11.3/quarkus-smallrye-stork-3.11.3.jar:/home/mahendra/.m2/repository/io/quarkus/quarkus-rest-client-config/3.11.3/quarkus-rest-client-config-3.11.3.jar:/home/mahendra/.m2/repository/io/smallrye/stork/stork-api/2.6.0/stork-api-2.6.0.jar:/home/mahendra/.m2/repository/io/smallrye/reactive/mutiny/2.6.0/mutiny-2.6.0.jar:/home/mahendra/.m2/repository/org/jctools/jctools-core/4.0.3/jctools-core-4.0.3.jar:/home/mahendra/.m2/repository/io/smallrye/stork/stork-core/2.6.0/stork-core-2.6.0.jar:/home/mahendra/.m2/repository/org/eclipse/microprofile/rest/client/microprofile-rest-client-api/3.0.1/microprofile-rest-client-api-3.0.1.jar:/home/mahendra/.m2/repository/io/quarkus/quarkus-rest-client-jackson/3.11.3/quarkus-rest-client-jackson-3.11.3.jar:/home/mahendra/.m2/repository/io/quarkus/resteasy/reactive/resteasy-reactive-jackson/3.11.3/resteasy-reactive-jackson-3.11.3.jar:/home/mahendra/.m2/repository/io/quarkus/quarkus-rest-jackson-common/3.11.3/quarkus-rest-jackson-common-3.11.3.jar:/home/mahendra/.m2/repository/io/quarkus/quarkus-jackson/3.11.3/quarkus-jackson-3.11.3.jar:/home/mahendra/.m2/repository/com/fasterxml/jackson/datatype/jackson-datatype-jdk8/2.17.1/jackson-datatype-jdk8-2.17.1.jar:/home/mahendra/.m2/repository/com/fasterxml/jackson/module/jackson-module-parameter-names/2.17.1/jackson-module-parameter-names-2.17.1.jar:/home/mahendra/.m2/repository/io/quarkus/quarkus-security-jpa/3.11.3/quarkus-security-jpa-3.11.3.jar:/home/mahendra/.m2/repository/io/quarkus/quarkus-security-jpa-common/3.11.3/quarkus-security-jpa-common-3.11.3.jar:/home/mahendra/.m2/repository/io/quarkus/quarkus-elytron-security-common/3.11.3/quarkus-elytron-security-common-3.11.3.jar:/home/mahendra/.m2/repository/org/wildfly/security/wildfly-elytron-credential/2.4.2.Final/wildfly-elytron-credential-2.4.2.Final.jar:/home/mahendra/.m2/repository/org/wildfly/security/wildfly-elytron-asn1/2.4.2.Final/wildfly-elytron-asn1-2.4.2.Final.jar:/home/mahendra/.m2/repository/org/wildfly/security/wildfly-elytron-keystore/2.4.2.Final/wildfly-elytron-keystore-2.4.2.Final.jar:/home/mahendra/.m2/repository/org/wildfly/security/wildfly-elytron-util/2.4.2.Final/wildfly-elytron-util-2.4.2.Final.jar:/home/mahendra/.m2/repository/org/wildfly/security/wildfly-elytron-base/2.4.2.Final/wildfly-elytron-base-2.4.2.Final.jar:/home/mahendra/.m2/repository/org/wildfly/security/wildfly-elytron-x500-cert/2.4.2.Final/wildfly-elytron-x500-cert-2.4.2.Final.jar:/home/mahendra/.m2/repository/org/wildfly/security/wildfly-elytron-x500-cert-util/2.4.2.Final/wildfly-elytron-x500-cert-util-2.4.2.Final.jar:/home/mahendra/.m2/repository/org/wildfly/security/wildfly-elytron-provider-util/2.4.2.Final/wildfly-elytron-provider-util-2.4.2.Final.jar:/home/mahendra/.m2/repository/org/wildfly/security/wildfly-elytron-x500/2.4.2.Final/wildfly-elytron-x500-2.4.2.Final.jar:/home/mahendra/.m2/repository/org/wildfly/security/wildfly-elytron-password-impl/2.4.2.Final/wildfly-elytron-password-impl-2.4.2.Final.jar:/home/mahendra/.m2/repository/jakarta/persistence/jakarta.persistence-api/3.1.0/jakarta.persistence-api-3.1.0.jar:/home/mahendra/.m2/repository/io/quarkus/quarkus-hibernate-orm/3.11.3/quarkus-hibernate-orm-3.11.3.jar:/home/mahendra/.m2/repository/org/hibernate/orm/hibernate-core/6.5.2.Final/hibernate-core-6.5.2.Final.jar:/home/mahendra/.m2/repository/com/fasterxml/classmate/1.7.0/classmate-1.7.0.jar:/home/mahendra/.m2/repository/org/antlr/antlr4-runtime/4.13.0/antlr4-runtime-4.13.0.jar:/home/mahendra/.m2/repository/net/bytebuddy/byte-buddy/1.14.15/byte-buddy-1.14.15.jar:/home/mahendra/.m2/repository/org/hibernate/common/hibernate-commons-annotations/6.0.6.Final/hibernate-commons-annotations-6.0.6.Final.jar:/home/mahendra/.m2/repository/org/hibernate/orm/hibernate-graalvm/6.5.2.Final/hibernate-graalvm-6.5.2.Final.jar:/home/mahendra/.m2/repository/org/glassfish/jaxb/jaxb-runtime/4.0.5/jaxb-runtime-4.0.5.jar:/home/mahendra/.m2/repository/org/glassfish/jaxb/jaxb-core/4.0.5/jaxb-core-4.0.5.jar:/home/mahendra/.m2/repository/org/eclipse/angus/angus-activation/2.0.2/angus-activation-2.0.2.jar:/home/mahendra/.m2/repository/org/glassfish/jaxb/txw2/4.0.5/txw2-4.0.5.jar:/home/mahendra/.m2/repository/com/sun/istack/istack-commons-runtime/4.1.2/istack-commons-runtime-4.1.2.jar:/home/mahendra/.m2/repository/org/hibernate/quarkus-local-cache/0.3.0/quarkus-local-cache-0.3.0.jar:/home/mahendra/.m2/repository/io/quarkus/quarkus-caffeine/3.11.3/quarkus-caffeine-3.11.3.jar:/home/mahendra/.m2/repository/com/github/ben-manes/caffeine/caffeine/3.1.5/caffeine-3.1.5.jar:/home/mahendra/.m2/repository/com/google/errorprone/error_prone_annotations/2.27.1/error_prone_annotations-2.27.1.jar:/home/mahendra/.m2/repository/io/quarkus/quarkus-security/3.11.3/quarkus-security-3.11.3.jar:/home/mahendra/.m2/repository/io/quarkus/quarkus-security-runtime-spi/3.11.3/quarkus-security-runtime-spi-3.11.3.jar:/home/mahendra/.m2/repository/jakarta/interceptor/jakarta.interceptor-api/2.2.0/jakarta.interceptor-api-2.2.0.jar:/home/mahendra/.m2/repository/io/quarkus/security/quarkus-security/2.0.3.Final/quarkus-security-2.0.3.Final.jar:/home/mahendra/.m2/repository/jakarta/enterprise/jakarta.enterprise.cdi-api/4.1.0/jakarta.enterprise.cdi-api-4.1.0.jar:/home/mahendra/.m2/repository/jakarta/enterprise/jakarta.enterprise.lang-model/4.1.0/jakarta.enterprise.lang-model-4.1.0.jar:/home/mahendra/.m2/repository/jakarta/el/jakarta.el-api/5.0.1/jakarta.el-api-5.0.1.jar:/home/mahendra/.m2/repository/io/quarkus/quarkus-vertx/3.11.3/quarkus-vertx-3.11.3.jar:/home/mahendra/.m2/repository/io/quarkus/quarkus-netty/3.11.3/quarkus-netty-3.11.3.jar:/home/mahendra/.m2/repository/io/netty/netty-codec/4.1.108.Final/netty-codec-4.1.108.Final.jar:/home/mahendra/.m2/repository/io/netty/netty-common/4.1.108.Final/netty-common-4.1.108.Final.jar:/home/mahendra/.m2/repository/io/netty/netty-codec-http/4.1.108.Final/netty-codec-http-4.1.108.Final.jar:/home/mahendra/.m2/repository/io/netty/netty-codec-http2/4.1.108.Final/netty-codec-http2-4.1.108.Final.jar:/home/mahendra/.m2/repository/io/netty/netty-handler/4.1.108.Final/netty-handler-4.1.108.Final.jar:/home/mahendra/.m2/repository/io/netty/netty-resolver/4.1.108.Final/netty-resolver-4.1.108.Final.jar:/home/mahendra/.m2/repository/io/netty/netty-transport-native-unix-common/4.1.108.Final/netty-transport-native-unix-common-4.1.108.Final.jar:/home/mahendra/.m2/repository/com/aayushatharva/brotli4j/brotli4j/1.16.0/brotli4j-1.16.0.jar:/home/mahendra/.m2/repository/com/aayushatharva/brotli4j/service/1.16.0/service-1.16.0.jar:/home/mahendra/.m2/repository/com/aayushatharva/brotli4j/native-linux-x86_64/1.16.0/native-linux-x86_64-1.16.0.jar:/home/mahendra/.m2/repository/io/netty/netty-codec-haproxy/4.1.108.Final/netty-codec-haproxy-4.1.108.Final.jar:/home/mahendra/.m2/repository/io/netty/netty-buffer/4.1.108.Final/netty-buffer-4.1.108.Final.jar:/home/mahendra/.m2/repository/io/netty/netty-transport/4.1.108.Final/netty-transport-4.1.108.Final.jar:/home/mahendra/.m2/repository/io/smallrye/common/smallrye-common-annotation/2.3.0/smallrye-common-annotation-2.3.0.jar:/home/mahendra/.m2/repository/io/smallrye/common/smallrye-common-vertx-context/2.3.0/smallrye-common-vertx-context-2.3.0.jar:/home/mahendra/.m2/repository/io/vertx/vertx-core/4.5.7/vertx-core-4.5.7.jar:/home/mahendra/.m2/repository/io/netty/netty-handler-proxy/4.1.108.Final/netty-handler-proxy-4.1.108.Final.jar:/home/mahendra/.m2/repository/io/netty/netty-codec-socks/4.1.108.Final/netty-codec-socks-4.1.108.Final.jar:/home/mahendra/.m2/repository/io/netty/netty-resolver-dns/4.1.108.Final/netty-resolver-dns-4.1.108.Final.jar:/home/mahendra/.m2/repository/io/netty/netty-codec-dns/4.1.108.Final/netty-codec-dns-4.1.108.Final.jar:/home/mahendra/.m2/repository/io/smallrye/common/smallrye-common-constraint/2.3.0/smallrye-common-constraint-2.3.0.jar:/home/mahendra/.m2/repository/io/quarkus/quarkus-mutiny/3.11.3/quarkus-mutiny-3.11.3.jar:/home/mahendra/.m2/repository/io/quarkus/quarkus-smallrye-context-propagation/3.11.3/quarkus-smallrye-context-propagation-3.11.3.jar:/home/mahendra/.m2/repository/io/smallrye/smallrye-context-propagation/2.1.2/smallrye-context-propagation-2.1.2.jar:/home/mahendra/.m2/repository/io/smallrye/smallrye-context-propagation-api/2.1.2/smallrye-context-propagation-api-2.1.2.jar:/home/mahendra/.m2/repository/io/smallrye/smallrye-context-propagation-storage/2.1.2/smallrye-context-propagation-storage-2.1.2.jar:/home/mahendra/.m2/repository/io/smallrye/reactive/mutiny-smallrye-context-propagation/2.6.0/mutiny-smallrye-context-propagation-2.6.0.jar:/home/mahendra/.m2/repository/io/quarkus/quarkus-virtual-threads/3.11.3/quarkus-virtual-threads-3.11.3.jar:/home/mahendra/.m2/repository/io/quarkus/quarkus-vertx-latebound-mdc-provider/3.11.3/quarkus-vertx-latebound-mdc-provider-3.11.3.jar:/home/mahendra/.m2/repository/io/smallrye/reactive/smallrye-mutiny-vertx-core/3.12.0/smallrye-mutiny-vertx-core-3.12.0.jar:/home/mahendra/.m2/repository/io/smallrye/reactive/smallrye-mutiny-vertx-runtime/3.12.0/smallrye-mutiny-vertx-runtime-3.12.0.jar:/home/mahendra/.m2/repository/io/smallrye/reactive/vertx-mutiny-generator/3.12.0/vertx-mutiny-generator-3.12.0.jar:/home/mahendra/.m2/repository/io/vertx/vertx-codegen/4.5.7/vertx-codegen-4.5.7.jar:/home/mahendra/.m2/repository/io/smallrye/smallrye-fault-tolerance-vertx/6.3.0/smallrye-fault-tolerance-vertx-6.3.0.jar:/home/mahendra/.m2/repository/io/quarkus/quarkus-arc/3.11.3/quarkus-arc-3.11.3.jar:/home/mahendra/.m2/repository/io/quarkus/arc/arc/3.11.3/arc-3.11.3.jar:/home/mahendra/.m2/repository/org/eclipse/microprofile/context-propagation/microprofile-context-propagation-api/1.3/microprofile-context-propagation-api-1.3.jar:/home/mahendra/.m2/repository/io/quarkus/quarkus-junit5/3.11.3/quarkus-junit5-3.11.3.jar:/home/mahendra/.m2/repository/io/quarkus/quarkus-bootstrap-core/3.11.3/quarkus-bootstrap-core-3.11.3.jar:/home/mahendra/.m2/repository/io/quarkus/quarkus-classloader-commons/3.11.3/quarkus-classloader-commons-3.11.3.jar:/home/mahendra/.m2/repository/io/quarkus/quarkus-bootstrap-app-model/3.11.3/quarkus-bootstrap-app-model-3.11.3.jar:/home/mahendra/.m2/repository/io/smallrye/common/smallrye-common-io/2.3.0/smallrye-common-io-2.3.0.jar:/home/mahendra/.m2/repository/org/eclipse/sisu/org.eclipse.sisu.inject/0.9.0.M2/org.eclipse.sisu.inject-0.9.0.M2.jar:/home/mahendra/.m2/repository/io/quarkus/quarkus-test-common/3.11.3/quarkus-test-common-3.11.3.jar:/home/mahendra/.m2/repository/io/quarkus/quarkus-core-deployment/3.11.3/quarkus-core-deployment-3.11.3.jar:/home/mahendra/.m2/repository/org/aesh/readline/2.4/readline-2.4.jar:/home/mahendra/.m2/repository/org/fusesource/jansi/jansi/2.4.0/jansi-2.4.0.jar:/home/mahendra/.m2/repository/org/aesh/aesh/2.7/aesh-2.7.jar:/home/mahendra/.m2/repository/io/quarkus/gizmo/gizmo/1.8.0/gizmo-1.8.0.jar:/home/mahendra/.m2/repository/org/ow2/asm/asm-util/9.7/asm-util-9.7.jar:/home/mahendra/.m2/repository/org/ow2/asm/asm-analysis/9.7/asm-analysis-9.7.jar:/home/mahendra/.m2/repository/org/ow2/asm/asm/9.7/asm-9.7.jar:/home/mahendra/.m2/repository/org/ow2/asm/asm-commons/9.7/asm-commons-9.7.jar:/home/mahendra/.m2/repository/org/ow2/asm/asm-tree/9.7/asm-tree-9.7.jar:/home/mahendra/.m2/repository/io/quarkus/quarkus-hibernate-validator-spi/3.11.3/quarkus-hibernate-validator-spi-3.11.3.jar:/home/mahendra/.m2/repository/io/quarkus/quarkus-class-change-agent/3.11.3/quarkus-class-change-agent-3.11.3.jar:/home/mahendra/.m2/repository/io/quarkus/quarkus-devtools-utilities/3.11.3/quarkus-devtools-utilities-3.11.3.jar:/home/mahendra/.m2/repository/io/quarkus/quarkus-builder/3.11.3/quarkus-builder-3.11.3.jar:/home/mahendra/.m2/repository/org/graalvm/sdk/nativeimage/23.1.2/nativeimage-23.1.2.jar:/home/mahendra/.m2/repository/org/graalvm/sdk/word/23.1.2/word-23.1.2.jar:/home/mahendra/.m2/repository/org/junit/platform/junit-platform-launcher/1.10.2/junit-platform-launcher-1.10.2.jar:/home/mahendra/.m2/repository/io/quarkus/quarkus-bootstrap-maven-resolver/3.11.3/quarkus-bootstrap-maven-resolver-3.11.3.jar:/home/mahendra/.m2/repository/io/smallrye/beanbag/smallrye-beanbag-maven/1.5.2/smallrye-beanbag-maven-1.5.2.jar:/home/mahendra/.m2/repository/io/smallrye/beanbag/smallrye-beanbag-sisu/1.5.2/smallrye-beanbag-sisu-1.5.2.jar:/home/mahendra/.m2/repository/io/smallrye/beanbag/smallrye-beanbag/1.5.2/smallrye-beanbag-1.5.2.jar:/home/mahendra/.m2/repository/javax/inject/javax.inject/1/javax.inject-1.jar:/home/mahendra/.m2/repository/org/apache/maven/maven-artifact/3.9.6/maven-artifact-3.9.6.jar:/home/mahendra/.m2/repository/org/apache/maven/maven-builder-support/3.9.6/maven-builder-support-3.9.6.jar:/home/mahendra/.m2/repository/org/apache/maven/maven-model/3.9.6/maven-model-3.9.6.jar:/home/mahendra/.m2/repository/org/apache/maven/maven-model-builder/3.9.6/maven-model-builder-3.9.6.jar:/home/mahendra/.m2/repository/org/apache/maven/maven-repository-metadata/3.9.6/maven-repository-metadata-3.9.6.jar:/home/mahendra/.m2/repository/org/apache/maven/maven-settings/3.9.6/maven-settings-3.9.6.jar:/home/mahendra/.m2/repository/org/apache/maven/resolver/maven-resolver-api/1.9.18/maven-resolver-api-1.9.18.jar:/home/mahendra/.m2/repository/org/apache/maven/resolver/maven-resolver-impl/1.9.18/maven-resolver-impl-1.9.18.jar:/home/mahendra/.m2/repository/org/apache/maven/resolver/maven-resolver-named-locks/1.9.18/maven-resolver-named-locks-1.9.18.jar:/home/mahendra/.m2/repository/org/apache/maven/resolver/maven-resolver-spi/1.9.18/maven-resolver-spi-1.9.18.jar:/home/mahendra/.m2/repository/org/apache/maven/resolver/maven-resolver-util/1.9.18/maven-resolver-util-1.9.18.jar:/home/mahendra/.m2/repository/org/apache/maven/resolver/maven-resolver-transport-http/1.9.20/maven-resolver-transport-http-1.9.20.jar:/home/mahendra/.m2/repository/org/apache/maven/wagon/wagon-provider-api/3.5.3/wagon-provider-api-3.5.3.jar:/home/mahendra/.m2/repository/org/apache/maven/wagon/wagon-http-shared/3.5.3/wagon-http-shared-3.5.3.jar:/home/mahendra/.m2/repository/org/codehaus/plexus/plexus-interpolation/1.26/plexus-interpolation-1.26.jar:/home/mahendra/.m2/repository/org/codehaus/plexus/plexus-utils/3.5.1/plexus-utils-3.5.1.jar:/home/mahendra/.m2/repository/org/codehaus/plexus/plexus-xml/4.0.1/plexus-xml-4.0.1.jar:/home/mahendra/.m2/repository/org/apache/maven/maven-xml-impl/4.0.0-alpha-5/maven-xml-impl-4.0.0-alpha-5.jar:/home/mahendra/.m2/repository/org/apache/maven/maven-api-xml/4.0.0-alpha-5/maven-api-xml-4.0.0-alpha-5.jar:/home/mahendra/.m2/repository/org/apache/maven/maven-api-meta/4.0.0-alpha-5/maven-api-meta-4.0.0-alpha-5.jar:/home/mahendra/.m2/repository/org/codehaus/plexus/plexus-cipher/2.0/plexus-cipher-2.0.jar:/home/mahendra/.m2/repository/org/codehaus/plexus/plexus-sec-dispatcher/2.0/plexus-sec-dispatcher-2.0.jar:/home/mahendra/.m2/repository/org/apache/maven/maven-embedder/3.9.6/maven-embedder-3.9.6.jar:/home/mahendra/.m2/repository/org/apache/maven/maven-core/3.9.6/maven-core-3.9.6.jar:/home/mahendra/.m2/repository/org/codehaus/plexus/plexus-component-annotations/2.1.0/plexus-component-annotations-2.1.0.jar:/home/mahendra/.m2/repository/org/apache/maven/maven-plugin-api/3.9.6/maven-plugin-api-3.9.6.jar:/home/mahendra/.m2/repository/org/apache/maven/shared/maven-shared-utils/3.3.4/maven-shared-utils-3.3.4.jar:/home/mahendra/.m2/repository/com/google/inject/guice/5.1.0/guice-5.1.0.jar:/home/mahendra/.m2/repository/aopalliance/aopalliance/1.0/aopalliance-1.0.jar:/home/mahendra/.m2/repository/com/google/guava/guava/33.2.0-jre/guava-33.2.0-jre.jar:/home/mahendra/.m2/repository/com/google/guava/failureaccess/1.0.1/failureaccess-1.0.1.jar:/home/mahendra/.m2/repository/javax/annotation/javax.annotation-api/1.3.2/javax.annotation-api-1.3.2.jar:/home/mahendra/.m2/repository/org/codehaus/plexus/plexus-classworlds/2.6.0/plexus-classworlds-2.6.0.jar:/home/mahendra/.m2/repository/commons-cli/commons-cli/1.5.0/commons-cli-1.5.0.jar:/home/mahendra/.m2/repository/org/eclipse/sisu/org.eclipse.sisu.plexus/0.9.0.M2/org.eclipse.sisu.plexus-0.9.0.M2.jar:/home/mahendra/.m2/repository/org/apache/maven/maven-settings-builder/3.9.6/maven-settings-builder-3.9.6.jar:/home/mahendra/.m2/repository/org/apache/maven/maven-resolver-provider/3.9.6/maven-resolver-provider-3.9.6.jar:/home/mahendra/.m2/repository/org/apache/maven/resolver/maven-resolver-connector-basic/1.9.18/maven-resolver-connector-basic-1.9.18.jar:/home/mahendra/.m2/repository/org/apache/maven/resolver/maven-resolver-transport-wagon/1.9.18/maven-resolver-transport-wagon-1.9.18.jar:/home/mahendra/.m2/repository/org/apache/maven/wagon/wagon-http/3.5.3/wagon-http-3.5.3.jar:/home/mahendra/.m2/repository/org/apache/maven/wagon/wagon-file/3.5.3/wagon-file-3.5.3.jar:/home/mahendra/.m2/repository/io/quarkus/quarkus-bootstrap-gradle-resolver/3.11.3/quarkus-bootstrap-gradle-resolver-3.11.3.jar:/home/mahendra/.m2/repository/commons-io/commons-io/2.16.1/commons-io-2.16.1.jar:/home/mahendra/.m2/repository/io/quarkus/quarkus-junit5-properties/3.11.3/quarkus-junit5-properties-3.11.3.jar:/home/mahendra/.m2/repository/org/junit/jupiter/junit-jupiter/5.10.2/junit-jupiter-5.10.2.jar:/home/mahendra/.m2/repository/org/junit/jupiter/junit-jupiter-api/5.10.2/junit-jupiter-api-5.10.2.jar:/home/mahendra/.m2/repository/org/opentest4j/opentest4j/1.3.0/opentest4j-1.3.0.jar:/home/mahendra/.m2/repository/org/junit/platform/junit-platform-commons/1.10.2/junit-platform-commons-1.10.2.jar:/home/mahendra/.m2/repository/org/apiguardian/apiguardian-api/1.1.2/apiguardian-api-1.1.2.jar:/home/mahendra/.m2/repository/org/junit/jupiter/junit-jupiter-params/5.10.2/junit-jupiter-params-5.10.2.jar:/home/mahendra/.m2/repository/org/junit/jupiter/junit-jupiter-engine/5.10.2/junit-jupiter-engine-5.10.2.jar:/home/mahendra/.m2/repository/org/junit/platform/junit-platform-engine/1.10.2/junit-platform-engine-1.10.2.jar:/home/mahendra/.m2/repository/com/thoughtworks/xstream/xstream/1.4.20/xstream-1.4.20.jar:/home/mahendra/.m2/repository/io/github/x-stream/mxparser/1.2.2/mxparser-1.2.2.jar:/home/mahendra/.m2/repository/xmlpull/xmlpull/1.1.3.1/xmlpull-1.1.3.1.jar:/home/mahendra/.m2/repository/io/quarkus/quarkus-junit5-mockito/3.11.3/quarkus-junit5-mockito-3.11.3.jar:/home/mahendra/.m2/repository/org/mockito/mockito-junit-jupiter/5.11.0/mockito-junit-jupiter-5.11.0.jar:/home/mahendra/.m2/repository/org/mockito/mockito-core/5.11.0/mockito-core-5.11.0.jar:/home/mahendra/.m2/repository/net/bytebuddy/byte-buddy-agent/1.14.12/byte-buddy-agent-1.14.12.jar:/home/mahendra/.m2/repository/org/objenesis/objenesis/3.3/objenesis-3.3.jar:/home/mahendra/.m2/repository/io/quarkus/quarkus-junit5-mockito-config/3.11.3/quarkus-junit5-mockito-config-3.11.3.jar:/home/mahendra/.m2/repository/io/quarkus/quarkus-arc-deployment/3.11.3/quarkus-arc-deployment-3.11.3.jar:/home/mahendra/.m2/repository/io/quarkus/quarkus-smallrye-context-propagation-spi/3.11.3/quarkus-smallrye-context-propagation-spi-3.11.3.jar:/home/mahendra/.m2/repository/io/quarkus/quarkus-vertx-http-dev-ui-spi/3.11.3/quarkus-vertx-http-dev-ui-spi-3.11.3.jar:/home/mahendra/.m2/repository/io/quarkus/arc/arc-processor/3.11.3/arc-processor-3.11.3.jar:/home/mahendra/.m2/repository/io/quarkus/quarkus-arc-test-supplement/3.11.3/quarkus-arc-test-supplement-3.11.3.jar:/home/mahendra/.m2/repository/org/mockito/mockito-subclass/5.11.0/mockito-subclass-5.11.0.jar:/home/mahendra/.m2/repository/io/rest-assured/rest-assured/5.4.0/rest-assured-5.4.0.jar:/home/mahendra/.m2/repository/org/apache/groovy/groovy/4.0.16/groovy-4.0.16.jar:/home/mahendra/.m2/repository/org/apache/groovy/groovy-xml/4.0.16/groovy-xml-4.0.16.jar:/home/mahendra/.m2/repository/org/apache/httpcomponents/httpclient/4.5.14/httpclient-4.5.14.jar:/home/mahendra/.m2/repository/org/apache/httpcomponents/httpcore/4.4.16/httpcore-4.4.16.jar:/home/mahendra/.m2/repository/commons-codec/commons-codec/1.17.0/commons-codec-1.17.0.jar:/home/mahendra/.m2/repository/org/apache/httpcomponents/httpmime/4.5.14/httpmime-4.5.14.jar:/home/mahendra/.m2/repository/org/hamcrest/hamcrest/2.2/hamcrest-2.2.jar:/home/mahendra/.m2/repository/org/ccil/cowan/tagsoup/tagsoup/1.2.1/tagsoup-1.2.1.jar:/home/mahendra/.m2/repository/io/rest-assured/json-path/5.4.0/json-path-5.4.0.jar:/home/mahendra/.m2/repository/org/apache/groovy/groovy-json/4.0.16/groovy-json-4.0.16.jar:/home/mahendra/.m2/repository/io/rest-assured/rest-assured-common/5.4.0/rest-assured-common-5.4.0.jar:/home/mahendra/.m2/repository/io/rest-assured/xml-path/5.4.0/xml-path-5.4.0.jar:/home/mahendra/.m2/repository/org/apache/commons/commons-lang3/3.14.0/commons-lang3-3.14.0.jar:/home/mahendra/.m2/repository/io/jsonwebtoken/jjwt-api/0.11.2/jjwt-api-0.11.2.jar:/home/mahendra/.m2/repository/io/jsonwebtoken/jjwt-impl/0.11.2/jjwt-impl-0.11.2.jar:/home/mahendra/.m2/repository/com/fasterxml/jackson/core/jackson-databind/2.13.3/jackson-databind-2.13.3.jar:/home/mahendra/.m2/repository/com/fasterxml/jackson/core/jackson-annotations/2.17.1/jackson-annotations-2.17.1.jar:/home/mahendra/.m2/repository/com/fasterxml/jackson/core/jackson-core/2.17.1/jackson-core-2.17.1.jar:/home/mahendra/.m2/repository/com/fasterxml/jackson/datatype/jackson-datatype-jsr310/2.13.3/jackson-datatype-jsr310-2.13.3.jar:/home/mahendra/.m2/repository/org/bouncycastle/bcprov-jdk15on/1.64/bcprov-jdk15on-1.64.jar:/home/mahendra/.m2/repository/io/jsonwebtoken/jjwt-jackson/0.11.2/jjwt-jackson-0.11.2.jar:/home/mahendra/.m2/repository/org/apache/logging/log4j/log4j-api/2.20.0/log4j-api-2.20.0.jar:/home/mahendra/.m2/repository/org/apache/logging/log4j/log4j-core/2.20.0/log4j-core-2.20.0.jar:/home/mahendra/.m2/repository/org/projectlombok/lombok/1.18.32/lombok-1.18.32.jar:/home/mahendra/.m2/repository/redis/clients/jedis/3.1.0/jedis-3.1.0.jar:/home/mahendra/.m2/repository/org/slf4j/slf4j-api/2.0.6/slf4j-api-2.0.6.jar:/home/mahendra/.m2/repository/org/apache/commons/commons-pool2/2.6.2/commons-pool2-2.6.2.jar:"/>
    <property name="sun.cpu.endian" value="little"/>
    <property name="vertx.disableWebsockets" value="true"/>
    <property name="user.home" value="/home/mahendra"/>
    <property name="user.language" value="en"/>
    <property name="jboss.log-version" value="false"/>
    <property name="mp.openapi.extensions.smallrye.defaultPrimitivesConsumes" value="text/plain"/>
    <property name="java.specification.vendor" value="Oracle Corporation"/>
    <property name="io.netty.allocator.maxOrder" value="3"/>
    <property name="java.version.date" value="2024-07-16"/>
    <property name="java.home" value="/home/mahendra/.config/Code/User/globalStorage/pleiades.java-extension-pack-jdk/java/21"/>
    <property name="file.separator" value="/"/>
    <property name="basedir" value="/home/mahendra/Downloads/resource (backup) (Copy)"/>
    <property name="java.vm.compressedOopsMode" value="32-bit"/>
    <property name="line.separator" value="&#10;"/>
    <property name="java.vm.specification.vendor" value="Oracle Corporation"/>
    <property name="java.specification.name" value="Java Platform API Specification"/>
    <property name="surefire.real.class.path" value="/home/mahendra/Downloads/resource (backup) (Copy)/target/surefire/surefirebooter-20240919192511943_3.jar"/>
    <property name="mp.openapi.extensions.smallrye.defaultStreamingConsumes" value="application/octet-stream"/>
    <property name="polyglot.engine.WarnInterpreterOnly" value="false"/>
    <property name="sun.management.compiler" value="HotSpot 64-Bit Tiered Compilers"/>
    <property name="mp.openapi.extensions.smallrye.defaultPrimitivesProduces" value="text/plain"/>
    <property name="java.runtime.version" value="21.0.4+7-LTS"/>
    <property name="user.name" value="mahendra"/>
    <property name="com.mysql.cj.disableAbandonedConnectionCleanup" value="true"/>
    <property name="stdout.encoding" value="UTF-8"/>
    <property name="path.separator" value=":"/>
    <property name="os.version" value="6.8.0-44-generic"/>
    <property name="java.runtime.name" value="OpenJDK Runtime Environment"/>
    <property name="file.encoding" value="UTF-8"/>
    <property name="java.vm.name" value="OpenJDK 64-Bit Server VM"/>
    <property name="java.vendor.version" value="Temurin-21.0.4+7"/>
    <property name="localRepository" value="/home/mahendra/.m2/repository"/>
    <property name="java.vendor.url.bug" value="https://github.com/adoptium/adoptium-support/issues"/>
    <property name="java.io.tmpdir" value="/tmp"/>
    <property name="quarkus.log.file.path" value="target/quarkus.log"/>
    <property name="java.version" value="21.0.4"/>
    <property name="mp.openapi.extensions.smallrye.defaultStreamingProduces" value="application/octet-stream"/>
    <property name="java.util.concurrent.ForkJoinPool.common.threadFactory" value="io.quarkus.bootstrap.forkjoin.QuarkusForkJoinWorkerThreadFactory"/>
    <property name="user.dir" value="/home/mahendra/Downloads/resource (backup) (Copy)"/>
    <property name="os.arch" value="amd64"/>
    <property name="java.vm.specification.name" value="Java Virtual Machine Specification"/>
    <property name="vertx.disableDnsResolver" value="true"/>
    <property name="native.encoding" value="UTF-8"/>
    <property name="java.util.logging.manager" value="org.jboss.logmanager.LogManager"/>
    <property name="java.library.path" value="/usr/java/packages/lib:/usr/lib64:/lib64:/lib:/usr/lib"/>
    <property name="java.vm.info" value="mixed mode, sharing"/>
    <property name="stderr.encoding" value="UTF-8"/>
    <property name="java.vendor" value="Eclipse Adoptium"/>
    <property name="vertx.disableTCCL" value="true"/>
    <property name="java.vm.version" value="21.0.4+7-LTS"/>
    <property name="sun.io.unicode.encoding" value="UnicodeLittle"/>
    <property name="io.netty.machineId" value="a6:00:32:30:fd:b5:d2:6a"/>
    <property name="java.class.version" value="65.0"/>
    <property name="mp.openapi.extensions.smallrye.defaultConsumes" value="application/json"/>
  </properties>
  <testcase name="testIsAssignedToProject" classname="org.imaginnovate.Repository.common.EmployeeProjectRepoTest" time="0.07">
    <system-out><![CDATA[Hibernate: 
    select
        ep1_0.id,
        ep1_0.created_at,
        ep1_0.created_by,
        ep1_0.deleted_at,
        ep1_0.deleted_by,
        ep1_0.employee_division_id,
        ep1_0.modified_at,
        ep1_0.modified_by,
        ep1_0.project_id 
    from
        employee_projects ep1_0 
    where
        ep1_0.employee_division_id=? 
        and ep1_0.project_id=?
Hibernate: 
    select
        u1_0.id,
        u1_0.created_at,
        cb1_0.id,
        cb1_0.created_at,
        cb1_0.created_by,
        cb1_0.deleted_at,
        db1_0.id,
        db1_0.created_at,
        db1_0.created_by,
        db1_0.deleted_at,
        db1_0.deleted_by,
        db1_0.employee_id,
        db1_0.is_assigner,
        db1_0.modified_at,
        db1_0.modified_by,
        db1_0.name,
        db1_0.password,
        db1_0.reset_token_expires_at,
        db1_0.role,
        cb1_0.employee_id,
        e2_0.id,
        e2_0.can_approve_timesheets,
        e2_0.created_at,
        e2_0.created_by,
        e2_0.deleted_at,
        e2_0.deleted_by,
        e2_0.designation,
        e2_0.email,
        e2_0.end_date,
        e2_0.first_name,
        e2_0.gender,
        e2_0.last_name,
        e2_0.modified_at,
        e2_0.modified_by,
        e2_0.reports_to_id,
        e2_0.start_date,
        cb1_0.is_assigner,
        cb1_0.modified_at,
        mb3_0.id,
        mb3_0.created_at,
        mb3_0.created_by,
        mb3_0.deleted_at,
        mb3_0.deleted_by,
        mb3_0.employee_id,
        mb3_0.is_assigner,
        mb3_0.modified_at,
        mb3_0.modified_by,
        mb3_0.name,
        mb3_0.password,
        mb3_0.reset_token_expires_at,
        mb3_0.role,
        cb1_0.name,
        cb1_0.password,
        cb1_0.reset_token_expires_at,
        cb1_0.role,
        u1_0.deleted_at,
        db5_0.id,
        db5_0.created_at,
        cb6_0.id,
        cb6_0.created_at,
        cb6_0.created_by,
        cb6_0.deleted_at,
        cb6_0.deleted_by,
        cb6_0.employee_id,
        cb6_0.is_assigner,
        cb6_0.modified_at,
        cb6_0.modified_by,
        cb6_0.name,
        cb6_0.password,
        cb6_0.reset_token_expires_at,
        cb6_0.role,
        db5_0.deleted_at,
        db5_0.deleted_by,
        db5_0.employee_id,
        e5_0.id,
        e5_0.can_approve_timesheets,
        e5_0.created_at,
        e5_0.created_by,
        e5_0.deleted_at,
        e5_0.deleted_by,
        e5_0.designation,
        e5_0.email,
        e5_0.end_date,
        e5_0.first_name,
        e5_0.gender,
        e5_0.last_name,
        e5_0.modified_at,
        e5_0.modified_by,
        e5_0.reports_to_id,
        e5_0.start_date,
        db5_0.is_assigner,
        db5_0.modified_at,
        mb7_0.id,
        mb7_0.created_at,
        mb7_0.created_by,
        mb7_0.deleted_at,
        mb7_0.deleted_by,
        mb7_0.employee_id,
        mb7_0.is_assigner,
        mb7_0.modified_at,
        mb7_0.modified_by,
        mb7_0.name,
        mb7_0.password,
        mb7_0.reset_token_expires_at,
        mb7_0.role,
        db5_0.name,
        db5_0.password,
        db5_0.reset_token_expires_at,
        db5_0.role,
        u1_0.employee_id,
        e7_0.id,
        e7_0.can_approve_timesheets,
        e7_0.created_at,
        cb10_0.id,
        cb10_0.created_at,
        cb10_0.created_by,
        cb10_0.deleted_at,
        cb10_0.deleted_by,
        cb10_0.employee_id,
        cb10_0.is_assigner,
        cb10_0.modified_at,
        cb10_0.modified_by,
        cb10_0.name,
        cb10_0.password,
        cb10_0.reset_token_expires_at,
        cb10_0.role,
        e7_0.deleted_at,
        db11_0.id,
        db11_0.created_at,
        db11_0.created_by,
        db11_0.deleted_at,
        db11_0.deleted_by,
        db11_0.employee_id,
        db11_0.is_assigner,
        db11_0.modified_at,
        db11_0.modified_by,
        db11_0.name,
        db11_0.password,
        db11_0.reset_token_expires_at,
        db11_0.role,
        e7_0.designation,
        e7_0.email,
        e7_0.end_date,
        e7_0.first_name,
        e7_0.gender,
        e7_0.last_name,
        e7_0.modified_at,
        mb11_0.id,
        mb11_0.created_at,
        mb11_0.created_by,
        mb11_0.deleted_at,
        mb11_0.deleted_by,
        mb11_0.employee_id,
        mb11_0.is_assigner,
        mb11_0.modified_at,
        mb11_0.modified_by,
        mb11_0.name,
        mb11_0.password,
        mb11_0.reset_token_expires_at,
        mb11_0.role,
        rt3_0.id,
        rt3_0.can_approve_timesheets,
        rt3_0.created_at,
        rt3_0.created_by,
        rt3_0.deleted_at,
        rt3_0.deleted_by,
        rt3_0.designation,
        rt3_0.email,
        rt3_0.end_date,
        rt3_0.first_name,
        rt3_0.gender,
        rt3_0.last_name,
        rt3_0.modified_at,
        rt3_0.modified_by,
        rt3_0.reports_to_id,
        rt3_0.start_date,
        e7_0.start_date,
        u1_0.is_assigner,
        u1_0.modified_at,
        mb14_0.id,
        mb14_0.created_at,
        cb15_0.id,
        cb15_0.created_at,
        cb15_0.created_by,
        cb15_0.deleted_at,
        cb15_0.deleted_by,
        cb15_0.employee_id,
        cb15_0.is_assigner,
        cb15_0.modified_at,
        cb15_0.modified_by,
        cb15_0.name,
        cb15_0.password,
        cb15_0.reset_token_expires_at,
        cb15_0.role,
        mb14_0.deleted_at,
        db16_0.id,
        db16_0.created_at,
        db16_0.created_by,
        db16_0.deleted_at,
        db16_0.deleted_by,
        db16_0.employee_id,
        db16_0.is_assigner,
        db16_0.modified_at,
        db16_0.modified_by,
        db16_0.name,
        db16_0.password,
        db16_0.reset_token_expires_at,
        db16_0.role,
        mb14_0.employee_id,
        e13_0.id,
        e13_0.can_approve_timesheets,
        e13_0.created_at,
        e13_0.created_by,
        e13_0.deleted_at,
        e13_0.deleted_by,
        e13_0.designation,
        e13_0.email,
        e13_0.end_date,
        e13_0.first_name,
        e13_0.gender,
        e13_0.last_name,
        e13_0.modified_at,
        e13_0.modified_by,
        e13_0.reports_to_id,
        e13_0.start_date,
        mb14_0.is_assigner,
        mb14_0.modified_at,
        mb14_0.modified_by,
        mb14_0.name,
        mb14_0.password,
        mb14_0.reset_token_expires_at,
        mb14_0.role,
        u1_0.name,
        u1_0.password,
        u1_0.reset_token_expires_at,
        u1_0.role 
    from
        users u1_0 
    left join
        users cb1_0 
            on cb1_0.id=u1_0.created_by 
    left join
        users db1_0 
            on db1_0.id=cb1_0.deleted_by 
    left join
        employees e2_0 
            on e2_0.id=cb1_0.employee_id 
    left join
        users mb3_0 
            on mb3_0.id=cb1_0.modified_by 
    left join
        users db5_0 
            on db5_0.id=u1_0.deleted_by 
    left join
        users cb6_0 
            on cb6_0.id=db5_0.created_by 
    left join
        employees e5_0 
            on e5_0.id=db5_0.employee_id 
    left join
        users mb7_0 
            on mb7_0.id=db5_0.modified_by 
    join
        employees e7_0 
            on e7_0.id=u1_0.employee_id 
    left join
        users cb10_0 
            on cb10_0.id=e7_0.created_by 
    left join
        users db11_0 
            on db11_0.id=e7_0.deleted_by 
    left join
        users mb11_0 
            on mb11_0.id=e7_0.modified_by 
    left join
        employees rt3_0 
            on rt3_0.id=e7_0.reports_to_id 
    left join
        users mb14_0 
            on mb14_0.id=u1_0.modified_by 
    left join
        users cb15_0 
            on cb15_0.id=mb14_0.created_by 
    left join
        users db16_0 
            on db16_0.id=mb14_0.deleted_by 
    left join
        employees e13_0 
            on e13_0.id=mb14_0.employee_id 
    where
        u1_0.id=?
Hibernate: 
    select
        ed1_0.id,
        ed1_0.created_at,
        cb1_0.id,
        cb1_0.created_at,
        cb2_0.id,
        cb2_0.created_at,
        cb2_0.created_by,
        cb2_0.deleted_at,
        cb2_0.deleted_by,
        cb2_0.employee_id,
        cb2_0.is_assigner,
        cb2_0.modified_at,
        cb2_0.modified_by,
        cb2_0.name,
        cb2_0.password,
        cb2_0.reset_token_expires_at,
        cb2_0.role,
        cb1_0.deleted_at,
        db2_0.id,
        db2_0.created_at,
        db2_0.created_by,
        db2_0.deleted_at,
        db2_0.deleted_by,
        db2_0.employee_id,
        db2_0.is_assigner,
        db2_0.modified_at,
        db2_0.modified_by,
        db2_0.name,
        db2_0.password,
        db2_0.reset_token_expires_at,
        db2_0.role,
        cb1_0.employee_id,
        e3_0.id,
        e3_0.can_approve_timesheets,
        e3_0.created_at,
        e3_0.created_by,
        e3_0.deleted_at,
        e3_0.deleted_by,
        e3_0.designation,
        e3_0.email,
        e3_0.end_date,
        e3_0.first_name,
        e3_0.gender,
        e3_0.last_name,
        e3_0.modified_at,
        e3_0.modified_by,
        e3_0.reports_to_id,
        e3_0.start_date,
        cb1_0.is_assigner,
        cb1_0.modified_at,
        mb4_0.id,
        mb4_0.created_at,
        mb4_0.created_by,
        mb4_0.deleted_at,
        mb4_0.deleted_by,
        mb4_0.employee_id,
        mb4_0.is_assigner,
        mb4_0.modified_at,
        mb4_0.modified_by,
        mb4_0.name,
        mb4_0.password,
        mb4_0.reset_token_expires_at,
        mb4_0.role,
        cb1_0.name,
        cb1_0.password,
        cb1_0.reset_token_expires_at,
        cb1_0.role,
        ed1_0.deleted_at,
        db6_0.id,
        db6_0.created_at,
        cb7_0.id,
        cb7_0.created_at,
        cb7_0.created_by,
        cb7_0.deleted_at,
        cb7_0.deleted_by,
        cb7_0.employee_id,
        cb7_0.is_assigner,
        cb7_0.modified_at,
        cb7_0.modified_by,
        cb7_0.name,
        cb7_0.password,
        cb7_0.reset_token_expires_at,
        cb7_0.role,
        db6_0.deleted_at,
        db8_0.id,
        db8_0.created_at,
        db8_0.created_by,
        db8_0.deleted_at,
        db8_0.deleted_by,
        db8_0.employee_id,
        db8_0.is_assigner,
        db8_0.modified_at,
        db8_0.modified_by,
        db8_0.name,
        db8_0.password,
        db8_0.reset_token_expires_at,
        db8_0.role,
        db6_0.employee_id,
        e7_0.id,
        e7_0.can_approve_timesheets,
        e7_0.created_at,
        e7_0.created_by,
        e7_0.deleted_at,
        e7_0.deleted_by,
        e7_0.designation,
        e7_0.email,
        e7_0.end_date,
        e7_0.first_name,
        e7_0.gender,
        e7_0.last_name,
        e7_0.modified_at,
        e7_0.modified_by,
        e7_0.reports_to_id,
        e7_0.start_date,
        db6_0.is_assigner,
        db6_0.modified_at,
        mb9_0.id,
        mb9_0.created_at,
        mb9_0.created_by,
        mb9_0.deleted_at,
        mb9_0.deleted_by,
        mb9_0.employee_id,
        mb9_0.is_assigner,
        mb9_0.modified_at,
        mb9_0.modified_by,
        mb9_0.name,
        mb9_0.password,
        mb9_0.reset_token_expires_at,
        mb9_0.role,
        db6_0.name,
        db6_0.password,
        db6_0.reset_token_expires_at,
        db6_0.role,
        ed1_0.division_id,
        d1_0.id,
        d1_0.created_at,
        cb12_0.id,
        cb12_0.created_at,
        cb12_0.created_by,
        cb12_0.deleted_at,
        cb12_0.deleted_by,
        cb12_0.employee_id,
        cb12_0.is_assigner,
        cb12_0.modified_at,
        cb12_0.modified_by,
        cb12_0.name,
        cb12_0.password,
        cb12_0.reset_token_expires_at,
        cb12_0.role,
        d1_0.deleted_at,
        db13_0.id,
        db13_0.created_at,
        db13_0.created_by,
        db13_0.deleted_at,
        db13_0.deleted_by,
        db13_0.employee_id,
        db13_0.is_assigner,
        db13_0.modified_at,
        db13_0.modified_by,
        db13_0.name,
        db13_0.password,
        db13_0.reset_token_expires_at,
        db13_0.role,
        d1_0.modified_at,
        mb13_0.id,
        mb13_0.created_at,
        mb13_0.created_by,
        mb13_0.deleted_at,
        mb13_0.deleted_by,
        mb13_0.employee_id,
        mb13_0.is_assigner,
        mb13_0.modified_at,
        mb13_0.modified_by,
        mb13_0.name,
        mb13_0.password,
        mb13_0.reset_token_expires_at,
        mb13_0.role,
        d1_0.name,
        p1_0.id,
        p1_0.created_at,
        p1_0.created_by,
        p1_0.deleted_at,
        p1_0.deleted_by,
        p1_0.modified_at,
        p1_0.modified_by,
        p1_0.name,
        p1_0.parent_id,
        ed1_0.employee_id,
        e12_0.id,
        e12_0.can_approve_timesheets,
        e12_0.created_at,
        cb17_0.id,
        cb17_0.created_at,
        cb17_0.created_by,
        cb17_0.deleted_at,
        cb17_0.deleted_by,
        cb17_0.employee_id,
        cb17_0.is_assigner,
        cb17_0.modified_at,
        cb17_0.modified_by,
        cb17_0.name,
        cb17_0.password,
        cb17_0.reset_token_expires_at,
        cb17_0.role,
        e12_0.deleted_at,
        db18_0.id,
        db18_0.created_at,
        db18_0.created_by,
        db18_0.deleted_at,
        db18_0.deleted_by,
        db18_0.employee_id,
        db18_0.is_assigner,
        db18_0.modified_at,
        db18_0.modified_by,
        db18_0.name,
        db18_0.password,
        db18_0.reset_token_expires_at,
        db18_0.role,
        e12_0.designation,
        e12_0.email,
        e12_0.end_date,
        e12_0.first_name,
        e12_0.gender,
        e12_0.last_name,
        e12_0.modified_at,
        mb18_0.id,
        mb18_0.created_at,
        mb18_0.created_by,
        mb18_0.deleted_at,
        mb18_0.deleted_by,
        mb18_0.employee_id,
        mb18_0.is_assigner,
        mb18_0.modified_at,
        mb18_0.modified_by,
        mb18_0.name,
        mb18_0.password,
        mb18_0.reset_token_expires_at,
        mb18_0.role,
        rt3_0.id,
        rt3_0.can_approve_timesheets,
        rt3_0.created_at,
        rt3_0.created_by,
        rt3_0.deleted_at,
        rt3_0.deleted_by,
        rt3_0.designation,
        rt3_0.email,
        rt3_0.end_date,
        rt3_0.first_name,
        rt3_0.gender,
        rt3_0.last_name,
        rt3_0.modified_at,
        rt3_0.modified_by,
        rt3_0.reports_to_id,
        rt3_0.start_date,
        e12_0.start_date,
        ed1_0.modified_at,
        mb21_0.id,
        mb21_0.created_at,
        cb22_0.id,
        cb22_0.created_at,
        cb22_0.created_by,
        cb22_0.deleted_at,
        cb22_0.deleted_by,
        cb22_0.employee_id,
        cb22_0.is_assigner,
        cb22_0.modified_at,
        cb22_0.modified_by,
        cb22_0.name,
        cb22_0.password,
        cb22_0.reset_token_expires_at,
        cb22_0.role,
        mb21_0.deleted_at,
        db23_0.id,
        db23_0.created_at,
        db23_0.created_by,
        db23_0.deleted_at,
        db23_0.deleted_by,
        db23_0.employee_id,
        db23_0.is_assigner,
        db23_0.modified_at,
        db23_0.modified_by,
        db23_0.name,
        db23_0.password,
        db23_0.reset_token_expires_at,
        db23_0.role,
        mb21_0.employee_id,
        e18_0.id,
        e18_0.can_approve_timesheets,
        e18_0.created_at,
        e18_0.created_by,
        e18_0.deleted_at,
        e18_0.deleted_by,
        e18_0.designation,
        e18_0.email,
        e18_0.end_date,
        e18_0.first_name,
        e18_0.gender,
        e18_0.last_name,
        e18_0.modified_at,
        e18_0.modified_by,
        e18_0.reports_to_id,
        e18_0.start_date,
        mb21_0.is_assigner,
        mb21_0.modified_at,
        mb25_0.id,
        mb25_0.created_at,
        mb25_0.created_by,
        mb25_0.deleted_at,
        mb25_0.deleted_by,
        mb25_0.employee_id,
        mb25_0.is_assigner,
        mb25_0.modified_at,
        mb25_0.modified_by,
        mb25_0.name,
        mb25_0.password,
        mb25_0.reset_token_expires_at,
        mb25_0.role,
        mb21_0.name,
        mb21_0.password,
        mb21_0.reset_token_expires_at,
        mb21_0.role,
        ed1_0.primary_division 
    from
        employee_divisions ed1_0 
    left join
        users cb1_0 
            on cb1_0.id=ed1_0.created_by 
    left join
        users cb2_0 
            on cb2_0.id=cb1_0.created_by 
    left join
        users db2_0 
            on db2_0.id=cb1_0.deleted_by 
    left join
        employees e3_0 
            on e3_0.id=cb1_0.employee_id 
    left join
        users mb4_0 
            on mb4_0.id=cb1_0.modified_by 
    left join
        users db6_0 
            on db6_0.id=ed1_0.deleted_by 
    left join
        users cb7_0 
            on cb7_0.id=db6_0.created_by 
    left join
        users db8_0 
            on db8_0.id=db6_0.deleted_by 
    left join
        employees e7_0 
            on e7_0.id=db6_0.employee_id 
    left join
        users mb9_0 
            on mb9_0.id=db6_0.modified_by 
    join
        divisions d1_0 
            on d1_0.id=ed1_0.division_id 
    left join
        users cb12_0 
            on cb12_0.id=d1_0.created_by 
    left join
        users db13_0 
            on db13_0.id=d1_0.deleted_by 
    left join
        users mb13_0 
            on mb13_0.id=d1_0.modified_by 
    left join
        divisions p1_0 
            on p1_0.id=d1_0.parent_id 
    join
        employees e12_0 
            on e12_0.id=ed1_0.employee_id 
    left join
        users cb17_0 
            on cb17_0.id=e12_0.created_by 
    left join
        users db18_0 
            on db18_0.id=e12_0.deleted_by 
    left join
        users mb18_0 
            on mb18_0.id=e12_0.modified_by 
    left join
        employees rt3_0 
            on rt3_0.id=e12_0.reports_to_id 
    left join
        users mb21_0 
            on mb21_0.id=ed1_0.modified_by 
    left join
        users cb22_0 
            on cb22_0.id=mb21_0.created_by 
    left join
        users db23_0 
            on db23_0.id=mb21_0.deleted_by 
    left join
        employees e18_0 
            on e18_0.id=mb21_0.employee_id 
    left join
        users mb25_0 
            on mb25_0.id=mb21_0.modified_by 
    where
        ed1_0.id=?
Hibernate: 
    select
        p1_0.id,
        p1_0.created_at,
        cb1_0.id,
        cb1_0.created_at,
        cb2_0.id,
        cb2_0.created_at,
        cb2_0.created_by,
        cb2_0.deleted_at,
        cb2_0.deleted_by,
        cb2_0.employee_id,
        cb2_0.is_assigner,
        cb2_0.modified_at,
        cb2_0.modified_by,
        cb2_0.name,
        cb2_0.password,
        cb2_0.reset_token_expires_at,
        cb2_0.role,
        cb1_0.deleted_at,
        db2_0.id,
        db2_0.created_at,
        db2_0.created_by,
        db2_0.deleted_at,
        db2_0.deleted_by,
        db2_0.employee_id,
        db2_0.is_assigner,
        db2_0.modified_at,
        db2_0.modified_by,
        db2_0.name,
        db2_0.password,
        db2_0.reset_token_expires_at,
        db2_0.role,
        cb1_0.employee_id,
        e3_0.id,
        e3_0.can_approve_timesheets,
        e3_0.created_at,
        e3_0.created_by,
        e3_0.deleted_at,
        e3_0.deleted_by,
        e3_0.designation,
        e3_0.email,
        e3_0.end_date,
        e3_0.first_name,
        e3_0.gender,
        e3_0.last_name,
        e3_0.modified_at,
        e3_0.modified_by,
        e3_0.reports_to_id,
        e3_0.start_date,
        cb1_0.is_assigner,
        cb1_0.modified_at,
        mb4_0.id,
        mb4_0.created_at,
        mb4_0.created_by,
        mb4_0.deleted_at,
        mb4_0.deleted_by,
        mb4_0.employee_id,
        mb4_0.is_assigner,
        mb4_0.modified_at,
        mb4_0.modified_by,
        mb4_0.name,
        mb4_0.password,
        mb4_0.reset_token_expires_at,
        mb4_0.role,
        cb1_0.name,
        cb1_0.password,
        cb1_0.reset_token_expires_at,
        cb1_0.role,
        p1_0.deleted_at,
        db6_0.id,
        db6_0.created_at,
        cb7_0.id,
        cb7_0.created_at,
        cb7_0.created_by,
        cb7_0.deleted_at,
        cb7_0.deleted_by,
        cb7_0.employee_id,
        cb7_0.is_assigner,
        cb7_0.modified_at,
        cb7_0.modified_by,
        cb7_0.name,
        cb7_0.password,
        cb7_0.reset_token_expires_at,
        cb7_0.role,
        db6_0.deleted_at,
        db8_0.id,
        db8_0.created_at,
        db8_0.created_by,
        db8_0.deleted_at,
        db8_0.deleted_by,
        db8_0.employee_id,
        db8_0.is_assigner,
        db8_0.modified_at,
        db8_0.modified_by,
        db8_0.name,
        db8_0.password,
        db8_0.reset_token_expires_at,
        db8_0.role,
        db6_0.employee_id,
        e7_0.id,
        e7_0.can_approve_timesheets,
        e7_0.created_at,
        e7_0.created_by,
        e7_0.deleted_at,
        e7_0.deleted_by,
        e7_0.designation,
        e7_0.email,
        e7_0.end_date,
        e7_0.first_name,
        e7_0.gender,
        e7_0.last_name,
        e7_0.modified_at,
        e7_0.modified_by,
        e7_0.reports_to_id,
        e7_0.start_date,
        db6_0.is_assigner,
        db6_0.modified_at,
        mb9_0.id,
        mb9_0.created_at,
        mb9_0.created_by,
        mb9_0.deleted_at,
        mb9_0.deleted_by,
        mb9_0.employee_id,
        mb9_0.is_assigner,
        mb9_0.modified_at,
        mb9_0.modified_by,
        mb9_0.name,
        mb9_0.password,
        mb9_0.reset_token_expires_at,
        mb9_0.role,
        db6_0.name,
        db6_0.password,
        db6_0.reset_token_expires_at,
        db6_0.role,
        p1_0.description,
        p1_0.division_id,
        d1_0.id,
        d1_0.created_at,
        cb12_0.id,
        cb12_0.created_at,
        cb12_0.created_by,
        cb12_0.deleted_at,
        cb12_0.deleted_by,
        cb12_0.employee_id,
        cb12_0.is_assigner,
        cb12_0.modified_at,
        cb12_0.modified_by,
        cb12_0.name,
        cb12_0.password,
        cb12_0.reset_token_expires_at,
        cb12_0.role,
        d1_0.deleted_at,
        db13_0.id,
        db13_0.created_at,
        db13_0.created_by,
        db13_0.deleted_at,
        db13_0.deleted_by,
        db13_0.employee_id,
        db13_0.is_assigner,
        db13_0.modified_at,
        db13_0.modified_by,
        db13_0.name,
        db13_0.password,
        db13_0.reset_token_expires_at,
        db13_0.role,
        d1_0.modified_at,
        mb13_0.id,
        mb13_0.created_at,
        mb13_0.created_by,
        mb13_0.deleted_at,
        mb13_0.deleted_by,
        mb13_0.employee_id,
        mb13_0.is_assigner,
        mb13_0.modified_at,
        mb13_0.modified_by,
        mb13_0.name,
        mb13_0.password,
        mb13_0.reset_token_expires_at,
        mb13_0.role,
        d1_0.name,
        p2_0.id,
        p2_0.created_at,
        p2_0.created_by,
        p2_0.deleted_at,
        p2_0.deleted_by,
        p2_0.modified_at,
        p2_0.modified_by,
        p2_0.name,
        p2_0.parent_id,
        p1_0.modified_at,
        mb16_0.id,
        mb16_0.created_at,
        cb17_0.id,
        cb17_0.created_at,
        cb17_0.created_by,
        cb17_0.deleted_at,
        cb17_0.deleted_by,
        cb17_0.employee_id,
        cb17_0.is_assigner,
        cb17_0.modified_at,
        cb17_0.modified_by,
        cb17_0.name,
        cb17_0.password,
        cb17_0.reset_token_expires_at,
        cb17_0.role,
        mb16_0.deleted_at,
        db18_0.id,
        db18_0.created_at,
        db18_0.created_by,
        db18_0.deleted_at,
        db18_0.deleted_by,
        db18_0.employee_id,
        db18_0.is_assigner,
        db18_0.modified_at,
        db18_0.modified_by,
        db18_0.name,
        db18_0.password,
        db18_0.reset_token_expires_at,
        db18_0.role,
        mb16_0.employee_id,
        e14_0.id,
        e14_0.can_approve_timesheets,
        e14_0.created_at,
        e14_0.created_by,
        e14_0.deleted_at,
        e14_0.deleted_by,
        e14_0.designation,
        e14_0.email,
        e14_0.end_date,
        e14_0.first_name,
        e14_0.gender,
        e14_0.last_name,
        e14_0.modified_at,
        e14_0.modified_by,
        e14_0.reports_to_id,
        e14_0.start_date,
        mb16_0.is_assigner,
        mb16_0.modified_at,
        mb20_0.id,
        mb20_0.created_at,
        mb20_0.created_by,
        mb20_0.deleted_at,
        mb20_0.deleted_by,
        mb20_0.employee_id,
        mb20_0.is_assigner,
        mb20_0.modified_at,
        mb20_0.modified_by,
        mb20_0.name,
        mb20_0.password,
        mb20_0.reset_token_expires_at,
        mb20_0.role,
        mb16_0.name,
        mb16_0.password,
        mb16_0.reset_token_expires_at,
        mb16_0.role,
        p1_0.name 
    from
        projects p1_0 
    left join
        users cb1_0 
            on cb1_0.id=p1_0.created_by 
    left join
        users cb2_0 
            on cb2_0.id=cb1_0.created_by 
    left join
        users db2_0 
            on db2_0.id=cb1_0.deleted_by 
    left join
        employees e3_0 
            on e3_0.id=cb1_0.employee_id 
    left join
        users mb4_0 
            on mb4_0.id=cb1_0.modified_by 
    left join
        users db6_0 
            on db6_0.id=p1_0.deleted_by 
    left join
        users cb7_0 
            on cb7_0.id=db6_0.created_by 
    left join
        users db8_0 
            on db8_0.id=db6_0.deleted_by 
    left join
        employees e7_0 
            on e7_0.id=db6_0.employee_id 
    left join
        users mb9_0 
            on mb9_0.id=db6_0.modified_by 
    join
        divisions d1_0 
            on d1_0.id=p1_0.division_id 
    left join
        users cb12_0 
            on cb12_0.id=d1_0.created_by 
    left join
        users db13_0 
            on db13_0.id=d1_0.deleted_by 
    left join
        users mb13_0 
            on mb13_0.id=d1_0.modified_by 
    left join
        divisions p2_0 
            on p2_0.id=d1_0.parent_id 
    left join
        users mb16_0 
            on mb16_0.id=p1_0.modified_by 
    left join
        users cb17_0 
            on cb17_0.id=mb16_0.created_by 
    left join
        users db18_0 
            on db18_0.id=mb16_0.deleted_by 
    left join
        employees e14_0 
            on e14_0.id=mb16_0.employee_id 
    left join
        users mb20_0 
            on mb20_0.id=mb16_0.modified_by 
    where
        p1_0.id=?
]]></system-out>
  </testcase>
  <testcase name="testFindById_EmployeeProject" classname="org.imaginnovate.Repository.common.EmployeeProjectRepoTest" time="0.047">
    <system-out><![CDATA[Hibernate: 
    select
        ep1_0.id,
        ep1_0.created_at,
        cb1_0.id,
        cb1_0.created_at,
        cb2_0.id,
        cb2_0.created_at,
        cb2_0.created_by,
        cb2_0.deleted_at,
        cb2_0.deleted_by,
        cb2_0.employee_id,
        cb2_0.is_assigner,
        cb2_0.modified_at,
        cb2_0.modified_by,
        cb2_0.name,
        cb2_0.password,
        cb2_0.reset_token_expires_at,
        cb2_0.role,
        cb1_0.deleted_at,
        db2_0.id,
        db2_0.created_at,
        db2_0.created_by,
        db2_0.deleted_at,
        db2_0.deleted_by,
        db2_0.employee_id,
        db2_0.is_assigner,
        db2_0.modified_at,
        db2_0.modified_by,
        db2_0.name,
        db2_0.password,
        db2_0.reset_token_expires_at,
        db2_0.role,
        cb1_0.employee_id,
        e3_0.id,
        e3_0.can_approve_timesheets,
        e3_0.created_at,
        e3_0.created_by,
        e3_0.deleted_at,
        e3_0.deleted_by,
        e3_0.designation,
        e3_0.email,
        e3_0.end_date,
        e3_0.first_name,
        e3_0.gender,
        e3_0.last_name,
        e3_0.modified_at,
        e3_0.modified_by,
        e3_0.reports_to_id,
        e3_0.start_date,
        cb1_0.is_assigner,
        cb1_0.modified_at,
        mb4_0.id,
        mb4_0.created_at,
        mb4_0.created_by,
        mb4_0.deleted_at,
        mb4_0.deleted_by,
        mb4_0.employee_id,
        mb4_0.is_assigner,
        mb4_0.modified_at,
        mb4_0.modified_by,
        mb4_0.name,
        mb4_0.password,
        mb4_0.reset_token_expires_at,
        mb4_0.role,
        cb1_0.name,
        cb1_0.password,
        cb1_0.reset_token_expires_at,
        cb1_0.role,
        ep1_0.deleted_at,
        db6_0.id,
        db6_0.created_at,
        cb7_0.id,
        cb7_0.created_at,
        cb7_0.created_by,
        cb7_0.deleted_at,
        cb7_0.deleted_by,
        cb7_0.employee_id,
        cb7_0.is_assigner,
        cb7_0.modified_at,
        cb7_0.modified_by,
        cb7_0.name,
        cb7_0.password,
        cb7_0.reset_token_expires_at,
        cb7_0.role,
        db6_0.deleted_at,
        db8_0.id,
        db8_0.created_at,
        db8_0.created_by,
        db8_0.deleted_at,
        db8_0.deleted_by,
        db8_0.employee_id,
        db8_0.is_assigner,
        db8_0.modified_at,
        db8_0.modified_by,
        db8_0.name,
        db8_0.password,
        db8_0.reset_token_expires_at,
        db8_0.role,
        db6_0.employee_id,
        e7_0.id,
        e7_0.can_approve_timesheets,
        e7_0.created_at,
        e7_0.created_by,
        e7_0.deleted_at,
        e7_0.deleted_by,
        e7_0.designation,
        e7_0.email,
        e7_0.end_date,
        e7_0.first_name,
        e7_0.gender,
        e7_0.last_name,
        e7_0.modified_at,
        e7_0.modified_by,
        e7_0.reports_to_id,
        e7_0.start_date,
        db6_0.is_assigner,
        db6_0.modified_at,
        mb9_0.id,
        mb9_0.created_at,
        mb9_0.created_by,
        mb9_0.deleted_at,
        mb9_0.deleted_by,
        mb9_0.employee_id,
        mb9_0.is_assigner,
        mb9_0.modified_at,
        mb9_0.modified_by,
        mb9_0.name,
        mb9_0.password,
        mb9_0.reset_token_expires_at,
        mb9_0.role,
        db6_0.name,
        db6_0.password,
        db6_0.reset_token_expires_at,
        db6_0.role,
        ep1_0.employee_division_id,
        ed1_0.id,
        ed1_0.created_at,
        cb12_0.id,
        cb12_0.created_at,
        cb12_0.created_by,
        cb12_0.deleted_at,
        cb12_0.deleted_by,
        cb12_0.employee_id,
        cb12_0.is_assigner,
        cb12_0.modified_at,
        cb12_0.modified_by,
        cb12_0.name,
        cb12_0.password,
        cb12_0.reset_token_expires_at,
        cb12_0.role,
        ed1_0.deleted_at,
        db13_0.id,
        db13_0.created_at,
        db13_0.created_by,
        db13_0.deleted_at,
        db13_0.deleted_by,
        db13_0.employee_id,
        db13_0.is_assigner,
        db13_0.modified_at,
        db13_0.modified_by,
        db13_0.name,
        db13_0.password,
        db13_0.reset_token_expires_at,
        db13_0.role,
        ed1_0.division_id,
        d1_0.id,
        d1_0.created_at,
        d1_0.created_by,
        d1_0.deleted_at,
        d1_0.deleted_by,
        d1_0.modified_at,
        d1_0.modified_by,
        d1_0.name,
        d1_0.parent_id,
        ed1_0.employee_id,
        e11_0.id,
        e11_0.can_approve_timesheets,
        e11_0.created_at,
        e11_0.created_by,
        e11_0.deleted_at,
        e11_0.deleted_by,
        e11_0.designation,
        e11_0.email,
        e11_0.end_date,
        e11_0.first_name,
        e11_0.gender,
        e11_0.last_name,
        e11_0.modified_at,
        e11_0.modified_by,
        e11_0.reports_to_id,
        e11_0.start_date,
        ed1_0.modified_at,
        mb15_0.id,
        mb15_0.created_at,
        mb15_0.created_by,
        mb15_0.deleted_at,
        mb15_0.deleted_by,
        mb15_0.employee_id,
        mb15_0.is_assigner,
        mb15_0.modified_at,
        mb15_0.modified_by,
        mb15_0.name,
        mb15_0.password,
        mb15_0.reset_token_expires_at,
        mb15_0.role,
        ed1_0.primary_division,
        ep1_0.modified_at,
        mb17_0.id,
        mb17_0.created_at,
        cb18_0.id,
        cb18_0.created_at,
        cb18_0.created_by,
        cb18_0.deleted_at,
        cb18_0.deleted_by,
        cb18_0.employee_id,
        cb18_0.is_assigner,
        cb18_0.modified_at,
        cb18_0.modified_by,
        cb18_0.name,
        cb18_0.password,
        cb18_0.reset_token_expires_at,
        cb18_0.role,
        mb17_0.deleted_at,
        db19_0.id,
        db19_0.created_at,
        db19_0.created_by,
        db19_0.deleted_at,
        db19_0.deleted_by,
        db19_0.employee_id,
        db19_0.is_assigner,
        db19_0.modified_at,
        db19_0.modified_by,
        db19_0.name,
        db19_0.password,
        db19_0.reset_token_expires_at,
        db19_0.role,
        mb17_0.employee_id,
        e15_0.id,
        e15_0.can_approve_timesheets,
        e15_0.created_at,
        e15_0.created_by,
        e15_0.deleted_at,
        e15_0.deleted_by,
        e15_0.designation,
        e15_0.email,
        e15_0.end_date,
        e15_0.first_name,
        e15_0.gender,
        e15_0.last_name,
        e15_0.modified_at,
        e15_0.modified_by,
        e15_0.reports_to_id,
        e15_0.start_date,
        mb17_0.is_assigner,
        mb17_0.modified_at,
        mb21_0.id,
        mb21_0.created_at,
        mb21_0.created_by,
        mb21_0.deleted_at,
        mb21_0.deleted_by,
        mb21_0.employee_id,
        mb21_0.is_assigner,
        mb21_0.modified_at,
        mb21_0.modified_by,
        mb21_0.name,
        mb21_0.password,
        mb21_0.reset_token_expires_at,
        mb21_0.role,
        mb17_0.name,
        mb17_0.password,
        mb17_0.reset_token_expires_at,
        mb17_0.role,
        ep1_0.project_id,
        p2_0.id,
        p2_0.created_at,
        cb23_0.id,
        cb23_0.created_at,
        cb23_0.created_by,
        cb23_0.deleted_at,
        cb23_0.deleted_by,
        cb23_0.employee_id,
        cb23_0.is_assigner,
        cb23_0.modified_at,
        cb23_0.modified_by,
        cb23_0.name,
        cb23_0.password,
        cb23_0.reset_token_expires_at,
        cb23_0.role,
        p2_0.deleted_at,
        db24_0.id,
        db24_0.created_at,
        db24_0.created_by,
        db24_0.deleted_at,
        db24_0.deleted_by,
        db24_0.employee_id,
        db24_0.is_assigner,
        db24_0.modified_at,
        db24_0.modified_by,
        db24_0.name,
        db24_0.password,
        db24_0.reset_token_expires_at,
        db24_0.role,
        p2_0.description,
        p2_0.division_id,
        d2_0.id,
        d2_0.created_at,
        d2_0.created_by,
        d2_0.deleted_at,
        d2_0.deleted_by,
        d2_0.modified_at,
        d2_0.modified_by,
        d2_0.name,
        d2_0.parent_id,
        p2_0.modified_at,
        mb26_0.id,
        mb26_0.created_at,
        mb26_0.created_by,
        mb26_0.deleted_at,
        mb26_0.deleted_by,
        mb26_0.employee_id,
        mb26_0.is_assigner,
        mb26_0.modified_at,
        mb26_0.modified_by,
        mb26_0.name,
        mb26_0.password,
        mb26_0.reset_token_expires_at,
        mb26_0.role,
        p2_0.name 
    from
        employee_projects ep1_0 
    left join
        users cb1_0 
            on cb1_0.id=ep1_0.created_by 
    left join
        users cb2_0 
            on cb2_0.id=cb1_0.created_by 
    left join
        users db2_0 
            on db2_0.id=cb1_0.deleted_by 
    left join
        employees e3_0 
            on e3_0.id=cb1_0.employee_id 
    left join
        users mb4_0 
            on mb4_0.id=cb1_0.modified_by 
    left join
        users db6_0 
            on db6_0.id=ep1_0.deleted_by 
    left join
        users cb7_0 
            on cb7_0.id=db6_0.created_by 
    left join
        users db8_0 
            on db8_0.id=db6_0.deleted_by 
    left join
        employees e7_0 
            on e7_0.id=db6_0.employee_id 
    left join
        users mb9_0 
            on mb9_0.id=db6_0.modified_by 
    join
        employee_divisions ed1_0 
            on ed1_0.id=ep1_0.employee_division_id 
    left join
        users cb12_0 
            on cb12_0.id=ed1_0.created_by 
    left join
        users db13_0 
            on db13_0.id=ed1_0.deleted_by 
    left join
        divisions d1_0 
            on d1_0.id=ed1_0.division_id 
    left join
        employees e11_0 
            on e11_0.id=ed1_0.employee_id 
    left join
        users mb15_0 
            on mb15_0.id=ed1_0.modified_by 
    left join
        users mb17_0 
            on mb17_0.id=ep1_0.modified_by 
    left join
        users cb18_0 
            on cb18_0.id=mb17_0.created_by 
    left join
        users db19_0 
            on db19_0.id=mb17_0.deleted_by 
    left join
        employees e15_0 
            on e15_0.id=mb17_0.employee_id 
    left join
        users mb21_0 
            on mb21_0.id=mb17_0.modified_by 
    join
        projects p2_0 
            on p2_0.id=ep1_0.project_id 
    left join
        users cb23_0 
            on cb23_0.id=p2_0.created_by 
    left join
        users db24_0 
            on db24_0.id=p2_0.deleted_by 
    left join
        divisions d2_0 
            on d2_0.id=p2_0.division_id 
    left join
        users mb26_0 
            on mb26_0.id=p2_0.modified_by 
    where
        ep1_0.id=?
Hibernate: 
    select
        e1_0.id,
        e1_0.can_approve_timesheets,
        e1_0.created_at,
        cb1_0.id,
        cb1_0.created_at,
        cb2_0.id,
        cb2_0.created_at,
        cb2_0.created_by,
        cb2_0.deleted_at,
        cb2_0.deleted_by,
        cb2_0.employee_id,
        cb2_0.is_assigner,
        cb2_0.modified_at,
        cb2_0.modified_by,
        cb2_0.name,
        cb2_0.password,
        cb2_0.reset_token_expires_at,
        cb2_0.role,
        cb1_0.deleted_at,
        db2_0.id,
        db2_0.created_at,
        db2_0.created_by,
        db2_0.deleted_at,
        db2_0.deleted_by,
        db2_0.employee_id,
        db2_0.is_assigner,
        db2_0.modified_at,
        db2_0.modified_by,
        db2_0.name,
        db2_0.password,
        db2_0.reset_token_expires_at,
        db2_0.role,
        cb1_0.employee_id,
        e4_0.id,
        e4_0.can_approve_timesheets,
        e4_0.created_at,
        e4_0.created_by,
        e4_0.deleted_at,
        e4_0.deleted_by,
        e4_0.designation,
        e4_0.email,
        e4_0.end_date,
        e4_0.first_name,
        e4_0.gender,
        e4_0.last_name,
        e4_0.modified_at,
        e4_0.modified_by,
        e4_0.reports_to_id,
        e4_0.start_date,
        cb1_0.is_assigner,
        cb1_0.modified_at,
        mb4_0.id,
        mb4_0.created_at,
        mb4_0.created_by,
        mb4_0.deleted_at,
        mb4_0.deleted_by,
        mb4_0.employee_id,
        mb4_0.is_assigner,
        mb4_0.modified_at,
        mb4_0.modified_by,
        mb4_0.name,
        mb4_0.password,
        mb4_0.reset_token_expires_at,
        mb4_0.role,
        cb1_0.name,
        cb1_0.password,
        cb1_0.reset_token_expires_at,
        cb1_0.role,
        e1_0.deleted_at,
        db6_0.id,
        db6_0.created_at,
        cb7_0.id,
        cb7_0.created_at,
        cb7_0.created_by,
        cb7_0.deleted_at,
        cb7_0.deleted_by,
        cb7_0.employee_id,
        cb7_0.is_assigner,
        cb7_0.modified_at,
        cb7_0.modified_by,
        cb7_0.name,
        cb7_0.password,
        cb7_0.reset_token_expires_at,
        cb7_0.role,
        db6_0.deleted_at,
        db8_0.id,
        db8_0.created_at,
        db8_0.created_by,
        db8_0.deleted_at,
        db8_0.deleted_by,
        db8_0.employee_id,
        db8_0.is_assigner,
        db8_0.modified_at,
        db8_0.modified_by,
        db8_0.name,
        db8_0.password,
        db8_0.reset_token_expires_at,
        db8_0.role,
        db6_0.employee_id,
        e8_0.id,
        e8_0.can_approve_timesheets,
        e8_0.created_at,
        e8_0.created_by,
        e8_0.deleted_at,
        e8_0.deleted_by,
        e8_0.designation,
        e8_0.email,
        e8_0.end_date,
        e8_0.first_name,
        e8_0.gender,
        e8_0.last_name,
        e8_0.modified_at,
        e8_0.modified_by,
        e8_0.reports_to_id,
        e8_0.start_date,
        db6_0.is_assigner,
        db6_0.modified_at,
        mb9_0.id,
        mb9_0.created_at,
        mb9_0.created_by,
        mb9_0.deleted_at,
        mb9_0.deleted_by,
        mb9_0.employee_id,
        mb9_0.is_assigner,
        mb9_0.modified_at,
        mb9_0.modified_by,
        mb9_0.name,
        mb9_0.password,
        mb9_0.reset_token_expires_at,
        mb9_0.role,
        db6_0.name,
        db6_0.password,
        db6_0.reset_token_expires_at,
        db6_0.role,
        e1_0.designation,
        e1_0.email,
        e1_0.end_date,
        e1_0.first_name,
        e1_0.gender,
        e1_0.last_name,
        e1_0.modified_at,
        mb11_0.id,
        mb11_0.created_at,
        cb12_0.id,
        cb12_0.created_at,
        cb12_0.created_by,
        cb12_0.deleted_at,
        cb12_0.deleted_by,
        cb12_0.employee_id,
        cb12_0.is_assigner,
        cb12_0.modified_at,
        cb12_0.modified_by,
        cb12_0.name,
        cb12_0.password,
        cb12_0.reset_token_expires_at,
        cb12_0.role,
        mb11_0.deleted_at,
        db13_0.id,
        db13_0.created_at,
        db13_0.created_by,
        db13_0.deleted_at,
        db13_0.deleted_by,
        db13_0.employee_id,
        db13_0.is_assigner,
        db13_0.modified_at,
        db13_0.modified_by,
        db13_0.name,
        db13_0.password,
        db13_0.reset_token_expires_at,
        db13_0.role,
        mb11_0.employee_id,
        e12_0.id,
        e12_0.can_approve_timesheets,
        e12_0.created_at,
        e12_0.created_by,
        e12_0.deleted_at,
        e12_0.deleted_by,
        e12_0.designation,
        e12_0.email,
        e12_0.end_date,
        e12_0.first_name,
        e12_0.gender,
        e12_0.last_name,
        e12_0.modified_at,
        e12_0.modified_by,
        e12_0.reports_to_id,
        e12_0.start_date,
        mb11_0.is_assigner,
        mb11_0.modified_at,
        mb15_0.id,
        mb15_0.created_at,
        mb15_0.created_by,
        mb15_0.deleted_at,
        mb15_0.deleted_by,
        mb15_0.employee_id,
        mb15_0.is_assigner,
        mb15_0.modified_at,
        mb15_0.modified_by,
        mb15_0.name,
        mb15_0.password,
        mb15_0.reset_token_expires_at,
        mb15_0.role,
        mb11_0.name,
        mb11_0.password,
        mb11_0.reset_token_expires_at,
        mb11_0.role,
        rt4_0.id,
        rt4_0.can_approve_timesheets,
        rt4_0.created_at,
        cb17_0.id,
        cb17_0.created_at,
        cb17_0.created_by,
        cb17_0.deleted_at,
        cb17_0.deleted_by,
        cb17_0.employee_id,
        cb17_0.is_assigner,
        cb17_0.modified_at,
        cb17_0.modified_by,
        cb17_0.name,
        cb17_0.password,
        cb17_0.reset_token_expires_at,
        cb17_0.role,
        rt4_0.deleted_at,
        db18_0.id,
        db18_0.created_at,
        db18_0.created_by,
        db18_0.deleted_at,
        db18_0.deleted_by,
        db18_0.employee_id,
        db18_0.is_assigner,
        db18_0.modified_at,
        db18_0.modified_by,
        db18_0.name,
        db18_0.password,
        db18_0.reset_token_expires_at,
        db18_0.role,
        rt4_0.designation,
        rt4_0.email,
        rt4_0.end_date,
        rt4_0.first_name,
        rt4_0.gender,
        rt4_0.last_name,
        rt4_0.modified_at,
        mb19_0.id,
        mb19_0.created_at,
        mb19_0.created_by,
        mb19_0.deleted_at,
        mb19_0.deleted_by,
        mb19_0.employee_id,
        mb19_0.is_assigner,
        mb19_0.modified_at,
        mb19_0.modified_by,
        mb19_0.name,
        mb19_0.password,
        mb19_0.reset_token_expires_at,
        mb19_0.role,
        rt4_0.reports_to_id,
        rt4_0.start_date,
        e1_0.start_date 
    from
        employees e1_0 
    left join
        users cb1_0 
            on cb1_0.id=e1_0.created_by 
    left join
        users cb2_0 
            on cb2_0.id=cb1_0.created_by 
    left join
        users db2_0 
            on db2_0.id=cb1_0.deleted_by 
    left join
        employees e4_0 
            on e4_0.id=cb1_0.employee_id 
    left join
        users mb4_0 
            on mb4_0.id=cb1_0.modified_by 
    left join
        users db6_0 
            on db6_0.id=e1_0.deleted_by 
    left join
        users cb7_0 
            on cb7_0.id=db6_0.created_by 
    left join
        users db8_0 
            on db8_0.id=db6_0.deleted_by 
    left join
        employees e8_0 
            on e8_0.id=db6_0.employee_id 
    left join
        users mb9_0 
            on mb9_0.id=db6_0.modified_by 
    left join
        users mb11_0 
            on mb11_0.id=e1_0.modified_by 
    left join
        users cb12_0 
            on cb12_0.id=mb11_0.created_by 
    left join
        users db13_0 
            on db13_0.id=mb11_0.deleted_by 
    left join
        employees e12_0 
            on e12_0.id=mb11_0.employee_id 
    left join
        users mb15_0 
            on mb15_0.id=mb11_0.modified_by 
    left join
        employees rt4_0 
            on rt4_0.id=e1_0.reports_to_id 
    left join
        users cb17_0 
            on cb17_0.id=rt4_0.created_by 
    left join
        users db18_0 
            on db18_0.id=rt4_0.deleted_by 
    left join
        users mb19_0 
            on mb19_0.id=rt4_0.modified_by 
    where
        e1_0.id=?
]]></system-out>
  </testcase>
  <testcase name="testFindById_Int" classname="org.imaginnovate.Repository.common.EmployeeProjectRepoTest" time="0.024">
    <system-out><![CDATA[Hibernate: 
    select
        ep1_0.id,
        ep1_0.created_at,
        cb1_0.id,
        cb1_0.created_at,
        cb2_0.id,
        cb2_0.created_at,
        cb2_0.created_by,
        cb2_0.deleted_at,
        cb2_0.deleted_by,
        cb2_0.employee_id,
        cb2_0.is_assigner,
        cb2_0.modified_at,
        cb2_0.modified_by,
        cb2_0.name,
        cb2_0.password,
        cb2_0.reset_token_expires_at,
        cb2_0.role,
        cb1_0.deleted_at,
        db2_0.id,
        db2_0.created_at,
        db2_0.created_by,
        db2_0.deleted_at,
        db2_0.deleted_by,
        db2_0.employee_id,
        db2_0.is_assigner,
        db2_0.modified_at,
        db2_0.modified_by,
        db2_0.name,
        db2_0.password,
        db2_0.reset_token_expires_at,
        db2_0.role,
        cb1_0.employee_id,
        e3_0.id,
        e3_0.can_approve_timesheets,
        e3_0.created_at,
        e3_0.created_by,
        e3_0.deleted_at,
        e3_0.deleted_by,
        e3_0.designation,
        e3_0.email,
        e3_0.end_date,
        e3_0.first_name,
        e3_0.gender,
        e3_0.last_name,
        e3_0.modified_at,
        e3_0.modified_by,
        e3_0.reports_to_id,
        e3_0.start_date,
        cb1_0.is_assigner,
        cb1_0.modified_at,
        mb4_0.id,
        mb4_0.created_at,
        mb4_0.created_by,
        mb4_0.deleted_at,
        mb4_0.deleted_by,
        mb4_0.employee_id,
        mb4_0.is_assigner,
        mb4_0.modified_at,
        mb4_0.modified_by,
        mb4_0.name,
        mb4_0.password,
        mb4_0.reset_token_expires_at,
        mb4_0.role,
        cb1_0.name,
        cb1_0.password,
        cb1_0.reset_token_expires_at,
        cb1_0.role,
        ep1_0.deleted_at,
        db6_0.id,
        db6_0.created_at,
        cb7_0.id,
        cb7_0.created_at,
        cb7_0.created_by,
        cb7_0.deleted_at,
        cb7_0.deleted_by,
        cb7_0.employee_id,
        cb7_0.is_assigner,
        cb7_0.modified_at,
        cb7_0.modified_by,
        cb7_0.name,
        cb7_0.password,
        cb7_0.reset_token_expires_at,
        cb7_0.role,
        db6_0.deleted_at,
        db8_0.id,
        db8_0.created_at,
        db8_0.created_by,
        db8_0.deleted_at,
        db8_0.deleted_by,
        db8_0.employee_id,
        db8_0.is_assigner,
        db8_0.modified_at,
        db8_0.modified_by,
        db8_0.name,
        db8_0.password,
        db8_0.reset_token_expires_at,
        db8_0.role,
        db6_0.employee_id,
        e7_0.id,
        e7_0.can_approve_timesheets,
        e7_0.created_at,
        e7_0.created_by,
        e7_0.deleted_at,
        e7_0.deleted_by,
        e7_0.designation,
        e7_0.email,
        e7_0.end_date,
        e7_0.first_name,
        e7_0.gender,
        e7_0.last_name,
        e7_0.modified_at,
        e7_0.modified_by,
        e7_0.reports_to_id,
        e7_0.start_date,
        db6_0.is_assigner,
        db6_0.modified_at,
        mb9_0.id,
        mb9_0.created_at,
        mb9_0.created_by,
        mb9_0.deleted_at,
        mb9_0.deleted_by,
        mb9_0.employee_id,
        mb9_0.is_assigner,
        mb9_0.modified_at,
        mb9_0.modified_by,
        mb9_0.name,
        mb9_0.password,
        mb9_0.reset_token_expires_at,
        mb9_0.role,
        db6_0.name,
        db6_0.password,
        db6_0.reset_token_expires_at,
        db6_0.role,
        ep1_0.employee_division_id,
        ed1_0.id,
        ed1_0.created_at,
        cb12_0.id,
        cb12_0.created_at,
        cb12_0.created_by,
        cb12_0.deleted_at,
        cb12_0.deleted_by,
        cb12_0.employee_id,
        cb12_0.is_assigner,
        cb12_0.modified_at,
        cb12_0.modified_by,
        cb12_0.name,
        cb12_0.password,
        cb12_0.reset_token_expires_at,
        cb12_0.role,
        ed1_0.deleted_at,
        db13_0.id,
        db13_0.created_at,
        db13_0.created_by,
        db13_0.deleted_at,
        db13_0.deleted_by,
        db13_0.employee_id,
        db13_0.is_assigner,
        db13_0.modified_at,
        db13_0.modified_by,
        db13_0.name,
        db13_0.password,
        db13_0.reset_token_expires_at,
        db13_0.role,
        ed1_0.division_id,
        d1_0.id,
        d1_0.created_at,
        d1_0.created_by,
        d1_0.deleted_at,
        d1_0.deleted_by,
        d1_0.modified_at,
        d1_0.modified_by,
        d1_0.name,
        d1_0.parent_id,
        ed1_0.employee_id,
        e11_0.id,
        e11_0.can_approve_timesheets,
        e11_0.created_at,
        e11_0.created_by,
        e11_0.deleted_at,
        e11_0.deleted_by,
        e11_0.designation,
        e11_0.email,
        e11_0.end_date,
        e11_0.first_name,
        e11_0.gender,
        e11_0.last_name,
        e11_0.modified_at,
        e11_0.modified_by,
        e11_0.reports_to_id,
        e11_0.start_date,
        ed1_0.modified_at,
        mb15_0.id,
        mb15_0.created_at,
        mb15_0.created_by,
        mb15_0.deleted_at,
        mb15_0.deleted_by,
        mb15_0.employee_id,
        mb15_0.is_assigner,
        mb15_0.modified_at,
        mb15_0.modified_by,
        mb15_0.name,
        mb15_0.password,
        mb15_0.reset_token_expires_at,
        mb15_0.role,
        ed1_0.primary_division,
        ep1_0.modified_at,
        mb17_0.id,
        mb17_0.created_at,
        cb18_0.id,
        cb18_0.created_at,
        cb18_0.created_by,
        cb18_0.deleted_at,
        cb18_0.deleted_by,
        cb18_0.employee_id,
        cb18_0.is_assigner,
        cb18_0.modified_at,
        cb18_0.modified_by,
        cb18_0.name,
        cb18_0.password,
        cb18_0.reset_token_expires_at,
        cb18_0.role,
        mb17_0.deleted_at,
        db19_0.id,
        db19_0.created_at,
        db19_0.created_by,
        db19_0.deleted_at,
        db19_0.deleted_by,
        db19_0.employee_id,
        db19_0.is_assigner,
        db19_0.modified_at,
        db19_0.modified_by,
        db19_0.name,
        db19_0.password,
        db19_0.reset_token_expires_at,
        db19_0.role,
        mb17_0.employee_id,
        e15_0.id,
        e15_0.can_approve_timesheets,
        e15_0.created_at,
        e15_0.created_by,
        e15_0.deleted_at,
        e15_0.deleted_by,
        e15_0.designation,
        e15_0.email,
        e15_0.end_date,
        e15_0.first_name,
        e15_0.gender,
        e15_0.last_name,
        e15_0.modified_at,
        e15_0.modified_by,
        e15_0.reports_to_id,
        e15_0.start_date,
        mb17_0.is_assigner,
        mb17_0.modified_at,
        mb21_0.id,
        mb21_0.created_at,
        mb21_0.created_by,
        mb21_0.deleted_at,
        mb21_0.deleted_by,
        mb21_0.employee_id,
        mb21_0.is_assigner,
        mb21_0.modified_at,
        mb21_0.modified_by,
        mb21_0.name,
        mb21_0.password,
        mb21_0.reset_token_expires_at,
        mb21_0.role,
        mb17_0.name,
        mb17_0.password,
        mb17_0.reset_token_expires_at,
        mb17_0.role,
        ep1_0.project_id,
        p2_0.id,
        p2_0.created_at,
        cb23_0.id,
        cb23_0.created_at,
        cb23_0.created_by,
        cb23_0.deleted_at,
        cb23_0.deleted_by,
        cb23_0.employee_id,
        cb23_0.is_assigner,
        cb23_0.modified_at,
        cb23_0.modified_by,
        cb23_0.name,
        cb23_0.password,
        cb23_0.reset_token_expires_at,
        cb23_0.role,
        p2_0.deleted_at,
        db24_0.id,
        db24_0.created_at,
        db24_0.created_by,
        db24_0.deleted_at,
        db24_0.deleted_by,
        db24_0.employee_id,
        db24_0.is_assigner,
        db24_0.modified_at,
        db24_0.modified_by,
        db24_0.name,
        db24_0.password,
        db24_0.reset_token_expires_at,
        db24_0.role,
        p2_0.description,
        p2_0.division_id,
        d2_0.id,
        d2_0.created_at,
        d2_0.created_by,
        d2_0.deleted_at,
        d2_0.deleted_by,
        d2_0.modified_at,
        d2_0.modified_by,
        d2_0.name,
        d2_0.parent_id,
        p2_0.modified_at,
        mb26_0.id,
        mb26_0.created_at,
        mb26_0.created_by,
        mb26_0.deleted_at,
        mb26_0.deleted_by,
        mb26_0.employee_id,
        mb26_0.is_assigner,
        mb26_0.modified_at,
        mb26_0.modified_by,
        mb26_0.name,
        mb26_0.password,
        mb26_0.reset_token_expires_at,
        mb26_0.role,
        p2_0.name 
    from
        employee_projects ep1_0 
    left join
        users cb1_0 
            on cb1_0.id=ep1_0.created_by 
    left join
        users cb2_0 
            on cb2_0.id=cb1_0.created_by 
    left join
        users db2_0 
            on db2_0.id=cb1_0.deleted_by 
    left join
        employees e3_0 
            on e3_0.id=cb1_0.employee_id 
    left join
        users mb4_0 
            on mb4_0.id=cb1_0.modified_by 
    left join
        users db6_0 
            on db6_0.id=ep1_0.deleted_by 
    left join
        users cb7_0 
            on cb7_0.id=db6_0.created_by 
    left join
        users db8_0 
            on db8_0.id=db6_0.deleted_by 
    left join
        employees e7_0 
            on e7_0.id=db6_0.employee_id 
    left join
        users mb9_0 
            on mb9_0.id=db6_0.modified_by 
    join
        employee_divisions ed1_0 
            on ed1_0.id=ep1_0.employee_division_id 
    left join
        users cb12_0 
            on cb12_0.id=ed1_0.created_by 
    left join
        users db13_0 
            on db13_0.id=ed1_0.deleted_by 
    left join
        divisions d1_0 
            on d1_0.id=ed1_0.division_id 
    left join
        employees e11_0 
            on e11_0.id=ed1_0.employee_id 
    left join
        users mb15_0 
            on mb15_0.id=ed1_0.modified_by 
    left join
        users mb17_0 
            on mb17_0.id=ep1_0.modified_by 
    left join
        users cb18_0 
            on cb18_0.id=mb17_0.created_by 
    left join
        users db19_0 
            on db19_0.id=mb17_0.deleted_by 
    left join
        employees e15_0 
            on e15_0.id=mb17_0.employee_id 
    left join
        users mb21_0 
            on mb21_0.id=mb17_0.modified_by 
    join
        projects p2_0 
            on p2_0.id=ep1_0.project_id 
    left join
        users cb23_0 
            on cb23_0.id=p2_0.created_by 
    left join
        users db24_0 
            on db24_0.id=p2_0.deleted_by 
    left join
        divisions d2_0 
            on d2_0.id=p2_0.division_id 
    left join
        users mb26_0 
            on mb26_0.id=p2_0.modified_by 
    where
        ep1_0.id=?
Hibernate: 
    select
        e1_0.id,
        e1_0.can_approve_timesheets,
        e1_0.created_at,
        cb1_0.id,
        cb1_0.created_at,
        cb2_0.id,
        cb2_0.created_at,
        cb2_0.created_by,
        cb2_0.deleted_at,
        cb2_0.deleted_by,
        cb2_0.employee_id,
        cb2_0.is_assigner,
        cb2_0.modified_at,
        cb2_0.modified_by,
        cb2_0.name,
        cb2_0.password,
        cb2_0.reset_token_expires_at,
        cb2_0.role,
        cb1_0.deleted_at,
        db2_0.id,
        db2_0.created_at,
        db2_0.created_by,
        db2_0.deleted_at,
        db2_0.deleted_by,
        db2_0.employee_id,
        db2_0.is_assigner,
        db2_0.modified_at,
        db2_0.modified_by,
        db2_0.name,
        db2_0.password,
        db2_0.reset_token_expires_at,
        db2_0.role,
        cb1_0.employee_id,
        e4_0.id,
        e4_0.can_approve_timesheets,
        e4_0.created_at,
        e4_0.created_by,
        e4_0.deleted_at,
        e4_0.deleted_by,
        e4_0.designation,
        e4_0.email,
        e4_0.end_date,
        e4_0.first_name,
        e4_0.gender,
        e4_0.last_name,
        e4_0.modified_at,
        e4_0.modified_by,
        e4_0.reports_to_id,
        e4_0.start_date,
        cb1_0.is_assigner,
        cb1_0.modified_at,
        mb4_0.id,
        mb4_0.created_at,
        mb4_0.created_by,
        mb4_0.deleted_at,
        mb4_0.deleted_by,
        mb4_0.employee_id,
        mb4_0.is_assigner,
        mb4_0.modified_at,
        mb4_0.modified_by,
        mb4_0.name,
        mb4_0.password,
        mb4_0.reset_token_expires_at,
        mb4_0.role,
        cb1_0.name,
        cb1_0.password,
        cb1_0.reset_token_expires_at,
        cb1_0.role,
        e1_0.deleted_at,
        db6_0.id,
        db6_0.created_at,
        cb7_0.id,
        cb7_0.created_at,
        cb7_0.created_by,
        cb7_0.deleted_at,
        cb7_0.deleted_by,
        cb7_0.employee_id,
        cb7_0.is_assigner,
        cb7_0.modified_at,
        cb7_0.modified_by,
        cb7_0.name,
        cb7_0.password,
        cb7_0.reset_token_expires_at,
        cb7_0.role,
        db6_0.deleted_at,
        db8_0.id,
        db8_0.created_at,
        db8_0.created_by,
        db8_0.deleted_at,
        db8_0.deleted_by,
        db8_0.employee_id,
        db8_0.is_assigner,
        db8_0.modified_at,
        db8_0.modified_by,
        db8_0.name,
        db8_0.password,
        db8_0.reset_token_expires_at,
        db8_0.role,
        db6_0.employee_id,
        e8_0.id,
        e8_0.can_approve_timesheets,
        e8_0.created_at,
        e8_0.created_by,
        e8_0.deleted_at,
        e8_0.deleted_by,
        e8_0.designation,
        e8_0.email,
        e8_0.end_date,
        e8_0.first_name,
        e8_0.gender,
        e8_0.last_name,
        e8_0.modified_at,
        e8_0.modified_by,
        e8_0.reports_to_id,
        e8_0.start_date,
        db6_0.is_assigner,
        db6_0.modified_at,
        mb9_0.id,
        mb9_0.created_at,
        mb9_0.created_by,
        mb9_0.deleted_at,
        mb9_0.deleted_by,
        mb9_0.employee_id,
        mb9_0.is_assigner,
        mb9_0.modified_at,
        mb9_0.modified_by,
        mb9_0.name,
        mb9_0.password,
        mb9_0.reset_token_expires_at,
        mb9_0.role,
        db6_0.name,
        db6_0.password,
        db6_0.reset_token_expires_at,
        db6_0.role,
        e1_0.designation,
        e1_0.email,
        e1_0.end_date,
        e1_0.first_name,
        e1_0.gender,
        e1_0.last_name,
        e1_0.modified_at,
        mb11_0.id,
        mb11_0.created_at,
        cb12_0.id,
        cb12_0.created_at,
        cb12_0.created_by,
        cb12_0.deleted_at,
        cb12_0.deleted_by,
        cb12_0.employee_id,
        cb12_0.is_assigner,
        cb12_0.modified_at,
        cb12_0.modified_by,
        cb12_0.name,
        cb12_0.password,
        cb12_0.reset_token_expires_at,
        cb12_0.role,
        mb11_0.deleted_at,
        db13_0.id,
        db13_0.created_at,
        db13_0.created_by,
        db13_0.deleted_at,
        db13_0.deleted_by,
        db13_0.employee_id,
        db13_0.is_assigner,
        db13_0.modified_at,
        db13_0.modified_by,
        db13_0.name,
        db13_0.password,
        db13_0.reset_token_expires_at,
        db13_0.role,
        mb11_0.employee_id,
        e12_0.id,
        e12_0.can_approve_timesheets,
        e12_0.created_at,
        e12_0.created_by,
        e12_0.deleted_at,
        e12_0.deleted_by,
        e12_0.designation,
        e12_0.email,
        e12_0.end_date,
        e12_0.first_name,
        e12_0.gender,
        e12_0.last_name,
        e12_0.modified_at,
        e12_0.modified_by,
        e12_0.reports_to_id,
        e12_0.start_date,
        mb11_0.is_assigner,
        mb11_0.modified_at,
        mb15_0.id,
        mb15_0.created_at,
        mb15_0.created_by,
        mb15_0.deleted_at,
        mb15_0.deleted_by,
        mb15_0.employee_id,
        mb15_0.is_assigner,
        mb15_0.modified_at,
        mb15_0.modified_by,
        mb15_0.name,
        mb15_0.password,
        mb15_0.reset_token_expires_at,
        mb15_0.role,
        mb11_0.name,
        mb11_0.password,
        mb11_0.reset_token_expires_at,
        mb11_0.role,
        rt4_0.id,
        rt4_0.can_approve_timesheets,
        rt4_0.created_at,
        cb17_0.id,
        cb17_0.created_at,
        cb17_0.created_by,
        cb17_0.deleted_at,
        cb17_0.deleted_by,
        cb17_0.employee_id,
        cb17_0.is_assigner,
        cb17_0.modified_at,
        cb17_0.modified_by,
        cb17_0.name,
        cb17_0.password,
        cb17_0.reset_token_expires_at,
        cb17_0.role,
        rt4_0.deleted_at,
        db18_0.id,
        db18_0.created_at,
        db18_0.created_by,
        db18_0.deleted_at,
        db18_0.deleted_by,
        db18_0.employee_id,
        db18_0.is_assigner,
        db18_0.modified_at,
        db18_0.modified_by,
        db18_0.name,
        db18_0.password,
        db18_0.reset_token_expires_at,
        db18_0.role,
        rt4_0.designation,
        rt4_0.email,
        rt4_0.end_date,
        rt4_0.first_name,
        rt4_0.gender,
        rt4_0.last_name,
        rt4_0.modified_at,
        mb19_0.id,
        mb19_0.created_at,
        mb19_0.created_by,
        mb19_0.deleted_at,
        mb19_0.deleted_by,
        mb19_0.employee_id,
        mb19_0.is_assigner,
        mb19_0.modified_at,
        mb19_0.modified_by,
        mb19_0.name,
        mb19_0.password,
        mb19_0.reset_token_expires_at,
        mb19_0.role,
        rt4_0.reports_to_id,
        rt4_0.start_date,
        e1_0.start_date 
    from
        employees e1_0 
    left join
        users cb1_0 
            on cb1_0.id=e1_0.created_by 
    left join
        users cb2_0 
            on cb2_0.id=cb1_0.created_by 
    left join
        users db2_0 
            on db2_0.id=cb1_0.deleted_by 
    left join
        employees e4_0 
            on e4_0.id=cb1_0.employee_id 
    left join
        users mb4_0 
            on mb4_0.id=cb1_0.modified_by 
    left join
        users db6_0 
            on db6_0.id=e1_0.deleted_by 
    left join
        users cb7_0 
            on cb7_0.id=db6_0.created_by 
    left join
        users db8_0 
            on db8_0.id=db6_0.deleted_by 
    left join
        employees e8_0 
            on e8_0.id=db6_0.employee_id 
    left join
        users mb9_0 
            on mb9_0.id=db6_0.modified_by 
    left join
        users mb11_0 
            on mb11_0.id=e1_0.modified_by 
    left join
        users cb12_0 
            on cb12_0.id=mb11_0.created_by 
    left join
        users db13_0 
            on db13_0.id=mb11_0.deleted_by 
    left join
        employees e12_0 
            on e12_0.id=mb11_0.employee_id 
    left join
        users mb15_0 
            on mb15_0.id=mb11_0.modified_by 
    left join
        employees rt4_0 
            on rt4_0.id=e1_0.reports_to_id 
    left join
        users cb17_0 
            on cb17_0.id=rt4_0.created_by 
    left join
        users db18_0 
            on db18_0.id=rt4_0.deleted_by 
    left join
        users mb19_0 
            on mb19_0.id=rt4_0.modified_by 
    where
        e1_0.id=?
]]></system-out>
  </testcase>
  <testcase name="testFindByEmployeeId" classname="org.imaginnovate.Repository.common.EmployeeProjectRepoTest" time="0.005">
    <error message="org.hibernate.query.sqm.UnknownPathException: Could not resolve attribute &apos;employeeId&apos; of &apos;org.imaginnovate.entity.common.EmployeeDivision&apos; [SELECT ep FROM EmployeeProject ep JOIN ep.employeeDivision ed WHERE ed.employeeId.id = :employeeId]" type="java.lang.IllegalArgumentException"><![CDATA[java.lang.IllegalArgumentException: org.hibernate.query.sqm.UnknownPathException: Could not resolve attribute 'employeeId' of 'org.imaginnovate.entity.common.EmployeeDivision' [SELECT ep FROM EmployeeProject ep JOIN ep.employeeDivision ed WHERE ed.employeeId.id = :employeeId]
	at org.hibernate.internal.ExceptionConverterImpl.convert(ExceptionConverterImpl.java:143)
	at org.hibernate.internal.ExceptionConverterImpl.convert(ExceptionConverterImpl.java:167)
	at org.hibernate.internal.ExceptionConverterImpl.convert(ExceptionConverterImpl.java:173)
	at org.hibernate.internal.AbstractSharedSessionContract.createQuery(AbstractSharedSessionContract.java:860)
	at org.hibernate.internal.AbstractSharedSessionContract.createQuery(AbstractSharedSessionContract.java:140)
	at io.quarkus.hibernate.orm.runtime.session.TransactionScopedSession.createQuery(TransactionScopedSession.java:402)
	at org.hibernate.engine.spi.SessionLazyDelegator.createQuery(SessionLazyDelegator.java:552)
	at org.hibernate.engine.spi.SessionLazyDelegator.createQuery(SessionLazyDelegator.java:68)
	at org.hibernate.Session_OpdLahisOZ9nWRPXMsEFQmQU03A_Synthetic_ClientProxy.createQuery(Unknown Source)
	at org.imaginnovate.repository.common.EmployeeProjectRepo.findByEmployeeId(EmployeeProjectRepo.java:58)
	at org.imaginnovate.repository.common.EmployeeProjectRepo_ClientProxy.findByEmployeeId(Unknown Source)
	at org.imaginnovate.Repository.common.EmployeeProjectRepoTest.testFindByEmployeeId(EmployeeProjectRepoTest.java:84)
	at java.base/java.lang.reflect.Method.invoke(Method.java:580)
	at io.quarkus.test.junit.QuarkusTestExtension.runExtensionMethod(QuarkusTestExtension.java:1017)
	at io.quarkus.test.junit.QuarkusTestExtension.interceptTestMethod(QuarkusTestExtension.java:831)
	at java.base/java.util.ArrayList.forEach(ArrayList.java:1596)
	at java.base/java.util.ArrayList.forEach(ArrayList.java:1596)
Caused by: org.hibernate.query.sqm.UnknownPathException: Could not resolve attribute 'employeeId' of 'org.imaginnovate.entity.common.EmployeeDivision' [SELECT ep FROM EmployeeProject ep JOIN ep.employeeDivision ed WHERE ed.employeeId.id = :employeeId]
	at org.hibernate.query.hql.internal.StandardHqlTranslator.translate(StandardHqlTranslator.java:88)
	at org.hibernate.query.internal.QueryInterpretationCacheStandardImpl.createHqlInterpretation(QueryInterpretationCacheStandardImpl.java:145)
	at org.hibernate.query.internal.QueryInterpretationCacheStandardImpl.resolveHqlInterpretation(QueryInterpretationCacheStandardImpl.java:132)
	at org.hibernate.internal.AbstractSharedSessionContract.interpretHql(AbstractSharedSessionContract.java:802)
	at org.hibernate.internal.AbstractSharedSessionContract.createQuery(AbstractSharedSessionContract.java:852)
	... 13 more
Caused by: org.hibernate.query.sqm.PathElementException: Could not resolve attribute 'employeeId' of 'org.imaginnovate.entity.common.EmployeeDivision'
	at org.hibernate.query.sqm.SqmPathSource.getSubPathSource(SqmPathSource.java:95)
	at org.hibernate.query.sqm.tree.domain.AbstractSqmPath.get(AbstractSqmPath.java:196)
	at org.hibernate.query.sqm.tree.domain.AbstractSqmFrom.resolvePathPart(AbstractSqmFrom.java:198)
	at org.hibernate.query.hql.internal.DomainPathPart.resolvePathPart(DomainPathPart.java:42)
	at org.hibernate.query.hql.internal.BasicDotIdentifierConsumer.consumeIdentifier(BasicDotIdentifierConsumer.java:92)
	at org.hibernate.query.hql.internal.SemanticQueryBuilder.visitSimplePath(SemanticQueryBuilder.java:5269)
	at org.hibernate.query.hql.internal.SemanticQueryBuilder.visitIndexedPathAccessFragment(SemanticQueryBuilder.java:5218)
	at org.hibernate.query.hql.internal.SemanticQueryBuilder.visitGeneralPathFragment(SemanticQueryBuilder.java:5193)
	at org.hibernate.query.hql.internal.SemanticQueryBuilder.visitGeneralPathExpression(SemanticQueryBuilder.java:1886)
	at org.hibernate.grammars.hql.HqlParser$GeneralPathExpressionContext.accept(HqlParser.java:7967)
	at org.antlr.v4.runtime.tree.AbstractParseTreeVisitor.visitChildren(AbstractParseTreeVisitor.java:46)
	at org.hibernate.grammars.hql.HqlParserBaseVisitor.visitBarePrimaryExpression(HqlParserBaseVisitor.java:777)
	at org.hibernate.grammars.hql.HqlParser$BarePrimaryExpressionContext.accept(HqlParser.java:7425)
	at org.hibernate.query.hql.internal.SemanticQueryBuilder.createComparisonPredicate(SemanticQueryBuilder.java:2543)
	at org.hibernate.query.hql.internal.SemanticQueryBuilder.visitComparisonPredicate(SemanticQueryBuilder.java:2504)
	at org.hibernate.query.hql.internal.SemanticQueryBuilder.visitComparisonPredicate(SemanticQueryBuilder.java:275)
	at org.hibernate.grammars.hql.HqlParser$ComparisonPredicateContext.accept(HqlParser.java:6432)
	at org.hibernate.query.hql.internal.SemanticQueryBuilder.visitWhereClause(SemanticQueryBuilder.java:2356)
	at org.hibernate.query.hql.internal.SemanticQueryBuilder.visitWhereClause(SemanticQueryBuilder.java:275)
	at org.hibernate.grammars.hql.HqlParser$WhereClauseContext.accept(HqlParser.java:6173)
	at org.hibernate.query.hql.internal.SemanticQueryBuilder.visitQuery(SemanticQueryBuilder.java:1254)
	at org.hibernate.query.hql.internal.SemanticQueryBuilder.visitQuerySpecExpression(SemanticQueryBuilder.java:1035)
	at org.hibernate.query.hql.internal.SemanticQueryBuilder.visitQuerySpecExpression(SemanticQueryBuilder.java:275)
	at org.hibernate.grammars.hql.HqlParser$QuerySpecExpressionContext.accept(HqlParser.java:2132)
	at org.hibernate.query.hql.internal.SemanticQueryBuilder.visitSimpleQueryGroup(SemanticQueryBuilder.java:1020)
	at org.hibernate.query.hql.internal.SemanticQueryBuilder.visitSimpleQueryGroup(SemanticQueryBuilder.java:275)
	at org.hibernate.grammars.hql.HqlParser$SimpleQueryGroupContext.accept(HqlParser.java:2003)
	at org.hibernate.query.hql.internal.SemanticQueryBuilder.visitSelectStatement(SemanticQueryBuilder.java:490)
	at org.hibernate.query.hql.internal.SemanticQueryBuilder.visitStatement(SemanticQueryBuilder.java:449)
	at org.hibernate.query.hql.internal.SemanticQueryBuilder.buildSemanticModel(SemanticQueryBuilder.java:322)
	at org.hibernate.query.hql.internal.StandardHqlTranslator.translate(StandardHqlTranslator.java:71)
	... 17 more
]]></error>
  </testcase>
  <testcase name="testFindAllEmployeeProjects" classname="org.imaginnovate.Repository.common.EmployeeProjectRepoTest" time="0.023">
    <system-out><![CDATA[Hibernate: 
    select
        ep1_0.id,
        ep1_0.employee_division_id,
        ep1_0.project_id,
        ep1_0.created_by,
        ep1_0.created_at,
        ep1_0.modified_by,
        ep1_0.modified_at,
        ep1_0.deleted_by,
        ep1_0.deleted_at 
    from
        employee_projects ep1_0
]]></system-out>
  </testcase>
  <testcase name="testPersist" classname="org.imaginnovate.Repository.common.EmployeeProjectRepoTest" time="0.027">
    <error message="not-null property references a null or transient value : org.imaginnovate.entity.common.EmployeeProject.createdAt" type="org.hibernate.PropertyValueException"><![CDATA[org.hibernate.PropertyValueException: not-null property references a null or transient value : org.imaginnovate.entity.common.EmployeeProject.createdAt
	at org.hibernate.engine.internal.Nullability.checkNullability(Nullability.java:109)
	at org.hibernate.engine.internal.Nullability.checkNullability(Nullability.java:54)
	at org.hibernate.action.internal.AbstractEntityInsertAction.nullifyTransientReferencesIfNotAlready(AbstractEntityInsertAction.java:124)
	at org.hibernate.action.internal.EntityIdentityInsertAction.execute(EntityIdentityInsertAction.java:73)
	at org.hibernate.engine.spi.ActionQueue.execute(ActionQueue.java:670)
	at org.hibernate.engine.spi.ActionQueue.addResolvedEntityInsertAction(ActionQueue.java:291)
	at org.hibernate.engine.spi.ActionQueue.addInsertAction(ActionQueue.java:272)
	at org.hibernate.engine.spi.ActionQueue.addAction(ActionQueue.java:322)
	at org.hibernate.event.internal.AbstractSaveEventListener.addInsertAction(AbstractSaveEventListener.java:391)
	at org.hibernate.event.internal.AbstractSaveEventListener.performSaveOrReplicate(AbstractSaveEventListener.java:305)
	at org.hibernate.event.internal.AbstractSaveEventListener.performSave(AbstractSaveEventListener.java:224)
	at org.hibernate.event.internal.AbstractSaveEventListener.saveWithGeneratedId(AbstractSaveEventListener.java:137)
	at org.hibernate.event.internal.DefaultPersistEventListener.entityIsTransient(DefaultPersistEventListener.java:175)
	at org.hibernate.event.internal.DefaultPersistEventListener.persist(DefaultPersistEventListener.java:93)
	at org.hibernate.event.internal.DefaultPersistEventListener.onPersist(DefaultPersistEventListener.java:77)
	at org.hibernate.event.internal.DefaultPersistEventListener.onPersist(DefaultPersistEventListener.java:54)
	at org.hibernate.event.service.internal.EventListenerGroupImpl.fireEventOnEachListener(EventListenerGroupImpl.java:127)
	at org.hibernate.internal.SessionImpl.firePersist(SessionImpl.java:757)
	at org.hibernate.internal.SessionImpl.persist(SessionImpl.java:741)
	at io.quarkus.hibernate.orm.runtime.session.TransactionScopedSession.persist(TransactionScopedSession.java:146)
	at org.hibernate.engine.spi.SessionLazyDelegator.persist(SessionLazyDelegator.java:282)
	at org.hibernate.Session_OpdLahisOZ9nWRPXMsEFQmQU03A_Synthetic_ClientProxy.persist(Unknown Source)
	at org.imaginnovate.repository.common.EmployeeProjectRepo.persist(EmployeeProjectRepo.java:43)
	at org.imaginnovate.repository.common.EmployeeProjectRepo_ClientProxy.persist(Unknown Source)
	at org.imaginnovate.Repository.common.EmployeeProjectRepoTest.testPersist(EmployeeProjectRepoTest.java:70)
	at org.imaginnovate.Repository.common.EmployeeProjectRepoTest_Subclass.testPersist$$superforward(Unknown Source)
	at org.imaginnovate.Repository.common.EmployeeProjectRepoTest_Subclass$$function$$5.apply(Unknown Source)
	at io.quarkus.arc.impl.AroundInvokeInvocationContext.proceed(AroundInvokeInvocationContext.java:73)
	at io.quarkus.arc.impl.AroundInvokeInvocationContext.proceed(AroundInvokeInvocationContext.java:62)
	at io.quarkus.narayana.jta.runtime.interceptor.TransactionalInterceptorBase.invokeInOurTx(TransactionalInterceptorBase.java:136)
	at io.quarkus.narayana.jta.runtime.interceptor.TransactionalInterceptorBase.invokeInOurTx(TransactionalInterceptorBase.java:107)
	at io.quarkus.narayana.jta.runtime.interceptor.TransactionalInterceptorRequired.doIntercept(TransactionalInterceptorRequired.java:38)
	at io.quarkus.narayana.jta.runtime.interceptor.TransactionalInterceptorBase.intercept(TransactionalInterceptorBase.java:61)
	at io.quarkus.narayana.jta.runtime.interceptor.TransactionalInterceptorRequired.intercept(TransactionalInterceptorRequired.java:32)
	at io.quarkus.narayana.jta.runtime.interceptor.TransactionalInterceptorRequired_Bean.intercept(Unknown Source)
	at io.quarkus.arc.impl.InterceptorInvocation.invoke(InterceptorInvocation.java:42)
	at io.quarkus.arc.impl.AroundInvokeInvocationContext.perform(AroundInvokeInvocationContext.java:30)
	at io.quarkus.arc.impl.InvocationContexts.performAroundInvoke(InvocationContexts.java:27)
	at org.imaginnovate.Repository.common.EmployeeProjectRepoTest_Subclass.testPersist(Unknown Source)
	at java.base/java.lang.reflect.Method.invoke(Method.java:580)
	at io.quarkus.test.junit.QuarkusTestExtension.runExtensionMethod(QuarkusTestExtension.java:1017)
	at io.quarkus.test.junit.QuarkusTestExtension.interceptTestMethod(QuarkusTestExtension.java:831)
	at java.base/java.util.ArrayList.forEach(ArrayList.java:1596)
	at java.base/java.util.ArrayList.forEach(ArrayList.java:1596)
]]></error>
  </testcase>
  <testcase name="testCanApproveTimesheetsInSomeProject" classname="org.imaginnovate.Repository.common.EmployeeProjectRepoTest" time="0.016">
    <failure message="expected: &lt;true&gt; but was: &lt;false&gt;" type="org.opentest4j.AssertionFailedError"><![CDATA[org.opentest4j.AssertionFailedError: expected: <true> but was: <false>
	at org.junit.jupiter.api.AssertionFailureBuilder.build(AssertionFailureBuilder.java:151)
	at org.junit.jupiter.api.AssertionFailureBuilder.buildAndThrow(AssertionFailureBuilder.java:132)
	at org.junit.jupiter.api.AssertTrue.failNotTrue(AssertTrue.java:63)
	at org.junit.jupiter.api.AssertTrue.assertTrue(AssertTrue.java:36)
	at org.junit.jupiter.api.AssertTrue.assertTrue(AssertTrue.java:31)
	at org.junit.jupiter.api.Assertions.assertTrue(Assertions.java:183)
	at org.imaginnovate.Repository.common.EmployeeProjectRepoTest.testCanApproveTimesheetsInSomeProject(EmployeeProjectRepoTest.java:104)
	at java.base/java.lang.reflect.Method.invoke(Method.java:580)
	at io.quarkus.test.junit.QuarkusTestExtension.runExtensionMethod(QuarkusTestExtension.java:1017)
	at io.quarkus.test.junit.QuarkusTestExtension.interceptTestMethod(QuarkusTestExtension.java:831)
	at java.base/java.util.ArrayList.forEach(ArrayList.java:1596)
	at java.base/java.util.ArrayList.forEach(ArrayList.java:1596)
]]></failure>
    <system-out><![CDATA[Hibernate: 
    select
        count(ep1_0.id)>0 
    from
        employee_projects ep1_0 
    join
        employee_divisions ed1_0 
            on ed1_0.id=ep1_0.employee_division_id 
    join
        employees e1_0 
            on e1_0.id=ed1_0.employee_id 
    where
        ep1_0.project_id=? 
        and ed1_0.employee_id=? 
        and e1_0.can_approve_timesheets=1
]]></system-out>
  </testcase>
  <testcase name="testDelete" classname="org.imaginnovate.Repository.common.EmployeeProjectRepoTest" time="0.011">
    <error message="Removing a detached instance org.imaginnovate.entity.common.EmployeeProject#1" type="java.lang.IllegalArgumentException"><![CDATA[java.lang.IllegalArgumentException: Removing a detached instance org.imaginnovate.entity.common.EmployeeProject#1
	at org.hibernate.event.internal.DefaultDeleteEventListener.disallowDeletionOfDetached(DefaultDeleteEventListener.java:313)
	at org.hibernate.event.internal.DefaultDeleteEventListener.performDetachedEntityDeletionCheck(DefaultDeleteEventListener.java:301)
	at org.hibernate.event.internal.DefaultDeleteEventListener.deleteTransientInstance(DefaultDeleteEventListener.java:175)
	at org.hibernate.event.internal.DefaultDeleteEventListener.delete(DefaultDeleteEventListener.java:158)
	at org.hibernate.event.internal.DefaultDeleteEventListener.onDelete(DefaultDeleteEventListener.java:97)
	at org.hibernate.event.internal.DefaultDeleteEventListener.onDelete(DefaultDeleteEventListener.java:84)
	at org.hibernate.event.service.internal.EventListenerGroupImpl.fireEventOnEachListener(EventListenerGroupImpl.java:127)
	at org.hibernate.internal.SessionImpl.fireDelete(SessionImpl.java:963)
	at org.hibernate.internal.SessionImpl.delete(SessionImpl.java:894)
	at org.hibernate.internal.SessionImpl.remove(SessionImpl.java:2382)
	at io.quarkus.hibernate.orm.runtime.session.TransactionScopedSession.remove(TransactionScopedSession.java:168)
	at org.hibernate.engine.spi.SessionLazyDelegator.remove(SessionLazyDelegator.java:352)
	at org.hibernate.Session_OpdLahisOZ9nWRPXMsEFQmQU03A_Synthetic_ClientProxy.remove(Unknown Source)
	at org.imaginnovate.repository.common.EmployeeProjectRepo.delete(EmployeeProjectRepo.java:39)
	at org.imaginnovate.repository.common.EmployeeProjectRepo_ClientProxy.delete(Unknown Source)
	at org.imaginnovate.Repository.common.EmployeeProjectRepoTest.testDelete(EmployeeProjectRepoTest.java:61)
	at org.imaginnovate.Repository.common.EmployeeProjectRepoTest_Subclass.testDelete$$superforward(Unknown Source)
	at org.imaginnovate.Repository.common.EmployeeProjectRepoTest_Subclass$$function$$2.apply(Unknown Source)
	at io.quarkus.arc.impl.AroundInvokeInvocationContext.proceed(AroundInvokeInvocationContext.java:73)
	at io.quarkus.arc.impl.AroundInvokeInvocationContext.proceed(AroundInvokeInvocationContext.java:62)
	at io.quarkus.narayana.jta.runtime.interceptor.TransactionalInterceptorBase.invokeInOurTx(TransactionalInterceptorBase.java:136)
	at io.quarkus.narayana.jta.runtime.interceptor.TransactionalInterceptorBase.invokeInOurTx(TransactionalInterceptorBase.java:107)
	at io.quarkus.narayana.jta.runtime.interceptor.TransactionalInterceptorRequired.doIntercept(TransactionalInterceptorRequired.java:38)
	at io.quarkus.narayana.jta.runtime.interceptor.TransactionalInterceptorBase.intercept(TransactionalInterceptorBase.java:61)
	at io.quarkus.narayana.jta.runtime.interceptor.TransactionalInterceptorRequired.intercept(TransactionalInterceptorRequired.java:32)
	at io.quarkus.narayana.jta.runtime.interceptor.TransactionalInterceptorRequired_Bean.intercept(Unknown Source)
	at io.quarkus.arc.impl.InterceptorInvocation.invoke(InterceptorInvocation.java:42)
	at io.quarkus.arc.impl.AroundInvokeInvocationContext.perform(AroundInvokeInvocationContext.java:30)
	at io.quarkus.arc.impl.InvocationContexts.performAroundInvoke(InvocationContexts.java:27)
	at org.imaginnovate.Repository.common.EmployeeProjectRepoTest_Subclass.testDelete(Unknown Source)
	at java.base/java.lang.reflect.Method.invoke(Method.java:580)
	at io.quarkus.test.junit.QuarkusTestExtension.runExtensionMethod(QuarkusTestExtension.java:1017)
	at io.quarkus.test.junit.QuarkusTestExtension.interceptTestMethod(QuarkusTestExtension.java:831)
	at java.base/java.util.ArrayList.forEach(ArrayList.java:1596)
	at java.base/java.util.ArrayList.forEach(ArrayList.java:1596)
]]></error>
  </testcase>
  <testcase name="testFindByEmployeeAndProject" classname="org.imaginnovate.Repository.common.EmployeeProjectRepoTest" time="0.121">
    <system-out><![CDATA[Hibernate: 
    select
        ep1_0.id,
        ep1_0.created_at,
        ep1_0.created_by,
        ep1_0.deleted_at,
        ep1_0.deleted_by,
        ep1_0.employee_division_id,
        ep1_0.modified_at,
        ep1_0.modified_by,
        ep1_0.project_id 
    from
        employee_projects ep1_0 
    where
        ep1_0.employee_division_id=? 
        and ep1_0.project_id=?
Hibernate: 
    select
        u1_0.id,
        u1_0.created_at,
        cb1_0.id,
        cb1_0.created_at,
        cb1_0.created_by,
        cb1_0.deleted_at,
        db1_0.id,
        db1_0.created_at,
        db1_0.created_by,
        db1_0.deleted_at,
        db1_0.deleted_by,
        db1_0.employee_id,
        db1_0.is_assigner,
        db1_0.modified_at,
        db1_0.modified_by,
        db1_0.name,
        db1_0.password,
        db1_0.reset_token_expires_at,
        db1_0.role,
        cb1_0.employee_id,
        e2_0.id,
        e2_0.can_approve_timesheets,
        e2_0.created_at,
        e2_0.created_by,
        e2_0.deleted_at,
        e2_0.deleted_by,
        e2_0.designation,
        e2_0.email,
        e2_0.end_date,
        e2_0.first_name,
        e2_0.gender,
        e2_0.last_name,
        e2_0.modified_at,
        e2_0.modified_by,
        e2_0.reports_to_id,
        e2_0.start_date,
        cb1_0.is_assigner,
        cb1_0.modified_at,
        mb3_0.id,
        mb3_0.created_at,
        mb3_0.created_by,
        mb3_0.deleted_at,
        mb3_0.deleted_by,
        mb3_0.employee_id,
        mb3_0.is_assigner,
        mb3_0.modified_at,
        mb3_0.modified_by,
        mb3_0.name,
        mb3_0.password,
        mb3_0.reset_token_expires_at,
        mb3_0.role,
        cb1_0.name,
        cb1_0.password,
        cb1_0.reset_token_expires_at,
        cb1_0.role,
        u1_0.deleted_at,
        db5_0.id,
        db5_0.created_at,
        cb6_0.id,
        cb6_0.created_at,
        cb6_0.created_by,
        cb6_0.deleted_at,
        cb6_0.deleted_by,
        cb6_0.employee_id,
        cb6_0.is_assigner,
        cb6_0.modified_at,
        cb6_0.modified_by,
        cb6_0.name,
        cb6_0.password,
        cb6_0.reset_token_expires_at,
        cb6_0.role,
        db5_0.deleted_at,
        db5_0.deleted_by,
        db5_0.employee_id,
        e5_0.id,
        e5_0.can_approve_timesheets,
        e5_0.created_at,
        e5_0.created_by,
        e5_0.deleted_at,
        e5_0.deleted_by,
        e5_0.designation,
        e5_0.email,
        e5_0.end_date,
        e5_0.first_name,
        e5_0.gender,
        e5_0.last_name,
        e5_0.modified_at,
        e5_0.modified_by,
        e5_0.reports_to_id,
        e5_0.start_date,
        db5_0.is_assigner,
        db5_0.modified_at,
        mb7_0.id,
        mb7_0.created_at,
        mb7_0.created_by,
        mb7_0.deleted_at,
        mb7_0.deleted_by,
        mb7_0.employee_id,
        mb7_0.is_assigner,
        mb7_0.modified_at,
        mb7_0.modified_by,
        mb7_0.name,
        mb7_0.password,
        mb7_0.reset_token_expires_at,
        mb7_0.role,
        db5_0.name,
        db5_0.password,
        db5_0.reset_token_expires_at,
        db5_0.role,
        u1_0.employee_id,
        e7_0.id,
        e7_0.can_approve_timesheets,
        e7_0.created_at,
        cb10_0.id,
        cb10_0.created_at,
        cb10_0.created_by,
        cb10_0.deleted_at,
        cb10_0.deleted_by,
        cb10_0.employee_id,
        cb10_0.is_assigner,
        cb10_0.modified_at,
        cb10_0.modified_by,
        cb10_0.name,
        cb10_0.password,
        cb10_0.reset_token_expires_at,
        cb10_0.role,
        e7_0.deleted_at,
        db11_0.id,
        db11_0.created_at,
        db11_0.created_by,
        db11_0.deleted_at,
        db11_0.deleted_by,
        db11_0.employee_id,
        db11_0.is_assigner,
        db11_0.modified_at,
        db11_0.modified_by,
        db11_0.name,
        db11_0.password,
        db11_0.reset_token_expires_at,
        db11_0.role,
        e7_0.designation,
        e7_0.email,
        e7_0.end_date,
        e7_0.first_name,
        e7_0.gender,
        e7_0.last_name,
        e7_0.modified_at,
        mb11_0.id,
        mb11_0.created_at,
        mb11_0.created_by,
        mb11_0.deleted_at,
        mb11_0.deleted_by,
        mb11_0.employee_id,
        mb11_0.is_assigner,
        mb11_0.modified_at,
        mb11_0.modified_by,
        mb11_0.name,
        mb11_0.password,
        mb11_0.reset_token_expires_at,
        mb11_0.role,
        rt3_0.id,
        rt3_0.can_approve_timesheets,
        rt3_0.created_at,
        rt3_0.created_by,
        rt3_0.deleted_at,
        rt3_0.deleted_by,
        rt3_0.designation,
        rt3_0.email,
        rt3_0.end_date,
        rt3_0.first_name,
        rt3_0.gender,
        rt3_0.last_name,
        rt3_0.modified_at,
        rt3_0.modified_by,
        rt3_0.reports_to_id,
        rt3_0.start_date,
        e7_0.start_date,
        u1_0.is_assigner,
        u1_0.modified_at,
        mb14_0.id,
        mb14_0.created_at,
        cb15_0.id,
        cb15_0.created_at,
        cb15_0.created_by,
        cb15_0.deleted_at,
        cb15_0.deleted_by,
        cb15_0.employee_id,
        cb15_0.is_assigner,
        cb15_0.modified_at,
        cb15_0.modified_by,
        cb15_0.name,
        cb15_0.password,
        cb15_0.reset_token_expires_at,
        cb15_0.role,
        mb14_0.deleted_at,
        db16_0.id,
        db16_0.created_at,
        db16_0.created_by,
        db16_0.deleted_at,
        db16_0.deleted_by,
        db16_0.employee_id,
        db16_0.is_assigner,
        db16_0.modified_at,
        db16_0.modified_by,
        db16_0.name,
        db16_0.password,
        db16_0.reset_token_expires_at,
        db16_0.role,
        mb14_0.employee_id,
        e13_0.id,
        e13_0.can_approve_timesheets,
        e13_0.created_at,
        e13_0.created_by,
        e13_0.deleted_at,
        e13_0.deleted_by,
        e13_0.designation,
        e13_0.email,
        e13_0.end_date,
        e13_0.first_name,
        e13_0.gender,
        e13_0.last_name,
        e13_0.modified_at,
        e13_0.modified_by,
        e13_0.reports_to_id,
        e13_0.start_date,
        mb14_0.is_assigner,
        mb14_0.modified_at,
        mb14_0.modified_by,
        mb14_0.name,
        mb14_0.password,
        mb14_0.reset_token_expires_at,
        mb14_0.role,
        u1_0.name,
        u1_0.password,
        u1_0.reset_token_expires_at,
        u1_0.role 
    from
        users u1_0 
    left join
        users cb1_0 
            on cb1_0.id=u1_0.created_by 
    left join
        users db1_0 
            on db1_0.id=cb1_0.deleted_by 
    left join
        employees e2_0 
            on e2_0.id=cb1_0.employee_id 
    left join
        users mb3_0 
            on mb3_0.id=cb1_0.modified_by 
    left join
        users db5_0 
            on db5_0.id=u1_0.deleted_by 
    left join
        users cb6_0 
            on cb6_0.id=db5_0.created_by 
    left join
        employees e5_0 
            on e5_0.id=db5_0.employee_id 
    left join
        users mb7_0 
            on mb7_0.id=db5_0.modified_by 
    join
        employees e7_0 
            on e7_0.id=u1_0.employee_id 
    left join
        users cb10_0 
            on cb10_0.id=e7_0.created_by 
    left join
        users db11_0 
            on db11_0.id=e7_0.deleted_by 
    left join
        users mb11_0 
            on mb11_0.id=e7_0.modified_by 
    left join
        employees rt3_0 
            on rt3_0.id=e7_0.reports_to_id 
    left join
        users mb14_0 
            on mb14_0.id=u1_0.modified_by 
    left join
        users cb15_0 
            on cb15_0.id=mb14_0.created_by 
    left join
        users db16_0 
            on db16_0.id=mb14_0.deleted_by 
    left join
        employees e13_0 
            on e13_0.id=mb14_0.employee_id 
    where
        u1_0.id=?
Hibernate: 
    select
        ed1_0.id,
        ed1_0.created_at,
        cb1_0.id,
        cb1_0.created_at,
        cb2_0.id,
        cb2_0.created_at,
        cb2_0.created_by,
        cb2_0.deleted_at,
        cb2_0.deleted_by,
        cb2_0.employee_id,
        cb2_0.is_assigner,
        cb2_0.modified_at,
        cb2_0.modified_by,
        cb2_0.name,
        cb2_0.password,
        cb2_0.reset_token_expires_at,
        cb2_0.role,
        cb1_0.deleted_at,
        db2_0.id,
        db2_0.created_at,
        db2_0.created_by,
        db2_0.deleted_at,
        db2_0.deleted_by,
        db2_0.employee_id,
        db2_0.is_assigner,
        db2_0.modified_at,
        db2_0.modified_by,
        db2_0.name,
        db2_0.password,
        db2_0.reset_token_expires_at,
        db2_0.role,
        cb1_0.employee_id,
        e3_0.id,
        e3_0.can_approve_timesheets,
        e3_0.created_at,
        e3_0.created_by,
        e3_0.deleted_at,
        e3_0.deleted_by,
        e3_0.designation,
        e3_0.email,
        e3_0.end_date,
        e3_0.first_name,
        e3_0.gender,
        e3_0.last_name,
        e3_0.modified_at,
        e3_0.modified_by,
        e3_0.reports_to_id,
        e3_0.start_date,
        cb1_0.is_assigner,
        cb1_0.modified_at,
        mb4_0.id,
        mb4_0.created_at,
        mb4_0.created_by,
        mb4_0.deleted_at,
        mb4_0.deleted_by,
        mb4_0.employee_id,
        mb4_0.is_assigner,
        mb4_0.modified_at,
        mb4_0.modified_by,
        mb4_0.name,
        mb4_0.password,
        mb4_0.reset_token_expires_at,
        mb4_0.role,
        cb1_0.name,
        cb1_0.password,
        cb1_0.reset_token_expires_at,
        cb1_0.role,
        ed1_0.deleted_at,
        db6_0.id,
        db6_0.created_at,
        cb7_0.id,
        cb7_0.created_at,
        cb7_0.created_by,
        cb7_0.deleted_at,
        cb7_0.deleted_by,
        cb7_0.employee_id,
        cb7_0.is_assigner,
        cb7_0.modified_at,
        cb7_0.modified_by,
        cb7_0.name,
        cb7_0.password,
        cb7_0.reset_token_expires_at,
        cb7_0.role,
        db6_0.deleted_at,
        db8_0.id,
        db8_0.created_at,
        db8_0.created_by,
        db8_0.deleted_at,
        db8_0.deleted_by,
        db8_0.employee_id,
        db8_0.is_assigner,
        db8_0.modified_at,
        db8_0.modified_by,
        db8_0.name,
        db8_0.password,
        db8_0.reset_token_expires_at,
        db8_0.role,
        db6_0.employee_id,
        e7_0.id,
        e7_0.can_approve_timesheets,
        e7_0.created_at,
        e7_0.created_by,
        e7_0.deleted_at,
        e7_0.deleted_by,
        e7_0.designation,
        e7_0.email,
        e7_0.end_date,
        e7_0.first_name,
        e7_0.gender,
        e7_0.last_name,
        e7_0.modified_at,
        e7_0.modified_by,
        e7_0.reports_to_id,
        e7_0.start_date,
        db6_0.is_assigner,
        db6_0.modified_at,
        mb9_0.id,
        mb9_0.created_at,
        mb9_0.created_by,
        mb9_0.deleted_at,
        mb9_0.deleted_by,
        mb9_0.employee_id,
        mb9_0.is_assigner,
        mb9_0.modified_at,
        mb9_0.modified_by,
        mb9_0.name,
        mb9_0.password,
        mb9_0.reset_token_expires_at,
        mb9_0.role,
        db6_0.name,
        db6_0.password,
        db6_0.reset_token_expires_at,
        db6_0.role,
        ed1_0.division_id,
        d1_0.id,
        d1_0.created_at,
        cb12_0.id,
        cb12_0.created_at,
        cb12_0.created_by,
        cb12_0.deleted_at,
        cb12_0.deleted_by,
        cb12_0.employee_id,
        cb12_0.is_assigner,
        cb12_0.modified_at,
        cb12_0.modified_by,
        cb12_0.name,
        cb12_0.password,
        cb12_0.reset_token_expires_at,
        cb12_0.role,
        d1_0.deleted_at,
        db13_0.id,
        db13_0.created_at,
        db13_0.created_by,
        db13_0.deleted_at,
        db13_0.deleted_by,
        db13_0.employee_id,
        db13_0.is_assigner,
        db13_0.modified_at,
        db13_0.modified_by,
        db13_0.name,
        db13_0.password,
        db13_0.reset_token_expires_at,
        db13_0.role,
        d1_0.modified_at,
        mb13_0.id,
        mb13_0.created_at,
        mb13_0.created_by,
        mb13_0.deleted_at,
        mb13_0.deleted_by,
        mb13_0.employee_id,
        mb13_0.is_assigner,
        mb13_0.modified_at,
        mb13_0.modified_by,
        mb13_0.name,
        mb13_0.password,
        mb13_0.reset_token_expires_at,
        mb13_0.role,
        d1_0.name,
        p1_0.id,
        p1_0.created_at,
        p1_0.created_by,
        p1_0.deleted_at,
        p1_0.deleted_by,
        p1_0.modified_at,
        p1_0.modified_by,
        p1_0.name,
        p1_0.parent_id,
        ed1_0.employee_id,
        e12_0.id,
        e12_0.can_approve_timesheets,
        e12_0.created_at,
        cb17_0.id,
        cb17_0.created_at,
        cb17_0.created_by,
        cb17_0.deleted_at,
        cb17_0.deleted_by,
        cb17_0.employee_id,
        cb17_0.is_assigner,
        cb17_0.modified_at,
        cb17_0.modified_by,
        cb17_0.name,
        cb17_0.password,
        cb17_0.reset_token_expires_at,
        cb17_0.role,
        e12_0.deleted_at,
        db18_0.id,
        db18_0.created_at,
        db18_0.created_by,
        db18_0.deleted_at,
        db18_0.deleted_by,
        db18_0.employee_id,
        db18_0.is_assigner,
        db18_0.modified_at,
        db18_0.modified_by,
        db18_0.name,
        db18_0.password,
        db18_0.reset_token_expires_at,
        db18_0.role,
        e12_0.designation,
        e12_0.email,
        e12_0.end_date,
        e12_0.first_name,
        e12_0.gender,
        e12_0.last_name,
        e12_0.modified_at,
        mb18_0.id,
        mb18_0.created_at,
        mb18_0.created_by,
        mb18_0.deleted_at,
        mb18_0.deleted_by,
        mb18_0.employee_id,
        mb18_0.is_assigner,
        mb18_0.modified_at,
        mb18_0.modified_by,
        mb18_0.name,
        mb18_0.password,
        mb18_0.reset_token_expires_at,
        mb18_0.role,
        rt3_0.id,
        rt3_0.can_approve_timesheets,
        rt3_0.created_at,
        rt3_0.created_by,
        rt3_0.deleted_at,
        rt3_0.deleted_by,
        rt3_0.designation,
        rt3_0.email,
        rt3_0.end_date,
        rt3_0.first_name,
        rt3_0.gender,
        rt3_0.last_name,
        rt3_0.modified_at,
        rt3_0.modified_by,
        rt3_0.reports_to_id,
        rt3_0.start_date,
        e12_0.start_date,
        ed1_0.modified_at,
        mb21_0.id,
        mb21_0.created_at,
        cb22_0.id,
        cb22_0.created_at,
        cb22_0.created_by,
        cb22_0.deleted_at,
        cb22_0.deleted_by,
        cb22_0.employee_id,
        cb22_0.is_assigner,
        cb22_0.modified_at,
        cb22_0.modified_by,
        cb22_0.name,
        cb22_0.password,
        cb22_0.reset_token_expires_at,
        cb22_0.role,
        mb21_0.deleted_at,
        db23_0.id,
        db23_0.created_at,
        db23_0.created_by,
        db23_0.deleted_at,
        db23_0.deleted_by,
        db23_0.employee_id,
        db23_0.is_assigner,
        db23_0.modified_at,
        db23_0.modified_by,
        db23_0.name,
        db23_0.password,
        db23_0.reset_token_expires_at,
        db23_0.role,
        mb21_0.employee_id,
        e18_0.id,
        e18_0.can_approve_timesheets,
        e18_0.created_at,
        e18_0.created_by,
        e18_0.deleted_at,
        e18_0.deleted_by,
        e18_0.designation,
        e18_0.email,
        e18_0.end_date,
        e18_0.first_name,
        e18_0.gender,
        e18_0.last_name,
        e18_0.modified_at,
        e18_0.modified_by,
        e18_0.reports_to_id,
        e18_0.start_date,
        mb21_0.is_assigner,
        mb21_0.modified_at,
        mb25_0.id,
        mb25_0.created_at,
        mb25_0.created_by,
        mb25_0.deleted_at,
        mb25_0.deleted_by,
        mb25_0.employee_id,
        mb25_0.is_assigner,
        mb25_0.modified_at,
        mb25_0.modified_by,
        mb25_0.name,
        mb25_0.password,
        mb25_0.reset_token_expires_at,
        mb25_0.role,
        mb21_0.name,
        mb21_0.password,
        mb21_0.reset_token_expires_at,
        mb21_0.role,
        ed1_0.primary_division 
    from
        employee_divisions ed1_0 
    left join
        users cb1_0 
            on cb1_0.id=ed1_0.created_by 
    left join
        users cb2_0 
            on cb2_0.id=cb1_0.created_by 
    left join
        users db2_0 
            on db2_0.id=cb1_0.deleted_by 
    left join
        employees e3_0 
            on e3_0.id=cb1_0.employee_id 
    left join
        users mb4_0 
            on mb4_0.id=cb1_0.modified_by 
    left join
        users db6_0 
            on db6_0.id=ed1_0.deleted_by 
    left join
        users cb7_0 
            on cb7_0.id=db6_0.created_by 
    left join
        users db8_0 
            on db8_0.id=db6_0.deleted_by 
    left join
        employees e7_0 
            on e7_0.id=db6_0.employee_id 
    left join
        users mb9_0 
            on mb9_0.id=db6_0.modified_by 
    join
        divisions d1_0 
            on d1_0.id=ed1_0.division_id 
    left join
        users cb12_0 
            on cb12_0.id=d1_0.created_by 
    left join
        users db13_0 
            on db13_0.id=d1_0.deleted_by 
    left join
        users mb13_0 
            on mb13_0.id=d1_0.modified_by 
    left join
        divisions p1_0 
            on p1_0.id=d1_0.parent_id 
    join
        employees e12_0 
            on e12_0.id=ed1_0.employee_id 
    left join
        users cb17_0 
            on cb17_0.id=e12_0.created_by 
    left join
        users db18_0 
            on db18_0.id=e12_0.deleted_by 
    left join
        users mb18_0 
            on mb18_0.id=e12_0.modified_by 
    left join
        employees rt3_0 
            on rt3_0.id=e12_0.reports_to_id 
    left join
        users mb21_0 
            on mb21_0.id=ed1_0.modified_by 
    left join
        users cb22_0 
            on cb22_0.id=mb21_0.created_by 
    left join
        users db23_0 
            on db23_0.id=mb21_0.deleted_by 
    left join
        employees e18_0 
            on e18_0.id=mb21_0.employee_id 
    left join
        users mb25_0 
            on mb25_0.id=mb21_0.modified_by 
    where
        ed1_0.id=?
Hibernate: 
    select
        p1_0.id,
        p1_0.created_at,
        cb1_0.id,
        cb1_0.created_at,
        cb2_0.id,
        cb2_0.created_at,
        cb2_0.created_by,
        cb2_0.deleted_at,
        cb2_0.deleted_by,
        cb2_0.employee_id,
        cb2_0.is_assigner,
        cb2_0.modified_at,
        cb2_0.modified_by,
        cb2_0.name,
        cb2_0.password,
        cb2_0.reset_token_expires_at,
        cb2_0.role,
        cb1_0.deleted_at,
        db2_0.id,
        db2_0.created_at,
        db2_0.created_by,
        db2_0.deleted_at,
        db2_0.deleted_by,
        db2_0.employee_id,
        db2_0.is_assigner,
        db2_0.modified_at,
        db2_0.modified_by,
        db2_0.name,
        db2_0.password,
        db2_0.reset_token_expires_at,
        db2_0.role,
        cb1_0.employee_id,
        e3_0.id,
        e3_0.can_approve_timesheets,
        e3_0.created_at,
        e3_0.created_by,
        e3_0.deleted_at,
        e3_0.deleted_by,
        e3_0.designation,
        e3_0.email,
        e3_0.end_date,
        e3_0.first_name,
        e3_0.gender,
        e3_0.last_name,
        e3_0.modified_at,
        e3_0.modified_by,
        e3_0.reports_to_id,
        e3_0.start_date,
        cb1_0.is_assigner,
        cb1_0.modified_at,
        mb4_0.id,
        mb4_0.created_at,
        mb4_0.created_by,
        mb4_0.deleted_at,
        mb4_0.deleted_by,
        mb4_0.employee_id,
        mb4_0.is_assigner,
        mb4_0.modified_at,
        mb4_0.modified_by,
        mb4_0.name,
        mb4_0.password,
        mb4_0.reset_token_expires_at,
        mb4_0.role,
        cb1_0.name,
        cb1_0.password,
        cb1_0.reset_token_expires_at,
        cb1_0.role,
        p1_0.deleted_at,
        db6_0.id,
        db6_0.created_at,
        cb7_0.id,
        cb7_0.created_at,
        cb7_0.created_by,
        cb7_0.deleted_at,
        cb7_0.deleted_by,
        cb7_0.employee_id,
        cb7_0.is_assigner,
        cb7_0.modified_at,
        cb7_0.modified_by,
        cb7_0.name,
        cb7_0.password,
        cb7_0.reset_token_expires_at,
        cb7_0.role,
        db6_0.deleted_at,
        db8_0.id,
        db8_0.created_at,
        db8_0.created_by,
        db8_0.deleted_at,
        db8_0.deleted_by,
        db8_0.employee_id,
        db8_0.is_assigner,
        db8_0.modified_at,
        db8_0.modified_by,
        db8_0.name,
        db8_0.password,
        db8_0.reset_token_expires_at,
        db8_0.role,
        db6_0.employee_id,
        e7_0.id,
        e7_0.can_approve_timesheets,
        e7_0.created_at,
        e7_0.created_by,
        e7_0.deleted_at,
        e7_0.deleted_by,
        e7_0.designation,
        e7_0.email,
        e7_0.end_date,
        e7_0.first_name,
        e7_0.gender,
        e7_0.last_name,
        e7_0.modified_at,
        e7_0.modified_by,
        e7_0.reports_to_id,
        e7_0.start_date,
        db6_0.is_assigner,
        db6_0.modified_at,
        mb9_0.id,
        mb9_0.created_at,
        mb9_0.created_by,
        mb9_0.deleted_at,
        mb9_0.deleted_by,
        mb9_0.employee_id,
        mb9_0.is_assigner,
        mb9_0.modified_at,
        mb9_0.modified_by,
        mb9_0.name,
        mb9_0.password,
        mb9_0.reset_token_expires_at,
        mb9_0.role,
        db6_0.name,
        db6_0.password,
        db6_0.reset_token_expires_at,
        db6_0.role,
        p1_0.description,
        p1_0.division_id,
        d1_0.id,
        d1_0.created_at,
        cb12_0.id,
        cb12_0.created_at,
        cb12_0.created_by,
        cb12_0.deleted_at,
        cb12_0.deleted_by,
        cb12_0.employee_id,
        cb12_0.is_assigner,
        cb12_0.modified_at,
        cb12_0.modified_by,
        cb12_0.name,
        cb12_0.password,
        cb12_0.reset_token_expires_at,
        cb12_0.role,
        d1_0.deleted_at,
        db13_0.id,
        db13_0.created_at,
        db13_0.created_by,
        db13_0.deleted_at,
        db13_0.deleted_by,
        db13_0.employee_id,
        db13_0.is_assigner,
        db13_0.modified_at,
        db13_0.modified_by,
        db13_0.name,
        db13_0.password,
        db13_0.reset_token_expires_at,
        db13_0.role,
        d1_0.modified_at,
        mb13_0.id,
        mb13_0.created_at,
        mb13_0.created_by,
        mb13_0.deleted_at,
        mb13_0.deleted_by,
        mb13_0.employee_id,
        mb13_0.is_assigner,
        mb13_0.modified_at,
        mb13_0.modified_by,
        mb13_0.name,
        mb13_0.password,
        mb13_0.reset_token_expires_at,
        mb13_0.role,
        d1_0.name,
        p2_0.id,
        p2_0.created_at,
        p2_0.created_by,
        p2_0.deleted_at,
        p2_0.deleted_by,
        p2_0.modified_at,
        p2_0.modified_by,
        p2_0.name,
        p2_0.parent_id,
        p1_0.modified_at,
        mb16_0.id,
        mb16_0.created_at,
        cb17_0.id,
        cb17_0.created_at,
        cb17_0.created_by,
        cb17_0.deleted_at,
        cb17_0.deleted_by,
        cb17_0.employee_id,
        cb17_0.is_assigner,
        cb17_0.modified_at,
        cb17_0.modified_by,
        cb17_0.name,
        cb17_0.password,
        cb17_0.reset_token_expires_at,
        cb17_0.role,
        mb16_0.deleted_at,
        db18_0.id,
        db18_0.created_at,
        db18_0.created_by,
        db18_0.deleted_at,
        db18_0.deleted_by,
        db18_0.employee_id,
        db18_0.is_assigner,
        db18_0.modified_at,
        db18_0.modified_by,
        db18_0.name,
        db18_0.password,
        db18_0.reset_token_expires_at,
        db18_0.role,
        mb16_0.employee_id,
        e14_0.id,
        e14_0.can_approve_timesheets,
        e14_0.created_at,
        e14_0.created_by,
        e14_0.deleted_at,
        e14_0.deleted_by,
        e14_0.designation,
        e14_0.email,
        e14_0.end_date,
        e14_0.first_name,
        e14_0.gender,
        e14_0.last_name,
        e14_0.modified_at,
        e14_0.modified_by,
        e14_0.reports_to_id,
        e14_0.start_date,
        mb16_0.is_assigner,
        mb16_0.modified_at,
        mb20_0.id,
        mb20_0.created_at,
        mb20_0.created_by,
        mb20_0.deleted_at,
        mb20_0.deleted_by,
        mb20_0.employee_id,
        mb20_0.is_assigner,
        mb20_0.modified_at,
        mb20_0.modified_by,
        mb20_0.name,
        mb20_0.password,
        mb20_0.reset_token_expires_at,
        mb20_0.role,
        mb16_0.name,
        mb16_0.password,
        mb16_0.reset_token_expires_at,
        mb16_0.role,
        p1_0.name 
    from
        projects p1_0 
    left join
        users cb1_0 
            on cb1_0.id=p1_0.created_by 
    left join
        users cb2_0 
            on cb2_0.id=cb1_0.created_by 
    left join
        users db2_0 
            on db2_0.id=cb1_0.deleted_by 
    left join
        employees e3_0 
            on e3_0.id=cb1_0.employee_id 
    left join
        users mb4_0 
            on mb4_0.id=cb1_0.modified_by 
    left join
        users db6_0 
            on db6_0.id=p1_0.deleted_by 
    left join
        users cb7_0 
            on cb7_0.id=db6_0.created_by 
    left join
        users db8_0 
            on db8_0.id=db6_0.deleted_by 
    left join
        employees e7_0 
            on e7_0.id=db6_0.employee_id 
    left join
        users mb9_0 
            on mb9_0.id=db6_0.modified_by 
    join
        divisions d1_0 
            on d1_0.id=p1_0.division_id 
    left join
        users cb12_0 
            on cb12_0.id=d1_0.created_by 
    left join
        users db13_0 
            on db13_0.id=d1_0.deleted_by 
    left join
        users mb13_0 
            on mb13_0.id=d1_0.modified_by 
    left join
        divisions p2_0 
            on p2_0.id=d1_0.parent_id 
    left join
        users mb16_0 
            on mb16_0.id=p1_0.modified_by 
    left join
        users cb17_0 
            on cb17_0.id=mb16_0.created_by 
    left join
        users db18_0 
            on db18_0.id=mb16_0.deleted_by 
    left join
        employees e14_0 
            on e14_0.id=mb16_0.employee_id 
    left join
        users mb20_0 
            on mb20_0.id=mb16_0.modified_by 
    where
        p1_0.id=?
]]></system-out>
  </testcase>
  <testcase name="testCanApproveInProject" classname="org.imaginnovate.Repository.common.EmployeeProjectRepoTest" time="0.029">
    <failure message="expected: &lt;true&gt; but was: &lt;false&gt;" type="org.opentest4j.AssertionFailedError"><![CDATA[org.opentest4j.AssertionFailedError: expected: <true> but was: <false>
	at org.junit.jupiter.api.AssertionFailureBuilder.build(AssertionFailureBuilder.java:151)
	at org.junit.jupiter.api.AssertionFailureBuilder.buildAndThrow(AssertionFailureBuilder.java:132)
	at org.junit.jupiter.api.AssertTrue.failNotTrue(AssertTrue.java:63)
	at org.junit.jupiter.api.AssertTrue.assertTrue(AssertTrue.java:36)
	at org.junit.jupiter.api.AssertTrue.assertTrue(AssertTrue.java:31)
	at org.junit.jupiter.api.Assertions.assertTrue(Assertions.java:183)
	at org.imaginnovate.Repository.common.EmployeeProjectRepoTest.testCanApproveInProject(EmployeeProjectRepoTest.java:98)
	at java.base/java.lang.reflect.Method.invoke(Method.java:580)
	at io.quarkus.test.junit.QuarkusTestExtension.runExtensionMethod(QuarkusTestExtension.java:1017)
	at io.quarkus.test.junit.QuarkusTestExtension.interceptTestMethod(QuarkusTestExtension.java:831)
	at java.base/java.util.ArrayList.forEach(ArrayList.java:1596)
	at java.base/java.util.ArrayList.forEach(ArrayList.java:1596)
]]></failure>
    <system-out><![CDATA[Hibernate: 
    select
        count(ep1_0.id)>0 
    from
        employee_projects ep1_0 
    join
        employee_divisions ed1_0 
            on ed1_0.id=ep1_0.employee_division_id 
    join
        employees e1_0 
            on e1_0.id=ed1_0.employee_id 
    where
        ed1_0.employee_id=? 
        and e1_0.can_approve_timesheets=1
]]></system-out>
  </testcase>
</testsuite>