<?xml version="1.0" encoding="UTF-8"?>
<testsuite xmlns:xsi="http://www.w3.org/2001/XMLSchema-instance" xsi:noNamespaceSchemaLocation="https://maven.apache.org/surefire/maven-surefire-plugin/xsd/surefire-test-report-3.0.xsd" version="3.0" name="org.imaginnovate.Repository.common.EmployeeRepoTest" time="0.123" tests="7" errors="7" skipped="0" failures="0">
  <properties>
    <property name="java.specification.version" value="21"/>
    <property name="test.url" value="http://localhost:8081"/>
    <property name="sun.jnu.encoding" value="UTF-8"/>
    <property name="io.quarkus.security.http.test-if-basic-auth-implicitly-required" value="true"/>
    <property name="java.class.path" value="/home/mahendra/Downloads/resource (backup) (Copy)/target/test-classes:/home/mahendra/Downloads/resource (backup) (Copy)/target/classes:/home/mahendra/.m2/repository/io/quarkus/quarkus-hibernate-orm-rest-data-panache/3.11.3/quarkus-hibernate-orm-rest-data-panache-3.11.3.jar:/home/mahendra/.m2/repository/io/quarkus/quarkus-rest-data-panache/3.11.3/quarkus-rest-data-panache-3.11.3.jar:/home/mahendra/.m2/repository/io/quarkus/quarkus-panache-common/3.11.3/quarkus-panache-common-3.11.3.jar:/home/mahendra/.m2/repository/io/quarkus/quarkus-hal/3.11.3/quarkus-hal-3.11.3.jar:/home/mahendra/.m2/repository/jakarta/ws/rs/jakarta.ws.rs-api/3.1.0/jakarta.ws.rs-api-3.1.0.jar:/home/mahendra/.m2/repository/jakarta/validation/jakarta.validation-api/3.0.2/jakarta.validation-api-3.0.2.jar:/home/mahendra/.m2/repository/io/quarkus/quarkus-hibernate-orm-panache/3.11.3/quarkus-hibernate-orm-panache-3.11.3.jar:/home/mahendra/.m2/repository/io/quarkus/quarkus-hibernate-orm-panache-common/3.11.3/quarkus-hibernate-orm-panache-common-3.11.3.jar:/home/mahendra/.m2/repository/io/quarkus/quarkus-panache-hibernate-common/3.11.3/quarkus-panache-hibernate-common-3.11.3.jar:/home/mahendra/.m2/repository/io/quarkus/quarkus-flyway/3.11.3/quarkus-flyway-3.11.3.jar:/home/mahendra/.m2/repository/io/quarkus/quarkus-core/3.11.3/quarkus-core-3.11.3.jar:/home/mahendra/.m2/repository/jakarta/inject/jakarta.inject-api/2.0.1/jakarta.inject-api-2.0.1.jar:/home/mahendra/.m2/repository/io/smallrye/common/smallrye-common-os/2.3.0/smallrye-common-os-2.3.0.jar:/home/mahendra/.m2/repository/io/quarkus/quarkus-ide-launcher/3.11.3/quarkus-ide-launcher-3.11.3.jar:/home/mahendra/.m2/repository/io/quarkus/quarkus-development-mode-spi/3.11.3/quarkus-development-mode-spi-3.11.3.jar:/home/mahendra/.m2/repository/io/smallrye/config/smallrye-config/3.8.1/smallrye-config-3.8.1.jar:/home/mahendra/.m2/repository/io/smallrye/config/smallrye-config-core/3.8.1/smallrye-config-core-3.8.1.jar:/home/mahendra/.m2/repository/io/smallrye/common/smallrye-common-classloader/2.3.0/smallrye-common-classloader-2.3.0.jar:/home/mahendra/.m2/repository/io/smallrye/config/smallrye-config-common/3.8.1/smallrye-config-common-3.8.1.jar:/home/mahendra/.m2/repository/org/jboss/logging/jboss-logging/3.5.3.Final/jboss-logging-3.5.3.Final.jar:/home/mahendra/.m2/repository/org/jboss/logmanager/jboss-logmanager/3.0.6.Final/jboss-logmanager-3.0.6.Final.jar:/home/mahendra/.m2/repository/io/smallrye/common/smallrye-common-cpu/2.3.0/smallrye-common-cpu-2.3.0.jar:/home/mahendra/.m2/repository/io/smallrye/common/smallrye-common-expression/2.3.0/smallrye-common-expression-2.3.0.jar:/home/mahendra/.m2/repository/io/smallrye/common/smallrye-common-function/2.3.0/smallrye-common-function-2.3.0.jar:/home/mahendra/.m2/repository/io/smallrye/common/smallrye-common-net/2.3.0/smallrye-common-net-2.3.0.jar:/home/mahendra/.m2/repository/io/smallrye/common/smallrye-common-ref/2.3.0/smallrye-common-ref-2.3.0.jar:/home/mahendra/.m2/repository/jakarta/json/jakarta.json-api/2.1.3/jakarta.json-api-2.1.3.jar:/home/mahendra/.m2/repository/org/jboss/logging/jboss-logging-annotations/2.2.1.Final/jboss-logging-annotations-2.2.1.Final.jar:/home/mahendra/.m2/repository/org/jboss/threads/jboss-threads/3.6.1.Final/jboss-threads-3.6.1.Final.jar:/home/mahendra/.m2/repository/org/jboss/slf4j/slf4j-jboss-logmanager/2.0.0.Final/slf4j-jboss-logmanager-2.0.0.Final.jar:/home/mahendra/.m2/repository/org/wildfly/common/wildfly-common/1.7.0.Final/wildfly-common-1.7.0.Final.jar:/home/mahendra/.m2/repository/io/quarkus/quarkus-bootstrap-runner/3.11.3/quarkus-bootstrap-runner-3.11.3.jar:/home/mahendra/.m2/repository/io/quarkus/quarkus-fs-util/0.0.10/quarkus-fs-util-0.0.10.jar:/home/mahendra/.m2/repository/org/flywaydb/flyway-core/10.13.0/flyway-core-10.13.0.jar:/home/mahendra/.m2/repository/com/fasterxml/jackson/dataformat/jackson-dataformat-toml/2.17.1/jackson-dataformat-toml-2.17.1.jar:/home/mahendra/.m2/repository/com/google/code/gson/gson/2.10.1/gson-2.10.1.jar:/home/mahendra/.m2/repository/io/quarkus/quarkus-agroal/3.11.3/quarkus-agroal-3.11.3.jar:/home/mahendra/.m2/repository/io/quarkus/quarkus-datasource/3.11.3/quarkus-datasource-3.11.3.jar:/home/mahendra/.m2/repository/io/agroal/agroal-api/2.4/agroal-api-2.4.jar:/home/mahendra/.m2/repository/io/agroal/agroal-narayana/2.4/agroal-narayana-2.4.jar:/home/mahendra/.m2/repository/org/jboss/jboss-transaction-spi/8.0.0.Final/jboss-transaction-spi-8.0.0.Final.jar:/home/mahendra/.m2/repository/io/agroal/agroal-pool/2.4/agroal-pool-2.4.jar:/home/mahendra/.m2/repository/io/quarkus/quarkus-credentials/3.11.3/quarkus-credentials-3.11.3.jar:/home/mahendra/.m2/repository/io/quarkus/quarkus-narayana-jta/3.11.3/quarkus-narayana-jta-3.11.3.jar:/home/mahendra/.m2/repository/io/quarkus/quarkus-transaction-annotations/3.11.3/quarkus-transaction-annotations-3.11.3.jar:/home/mahendra/.m2/repository/io/smallrye/smallrye-context-propagation-jta/2.1.2/smallrye-context-propagation-jta-2.1.2.jar:/home/mahendra/.m2/repository/jakarta/transaction/jakarta.transaction-api/2.0.1/jakarta.transaction-api-2.0.1.jar:/home/mahendra/.m2/repository/io/smallrye/reactive/smallrye-reactive-converter-api/3.0.1/smallrye-reactive-converter-api-3.0.1.jar:/home/mahendra/.m2/repository/org/reactivestreams/reactive-streams/1.0.4/reactive-streams-1.0.4.jar:/home/mahendra/.m2/repository/io/smallrye/reactive/smallrye-reactive-converter-mutiny/3.0.1/smallrye-reactive-converter-mutiny-3.0.1.jar:/home/mahendra/.m2/repository/io/smallrye/reactive/mutiny-zero-flow-adapters/1.1.0/mutiny-zero-flow-adapters-1.1.0.jar:/home/mahendra/.m2/repository/org/jboss/narayana/jta/narayana-jta/7.0.1.Final/narayana-jta-7.0.1.Final.jar:/home/mahendra/.m2/repository/jakarta/resource/jakarta.resource-api/2.1.0/jakarta.resource-api-2.1.0.jar:/home/mahendra/.m2/repository/org/jboss/invocation/jboss-invocation/2.0.0.Final/jboss-invocation-2.0.0.Final.jar:/home/mahendra/.m2/repository/org/eclipse/microprofile/reactive-streams-operators/microprofile-reactive-streams-operators-api/3.0/microprofile-reactive-streams-operators-api-3.0.jar:/home/mahendra/.m2/repository/org/jboss/narayana/jts/narayana-jts-integration/7.0.1.Final/narayana-jts-integration-7.0.1.Final.jar:/home/mahendra/.m2/repository/io/quarkus/quarkus-datasource-common/3.11.3/quarkus-datasource-common-3.11.3.jar:/home/mahendra/.m2/repository/org/flywaydb/flyway-mysql/10.13.0/flyway-mysql-10.13.0.jar:/home/mahendra/.m2/repository/io/quarkus/quarkus-jdbc-mysql/3.11.3/quarkus-jdbc-mysql-3.11.3.jar:/home/mahendra/.m2/repository/com/mysql/mysql-connector-j/8.3.0/mysql-connector-j-8.3.0.jar:/home/mahendra/.m2/repository/io/quarkus/quarkus-smallrye-openapi/3.11.3/quarkus-smallrye-openapi-3.11.3.jar:/home/mahendra/.m2/repository/io/smallrye/smallrye-open-api-core/3.10.0/smallrye-open-api-core-3.10.0.jar:/home/mahendra/.m2/repository/org/eclipse/microprofile/openapi/microprofile-openapi-api/3.1.1/microprofile-openapi-api-3.1.1.jar:/home/mahendra/.m2/repository/org/eclipse/microprofile/config/microprofile-config-api/3.1/microprofile-config-api-3.1.jar:/home/mahendra/.m2/repository/com/fasterxml/jackson/dataformat/jackson-dataformat-yaml/2.17.1/jackson-dataformat-yaml-2.17.1.jar:/home/mahendra/.m2/repository/org/yaml/snakeyaml/2.2/snakeyaml-2.2.jar:/home/mahendra/.m2/repository/io/smallrye/jandex/3.1.8/jandex-3.1.8.jar:/home/mahendra/.m2/repository/io/quarkus/quarkus-vertx-http/3.11.3/quarkus-vertx-http-3.11.3.jar:/home/mahendra/.m2/repository/io/smallrye/reactive/smallrye-mutiny-vertx-web/3.12.0/smallrye-mutiny-vertx-web-3.12.0.jar:/home/mahendra/.m2/repository/io/smallrye/reactive/smallrye-mutiny-vertx-web-common/3.12.0/smallrye-mutiny-vertx-web-common-3.12.0.jar:/home/mahendra/.m2/repository/io/smallrye/reactive/smallrye-mutiny-vertx-auth-common/3.12.0/smallrye-mutiny-vertx-auth-common-3.12.0.jar:/home/mahendra/.m2/repository/io/smallrye/reactive/smallrye-mutiny-vertx-bridge-common/3.12.0/smallrye-mutiny-vertx-bridge-common-3.12.0.jar:/home/mahendra/.m2/repository/io/smallrye/reactive/smallrye-mutiny-vertx-uri-template/3.12.0/smallrye-mutiny-vertx-uri-template-3.12.0.jar:/home/mahendra/.m2/repository/io/vertx/vertx-uri-template/4.5.7/vertx-uri-template-4.5.7.jar:/home/mahendra/.m2/repository/io/vertx/vertx-web/4.5.7/vertx-web-4.5.7.jar:/home/mahendra/.m2/repository/io/vertx/vertx-web-common/4.5.7/vertx-web-common-4.5.7.jar:/home/mahendra/.m2/repository/io/vertx/vertx-auth-common/4.5.7/vertx-auth-common-4.5.7.jar:/home/mahendra/.m2/repository/io/vertx/vertx-bridge-common/4.5.7/vertx-bridge-common-4.5.7.jar:/home/mahendra/.m2/repository/io/github/crac/org-crac/0.1.3/org-crac-0.1.3.jar:/home/mahendra/.m2/repository/io/quarkus/quarkus-swagger-ui/3.11.3/quarkus-swagger-ui-3.11.3.jar:/home/mahendra/.m2/repository/io/quarkus/quarkus-smallrye-jwt/3.11.3/quarkus-smallrye-jwt-3.11.3.jar:/home/mahendra/.m2/repository/io/smallrye/smallrye-jwt/4.5.2/smallrye-jwt-4.5.2.jar:/home/mahendra/.m2/repository/org/eclipse/microprofile/jwt/microprofile-jwt-auth-api/2.1/microprofile-jwt-auth-api-2.1.jar:/home/mahendra/.m2/repository/org/bitbucket/b_c/jose4j/0.9.6/jose4j-0.9.6.jar:/home/mahendra/.m2/repository/io/smallrye/smallrye-jwt-common/4.5.2/smallrye-jwt-common-4.5.2.jar:/home/mahendra/.m2/repository/jakarta/annotation/jakarta.annotation-api/3.0.0/jakarta.annotation-api-3.0.0.jar:/home/mahendra/.m2/repository/io/quarkus/quarkus-jsonp/3.11.3/quarkus-jsonp-3.11.3.jar:/home/mahendra/.m2/repository/org/eclipse/parsson/parsson/1.1.6/parsson-1.1.6.jar:/home/mahendra/.m2/repository/io/quarkus/quarkus-smallrye-jwt-build/3.11.3/quarkus-smallrye-jwt-build-3.11.3.jar:/home/mahendra/.m2/repository/io/smallrye/smallrye-jwt-build/4.5.2/smallrye-jwt-build-4.5.2.jar:/home/mahendra/.m2/repository/io/quarkus/quarkus-oidc/3.11.3/quarkus-oidc-3.11.3.jar:/home/mahendra/.m2/repository/io/quarkus/quarkus-oidc-common/3.11.3/quarkus-oidc-common-3.11.3.jar:/home/mahendra/.m2/repository/io/smallrye/reactive/smallrye-mutiny-vertx-web-client/3.12.0/smallrye-mutiny-vertx-web-client-3.12.0.jar:/home/mahendra/.m2/repository/io/vertx/vertx-web-client/4.5.7/vertx-web-client-4.5.7.jar:/home/mahendra/.m2/repository/io/quarkus/quarkus-rest-jsonb/3.11.3/quarkus-rest-jsonb-3.11.3.jar:/home/mahendra/.m2/repository/io/quarkus/resteasy/reactive/resteasy-reactive-jsonb/3.11.3/resteasy-reactive-jsonb-3.11.3.jar:/home/mahendra/.m2/repository/io/quarkus/resteasy/reactive/resteasy-reactive/3.11.3/resteasy-reactive-3.11.3.jar:/home/mahendra/.m2/repository/io/quarkus/resteasy/reactive/resteasy-reactive-common/3.11.3/resteasy-reactive-common-3.11.3.jar:/home/mahendra/.m2/repository/io/quarkus/resteasy/reactive/resteasy-reactive-common-types/3.11.3/resteasy-reactive-common-types-3.11.3.jar:/home/mahendra/.m2/repository/org/eclipse/yasson/3.0.3/yasson-3.0.3.jar:/home/mahendra/.m2/repository/jakarta/json/bind/jakarta.json.bind-api/3.0.1/jakarta.json.bind-api-3.0.1.jar:/home/mahendra/.m2/repository/org/jboss/logging/commons-logging-jboss-logging/1.0.0.Final/commons-logging-jboss-logging-1.0.0.Final.jar:/home/mahendra/.m2/repository/jakarta/xml/bind/jakarta.xml.bind-api/4.0.2/jakarta.xml.bind-api-4.0.2.jar:/home/mahendra/.m2/repository/jakarta/activation/jakarta.activation-api/2.1.3/jakarta.activation-api-2.1.3.jar:/home/mahendra/.m2/repository/io/quarkus/quarkus-rest/3.11.3/quarkus-rest-3.11.3.jar:/home/mahendra/.m2/repository/io/quarkus/quarkus-rest-common/3.11.3/quarkus-rest-common-3.11.3.jar:/home/mahendra/.m2/repository/io/quarkus/resteasy/reactive/resteasy-reactive-vertx/3.11.3/resteasy-reactive-vertx-3.11.3.jar:/home/mahendra/.m2/repository/io/quarkus/quarkus-rest-jsonb-common/3.11.3/quarkus-rest-jsonb-common-3.11.3.jar:/home/mahendra/.m2/repository/io/quarkus/quarkus-jsonb/3.11.3/quarkus-jsonb-3.11.3.jar:/home/mahendra/.m2/repository/io/quarkus/quarkus-rest-client/3.11.3/quarkus-rest-client-3.11.3.jar:/home/mahendra/.m2/repository/io/quarkus/quarkus-rest-client-jaxrs/3.11.3/quarkus-rest-client-jaxrs-3.11.3.jar:/home/mahendra/.m2/repository/io/quarkus/resteasy/reactive/resteasy-reactive-client/3.11.3/resteasy-reactive-client-3.11.3.jar:/home/mahendra/.m2/repository/io/quarkus/quarkus-smallrye-stork/3.11.3/quarkus-smallrye-stork-3.11.3.jar:/home/mahendra/.m2/repository/io/quarkus/quarkus-rest-client-config/3.11.3/quarkus-rest-client-config-3.11.3.jar:/home/mahendra/.m2/repository/io/smallrye/stork/stork-api/2.6.0/stork-api-2.6.0.jar:/home/mahendra/.m2/repository/io/smallrye/reactive/mutiny/2.6.0/mutiny-2.6.0.jar:/home/mahendra/.m2/repository/org/jctools/jctools-core/4.0.3/jctools-core-4.0.3.jar:/home/mahendra/.m2/repository/io/smallrye/stork/stork-core/2.6.0/stork-core-2.6.0.jar:/home/mahendra/.m2/repository/org/eclipse/microprofile/rest/client/microprofile-rest-client-api/3.0.1/microprofile-rest-client-api-3.0.1.jar:/home/mahendra/.m2/repository/io/quarkus/quarkus-rest-client-jackson/3.11.3/quarkus-rest-client-jackson-3.11.3.jar:/home/mahendra/.m2/repository/io/quarkus/resteasy/reactive/resteasy-reactive-jackson/3.11.3/resteasy-reactive-jackson-3.11.3.jar:/home/mahendra/.m2/repository/io/quarkus/quarkus-rest-jackson-common/3.11.3/quarkus-rest-jackson-common-3.11.3.jar:/home/mahendra/.m2/repository/io/quarkus/quarkus-jackson/3.11.3/quarkus-jackson-3.11.3.jar:/home/mahendra/.m2/repository/com/fasterxml/jackson/datatype/jackson-datatype-jdk8/2.17.1/jackson-datatype-jdk8-2.17.1.jar:/home/mahendra/.m2/repository/com/fasterxml/jackson/module/jackson-module-parameter-names/2.17.1/jackson-module-parameter-names-2.17.1.jar:/home/mahendra/.m2/repository/io/quarkus/quarkus-security-jpa/3.11.3/quarkus-security-jpa-3.11.3.jar:/home/mahendra/.m2/repository/io/quarkus/quarkus-security-jpa-common/3.11.3/quarkus-security-jpa-common-3.11.3.jar:/home/mahendra/.m2/repository/io/quarkus/quarkus-elytron-security-common/3.11.3/quarkus-elytron-security-common-3.11.3.jar:/home/mahendra/.m2/repository/org/wildfly/security/wildfly-elytron-credential/2.4.2.Final/wildfly-elytron-credential-2.4.2.Final.jar:/home/mahendra/.m2/repository/org/wildfly/security/wildfly-elytron-asn1/2.4.2.Final/wildfly-elytron-asn1-2.4.2.Final.jar:/home/mahendra/.m2/repository/org/wildfly/security/wildfly-elytron-keystore/2.4.2.Final/wildfly-elytron-keystore-2.4.2.Final.jar:/home/mahendra/.m2/repository/org/wildfly/security/wildfly-elytron-util/2.4.2.Final/wildfly-elytron-util-2.4.2.Final.jar:/home/mahendra/.m2/repository/org/wildfly/security/wildfly-elytron-base/2.4.2.Final/wildfly-elytron-base-2.4.2.Final.jar:/home/mahendra/.m2/repository/org/wildfly/security/wildfly-elytron-x500-cert/2.4.2.Final/wildfly-elytron-x500-cert-2.4.2.Final.jar:/home/mahendra/.m2/repository/org/wildfly/security/wildfly-elytron-x500-cert-util/2.4.2.Final/wildfly-elytron-x500-cert-util-2.4.2.Final.jar:/home/mahendra/.m2/repository/org/wildfly/security/wildfly-elytron-provider-util/2.4.2.Final/wildfly-elytron-provider-util-2.4.2.Final.jar:/home/mahendra/.m2/repository/org/wildfly/security/wildfly-elytron-x500/2.4.2.Final/wildfly-elytron-x500-2.4.2.Final.jar:/home/mahendra/.m2/repository/org/wildfly/security/wildfly-elytron-password-impl/2.4.2.Final/wildfly-elytron-password-impl-2.4.2.Final.jar:/home/mahendra/.m2/repository/jakarta/persistence/jakarta.persistence-api/3.1.0/jakarta.persistence-api-3.1.0.jar:/home/mahendra/.m2/repository/io/quarkus/quarkus-hibernate-orm/3.11.3/quarkus-hibernate-orm-3.11.3.jar:/home/mahendra/.m2/repository/org/hibernate/orm/hibernate-core/6.5.2.Final/hibernate-core-6.5.2.Final.jar:/home/mahendra/.m2/repository/com/fasterxml/classmate/1.7.0/classmate-1.7.0.jar:/home/mahendra/.m2/repository/org/antlr/antlr4-runtime/4.13.0/antlr4-runtime-4.13.0.jar:/home/mahendra/.m2/repository/net/bytebuddy/byte-buddy/1.14.15/byte-buddy-1.14.15.jar:/home/mahendra/.m2/repository/org/hibernate/common/hibernate-commons-annotations/6.0.6.Final/hibernate-commons-annotations-6.0.6.Final.jar:/home/mahendra/.m2/repository/org/hibernate/orm/hibernate-graalvm/6.5.2.Final/hibernate-graalvm-6.5.2.Final.jar:/home/mahendra/.m2/repository/org/glassfish/jaxb/jaxb-runtime/4.0.5/jaxb-runtime-4.0.5.jar:/home/mahendra/.m2/repository/org/glassfish/jaxb/jaxb-core/4.0.5/jaxb-core-4.0.5.jar:/home/mahendra/.m2/repository/org/eclipse/angus/angus-activation/2.0.2/angus-activation-2.0.2.jar:/home/mahendra/.m2/repository/org/glassfish/jaxb/txw2/4.0.5/txw2-4.0.5.jar:/home/mahendra/.m2/repository/com/sun/istack/istack-commons-runtime/4.1.2/istack-commons-runtime-4.1.2.jar:/home/mahendra/.m2/repository/org/hibernate/quarkus-local-cache/0.3.0/quarkus-local-cache-0.3.0.jar:/home/mahendra/.m2/repository/io/quarkus/quarkus-caffeine/3.11.3/quarkus-caffeine-3.11.3.jar:/home/mahendra/.m2/repository/com/github/ben-manes/caffeine/caffeine/3.1.5/caffeine-3.1.5.jar:/home/mahendra/.m2/repository/com/google/errorprone/error_prone_annotations/2.27.1/error_prone_annotations-2.27.1.jar:/home/mahendra/.m2/repository/io/quarkus/quarkus-security/3.11.3/quarkus-security-3.11.3.jar:/home/mahendra/.m2/repository/io/quarkus/quarkus-security-runtime-spi/3.11.3/quarkus-security-runtime-spi-3.11.3.jar:/home/mahendra/.m2/repository/jakarta/interceptor/jakarta.interceptor-api/2.2.0/jakarta.interceptor-api-2.2.0.jar:/home/mahendra/.m2/repository/io/quarkus/security/quarkus-security/2.0.3.Final/quarkus-security-2.0.3.Final.jar:/home/mahendra/.m2/repository/jakarta/enterprise/jakarta.enterprise.cdi-api/4.1.0/jakarta.enterprise.cdi-api-4.1.0.jar:/home/mahendra/.m2/repository/jakarta/enterprise/jakarta.enterprise.lang-model/4.1.0/jakarta.enterprise.lang-model-4.1.0.jar:/home/mahendra/.m2/repository/jakarta/el/jakarta.el-api/5.0.1/jakarta.el-api-5.0.1.jar:/home/mahendra/.m2/repository/io/quarkus/quarkus-vertx/3.11.3/quarkus-vertx-3.11.3.jar:/home/mahendra/.m2/repository/io/quarkus/quarkus-netty/3.11.3/quarkus-netty-3.11.3.jar:/home/mahendra/.m2/repository/io/netty/netty-codec/4.1.108.Final/netty-codec-4.1.108.Final.jar:/home/mahendra/.m2/repository/io/netty/netty-common/4.1.108.Final/netty-common-4.1.108.Final.jar:/home/mahendra/.m2/repository/io/netty/netty-codec-http/4.1.108.Final/netty-codec-http-4.1.108.Final.jar:/home/mahendra/.m2/repository/io/netty/netty-codec-http2/4.1.108.Final/netty-codec-http2-4.1.108.Final.jar:/home/mahendra/.m2/repository/io/netty/netty-handler/4.1.108.Final/netty-handler-4.1.108.Final.jar:/home/mahendra/.m2/repository/io/netty/netty-resolver/4.1.108.Final/netty-resolver-4.1.108.Final.jar:/home/mahendra/.m2/repository/io/netty/netty-transport-native-unix-common/4.1.108.Final/netty-transport-native-unix-common-4.1.108.Final.jar:/home/mahendra/.m2/repository/com/aayushatharva/brotli4j/brotli4j/1.16.0/brotli4j-1.16.0.jar:/home/mahendra/.m2/repository/com/aayushatharva/brotli4j/service/1.16.0/service-1.16.0.jar:/home/mahendra/.m2/repository/com/aayushatharva/brotli4j/native-linux-x86_64/1.16.0/native-linux-x86_64-1.16.0.jar:/home/mahendra/.m2/repository/io/netty/netty-codec-haproxy/4.1.108.Final/netty-codec-haproxy-4.1.108.Final.jar:/home/mahendra/.m2/repository/io/netty/netty-buffer/4.1.108.Final/netty-buffer-4.1.108.Final.jar:/home/mahendra/.m2/repository/io/netty/netty-transport/4.1.108.Final/netty-transport-4.1.108.Final.jar:/home/mahendra/.m2/repository/io/smallrye/common/smallrye-common-annotation/2.3.0/smallrye-common-annotation-2.3.0.jar:/home/mahendra/.m2/repository/io/smallrye/common/smallrye-common-vertx-context/2.3.0/smallrye-common-vertx-context-2.3.0.jar:/home/mahendra/.m2/repository/io/vertx/vertx-core/4.5.7/vertx-core-4.5.7.jar:/home/mahendra/.m2/repository/io/netty/netty-handler-proxy/4.1.108.Final/netty-handler-proxy-4.1.108.Final.jar:/home/mahendra/.m2/repository/io/netty/netty-codec-socks/4.1.108.Final/netty-codec-socks-4.1.108.Final.jar:/home/mahendra/.m2/repository/io/netty/netty-resolver-dns/4.1.108.Final/netty-resolver-dns-4.1.108.Final.jar:/home/mahendra/.m2/repository/io/netty/netty-codec-dns/4.1.108.Final/netty-codec-dns-4.1.108.Final.jar:/home/mahendra/.m2/repository/io/smallrye/common/smallrye-common-constraint/2.3.0/smallrye-common-constraint-2.3.0.jar:/home/mahendra/.m2/repository/io/quarkus/quarkus-mutiny/3.11.3/quarkus-mutiny-3.11.3.jar:/home/mahendra/.m2/repository/io/quarkus/quarkus-smallrye-context-propagation/3.11.3/quarkus-smallrye-context-propagation-3.11.3.jar:/home/mahendra/.m2/repository/io/smallrye/smallrye-context-propagation/2.1.2/smallrye-context-propagation-2.1.2.jar:/home/mahendra/.m2/repository/io/smallrye/smallrye-context-propagation-api/2.1.2/smallrye-context-propagation-api-2.1.2.jar:/home/mahendra/.m2/repository/io/smallrye/smallrye-context-propagation-storage/2.1.2/smallrye-context-propagation-storage-2.1.2.jar:/home/mahendra/.m2/repository/io/smallrye/reactive/mutiny-smallrye-context-propagation/2.6.0/mutiny-smallrye-context-propagation-2.6.0.jar:/home/mahendra/.m2/repository/io/quarkus/quarkus-virtual-threads/3.11.3/quarkus-virtual-threads-3.11.3.jar:/home/mahendra/.m2/repository/io/quarkus/quarkus-vertx-latebound-mdc-provider/3.11.3/quarkus-vertx-latebound-mdc-provider-3.11.3.jar:/home/mahendra/.m2/repository/io/smallrye/reactive/smallrye-mutiny-vertx-core/3.12.0/smallrye-mutiny-vertx-core-3.12.0.jar:/home/mahendra/.m2/repository/io/smallrye/reactive/smallrye-mutiny-vertx-runtime/3.12.0/smallrye-mutiny-vertx-runtime-3.12.0.jar:/home/mahendra/.m2/repository/io/smallrye/reactive/vertx-mutiny-generator/3.12.0/vertx-mutiny-generator-3.12.0.jar:/home/mahendra/.m2/repository/io/vertx/vertx-codegen/4.5.7/vertx-codegen-4.5.7.jar:/home/mahendra/.m2/repository/io/smallrye/smallrye-fault-tolerance-vertx/6.3.0/smallrye-fault-tolerance-vertx-6.3.0.jar:/home/mahendra/.m2/repository/io/quarkus/quarkus-arc/3.11.3/quarkus-arc-3.11.3.jar:/home/mahendra/.m2/repository/io/quarkus/arc/arc/3.11.3/arc-3.11.3.jar:/home/mahendra/.m2/repository/org/eclipse/microprofile/context-propagation/microprofile-context-propagation-api/1.3/microprofile-context-propagation-api-1.3.jar:/home/mahendra/.m2/repository/io/quarkus/quarkus-junit5/3.11.3/quarkus-junit5-3.11.3.jar:/home/mahendra/.m2/repository/io/quarkus/quarkus-bootstrap-core/3.11.3/quarkus-bootstrap-core-3.11.3.jar:/home/mahendra/.m2/repository/io/quarkus/quarkus-classloader-commons/3.11.3/quarkus-classloader-commons-3.11.3.jar:/home/mahendra/.m2/repository/io/quarkus/quarkus-bootstrap-app-model/3.11.3/quarkus-bootstrap-app-model-3.11.3.jar:/home/mahendra/.m2/repository/io/smallrye/common/smallrye-common-io/2.3.0/smallrye-common-io-2.3.0.jar:/home/mahendra/.m2/repository/org/eclipse/sisu/org.eclipse.sisu.inject/0.9.0.M2/org.eclipse.sisu.inject-0.9.0.M2.jar:/home/mahendra/.m2/repository/io/quarkus/quarkus-test-common/3.11.3/quarkus-test-common-3.11.3.jar:/home/mahendra/.m2/repository/io/quarkus/quarkus-core-deployment/3.11.3/quarkus-core-deployment-3.11.3.jar:/home/mahendra/.m2/repository/org/aesh/readline/2.4/readline-2.4.jar:/home/mahendra/.m2/repository/org/fusesource/jansi/jansi/2.4.0/jansi-2.4.0.jar:/home/mahendra/.m2/repository/org/aesh/aesh/2.7/aesh-2.7.jar:/home/mahendra/.m2/repository/io/quarkus/gizmo/gizmo/1.8.0/gizmo-1.8.0.jar:/home/mahendra/.m2/repository/org/ow2/asm/asm-util/9.7/asm-util-9.7.jar:/home/mahendra/.m2/repository/org/ow2/asm/asm-analysis/9.7/asm-analysis-9.7.jar:/home/mahendra/.m2/repository/org/ow2/asm/asm/9.7/asm-9.7.jar:/home/mahendra/.m2/repository/org/ow2/asm/asm-commons/9.7/asm-commons-9.7.jar:/home/mahendra/.m2/repository/org/ow2/asm/asm-tree/9.7/asm-tree-9.7.jar:/home/mahendra/.m2/repository/io/quarkus/quarkus-hibernate-validator-spi/3.11.3/quarkus-hibernate-validator-spi-3.11.3.jar:/home/mahendra/.m2/repository/io/quarkus/quarkus-class-change-agent/3.11.3/quarkus-class-change-agent-3.11.3.jar:/home/mahendra/.m2/repository/io/quarkus/quarkus-devtools-utilities/3.11.3/quarkus-devtools-utilities-3.11.3.jar:/home/mahendra/.m2/repository/io/quarkus/quarkus-builder/3.11.3/quarkus-builder-3.11.3.jar:/home/mahendra/.m2/repository/org/graalvm/sdk/nativeimage/23.1.2/nativeimage-23.1.2.jar:/home/mahendra/.m2/repository/org/graalvm/sdk/word/23.1.2/word-23.1.2.jar:/home/mahendra/.m2/repository/org/junit/platform/junit-platform-launcher/1.10.2/junit-platform-launcher-1.10.2.jar:/home/mahendra/.m2/repository/io/quarkus/quarkus-bootstrap-maven-resolver/3.11.3/quarkus-bootstrap-maven-resolver-3.11.3.jar:/home/mahendra/.m2/repository/io/smallrye/beanbag/smallrye-beanbag-maven/1.5.2/smallrye-beanbag-maven-1.5.2.jar:/home/mahendra/.m2/repository/io/smallrye/beanbag/smallrye-beanbag-sisu/1.5.2/smallrye-beanbag-sisu-1.5.2.jar:/home/mahendra/.m2/repository/io/smallrye/beanbag/smallrye-beanbag/1.5.2/smallrye-beanbag-1.5.2.jar:/home/mahendra/.m2/repository/javax/inject/javax.inject/1/javax.inject-1.jar:/home/mahendra/.m2/repository/org/apache/maven/maven-artifact/3.9.6/maven-artifact-3.9.6.jar:/home/mahendra/.m2/repository/org/apache/maven/maven-builder-support/3.9.6/maven-builder-support-3.9.6.jar:/home/mahendra/.m2/repository/org/apache/maven/maven-model/3.9.6/maven-model-3.9.6.jar:/home/mahendra/.m2/repository/org/apache/maven/maven-model-builder/3.9.6/maven-model-builder-3.9.6.jar:/home/mahendra/.m2/repository/org/apache/maven/maven-repository-metadata/3.9.6/maven-repository-metadata-3.9.6.jar:/home/mahendra/.m2/repository/org/apache/maven/maven-settings/3.9.6/maven-settings-3.9.6.jar:/home/mahendra/.m2/repository/org/apache/maven/resolver/maven-resolver-api/1.9.18/maven-resolver-api-1.9.18.jar:/home/mahendra/.m2/repository/org/apache/maven/resolver/maven-resolver-impl/1.9.18/maven-resolver-impl-1.9.18.jar:/home/mahendra/.m2/repository/org/apache/maven/resolver/maven-resolver-named-locks/1.9.18/maven-resolver-named-locks-1.9.18.jar:/home/mahendra/.m2/repository/org/apache/maven/resolver/maven-resolver-spi/1.9.18/maven-resolver-spi-1.9.18.jar:/home/mahendra/.m2/repository/org/apache/maven/resolver/maven-resolver-util/1.9.18/maven-resolver-util-1.9.18.jar:/home/mahendra/.m2/repository/org/apache/maven/resolver/maven-resolver-transport-http/1.9.20/maven-resolver-transport-http-1.9.20.jar:/home/mahendra/.m2/repository/org/apache/maven/wagon/wagon-provider-api/3.5.3/wagon-provider-api-3.5.3.jar:/home/mahendra/.m2/repository/org/apache/maven/wagon/wagon-http-shared/3.5.3/wagon-http-shared-3.5.3.jar:/home/mahendra/.m2/repository/org/codehaus/plexus/plexus-interpolation/1.26/plexus-interpolation-1.26.jar:/home/mahendra/.m2/repository/org/codehaus/plexus/plexus-utils/3.5.1/plexus-utils-3.5.1.jar:/home/mahendra/.m2/repository/org/codehaus/plexus/plexus-xml/4.0.1/plexus-xml-4.0.1.jar:/home/mahendra/.m2/repository/org/apache/maven/maven-xml-impl/4.0.0-alpha-5/maven-xml-impl-4.0.0-alpha-5.jar:/home/mahendra/.m2/repository/org/apache/maven/maven-api-xml/4.0.0-alpha-5/maven-api-xml-4.0.0-alpha-5.jar:/home/mahendra/.m2/repository/org/apache/maven/maven-api-meta/4.0.0-alpha-5/maven-api-meta-4.0.0-alpha-5.jar:/home/mahendra/.m2/repository/org/codehaus/plexus/plexus-cipher/2.0/plexus-cipher-2.0.jar:/home/mahendra/.m2/repository/org/codehaus/plexus/plexus-sec-dispatcher/2.0/plexus-sec-dispatcher-2.0.jar:/home/mahendra/.m2/repository/org/apache/maven/maven-embedder/3.9.6/maven-embedder-3.9.6.jar:/home/mahendra/.m2/repository/org/apache/maven/maven-core/3.9.6/maven-core-3.9.6.jar:/home/mahendra/.m2/repository/org/codehaus/plexus/plexus-component-annotations/2.1.0/plexus-component-annotations-2.1.0.jar:/home/mahendra/.m2/repository/org/apache/maven/maven-plugin-api/3.9.6/maven-plugin-api-3.9.6.jar:/home/mahendra/.m2/repository/org/apache/maven/shared/maven-shared-utils/3.3.4/maven-shared-utils-3.3.4.jar:/home/mahendra/.m2/repository/com/google/inject/guice/5.1.0/guice-5.1.0.jar:/home/mahendra/.m2/repository/aopalliance/aopalliance/1.0/aopalliance-1.0.jar:/home/mahendra/.m2/repository/com/google/guava/guava/33.2.0-jre/guava-33.2.0-jre.jar:/home/mahendra/.m2/repository/com/google/guava/failureaccess/1.0.1/failureaccess-1.0.1.jar:/home/mahendra/.m2/repository/javax/annotation/javax.annotation-api/1.3.2/javax.annotation-api-1.3.2.jar:/home/mahendra/.m2/repository/org/codehaus/plexus/plexus-classworlds/2.6.0/plexus-classworlds-2.6.0.jar:/home/mahendra/.m2/repository/commons-cli/commons-cli/1.5.0/commons-cli-1.5.0.jar:/home/mahendra/.m2/repository/org/eclipse/sisu/org.eclipse.sisu.plexus/0.9.0.M2/org.eclipse.sisu.plexus-0.9.0.M2.jar:/home/mahendra/.m2/repository/org/apache/maven/maven-settings-builder/3.9.6/maven-settings-builder-3.9.6.jar:/home/mahendra/.m2/repository/org/apache/maven/maven-resolver-provider/3.9.6/maven-resolver-provider-3.9.6.jar:/home/mahendra/.m2/repository/org/apache/maven/resolver/maven-resolver-connector-basic/1.9.18/maven-resolver-connector-basic-1.9.18.jar:/home/mahendra/.m2/repository/org/apache/maven/resolver/maven-resolver-transport-wagon/1.9.18/maven-resolver-transport-wagon-1.9.18.jar:/home/mahendra/.m2/repository/org/apache/maven/wagon/wagon-http/3.5.3/wagon-http-3.5.3.jar:/home/mahendra/.m2/repository/org/apache/maven/wagon/wagon-file/3.5.3/wagon-file-3.5.3.jar:/home/mahendra/.m2/repository/io/quarkus/quarkus-bootstrap-gradle-resolver/3.11.3/quarkus-bootstrap-gradle-resolver-3.11.3.jar:/home/mahendra/.m2/repository/commons-io/commons-io/2.16.1/commons-io-2.16.1.jar:/home/mahendra/.m2/repository/io/quarkus/quarkus-junit5-properties/3.11.3/quarkus-junit5-properties-3.11.3.jar:/home/mahendra/.m2/repository/org/junit/jupiter/junit-jupiter/5.10.2/junit-jupiter-5.10.2.jar:/home/mahendra/.m2/repository/org/junit/jupiter/junit-jupiter-api/5.10.2/junit-jupiter-api-5.10.2.jar:/home/mahendra/.m2/repository/org/opentest4j/opentest4j/1.3.0/opentest4j-1.3.0.jar:/home/mahendra/.m2/repository/org/junit/platform/junit-platform-commons/1.10.2/junit-platform-commons-1.10.2.jar:/home/mahendra/.m2/repository/org/apiguardian/apiguardian-api/1.1.2/apiguardian-api-1.1.2.jar:/home/mahendra/.m2/repository/org/junit/jupiter/junit-jupiter-params/5.10.2/junit-jupiter-params-5.10.2.jar:/home/mahendra/.m2/repository/org/junit/jupiter/junit-jupiter-engine/5.10.2/junit-jupiter-engine-5.10.2.jar:/home/mahendra/.m2/repository/org/junit/platform/junit-platform-engine/1.10.2/junit-platform-engine-1.10.2.jar:/home/mahendra/.m2/repository/com/thoughtworks/xstream/xstream/1.4.20/xstream-1.4.20.jar:/home/mahendra/.m2/repository/io/github/x-stream/mxparser/1.2.2/mxparser-1.2.2.jar:/home/mahendra/.m2/repository/xmlpull/xmlpull/1.1.3.1/xmlpull-1.1.3.1.jar:/home/mahendra/.m2/repository/io/quarkus/quarkus-junit5-mockito/3.11.3/quarkus-junit5-mockito-3.11.3.jar:/home/mahendra/.m2/repository/org/mockito/mockito-junit-jupiter/5.11.0/mockito-junit-jupiter-5.11.0.jar:/home/mahendra/.m2/repository/org/mockito/mockito-core/5.11.0/mockito-core-5.11.0.jar:/home/mahendra/.m2/repository/net/bytebuddy/byte-buddy-agent/1.14.12/byte-buddy-agent-1.14.12.jar:/home/mahendra/.m2/repository/org/objenesis/objenesis/3.3/objenesis-3.3.jar:/home/mahendra/.m2/repository/io/quarkus/quarkus-junit5-mockito-config/3.11.3/quarkus-junit5-mockito-config-3.11.3.jar:/home/mahendra/.m2/repository/io/quarkus/quarkus-arc-deployment/3.11.3/quarkus-arc-deployment-3.11.3.jar:/home/mahendra/.m2/repository/io/quarkus/quarkus-smallrye-context-propagation-spi/3.11.3/quarkus-smallrye-context-propagation-spi-3.11.3.jar:/home/mahendra/.m2/repository/io/quarkus/quarkus-vertx-http-dev-ui-spi/3.11.3/quarkus-vertx-http-dev-ui-spi-3.11.3.jar:/home/mahendra/.m2/repository/io/quarkus/arc/arc-processor/3.11.3/arc-processor-3.11.3.jar:/home/mahendra/.m2/repository/io/quarkus/quarkus-arc-test-supplement/3.11.3/quarkus-arc-test-supplement-3.11.3.jar:/home/mahendra/.m2/repository/org/mockito/mockito-subclass/5.11.0/mockito-subclass-5.11.0.jar:/home/mahendra/.m2/repository/io/rest-assured/rest-assured/5.4.0/rest-assured-5.4.0.jar:/home/mahendra/.m2/repository/org/apache/groovy/groovy/4.0.16/groovy-4.0.16.jar:/home/mahendra/.m2/repository/org/apache/groovy/groovy-xml/4.0.16/groovy-xml-4.0.16.jar:/home/mahendra/.m2/repository/org/apache/httpcomponents/httpclient/4.5.14/httpclient-4.5.14.jar:/home/mahendra/.m2/repository/org/apache/httpcomponents/httpcore/4.4.16/httpcore-4.4.16.jar:/home/mahendra/.m2/repository/commons-codec/commons-codec/1.17.0/commons-codec-1.17.0.jar:/home/mahendra/.m2/repository/org/apache/httpcomponents/httpmime/4.5.14/httpmime-4.5.14.jar:/home/mahendra/.m2/repository/org/hamcrest/hamcrest/2.2/hamcrest-2.2.jar:/home/mahendra/.m2/repository/org/ccil/cowan/tagsoup/tagsoup/1.2.1/tagsoup-1.2.1.jar:/home/mahendra/.m2/repository/io/rest-assured/json-path/5.4.0/json-path-5.4.0.jar:/home/mahendra/.m2/repository/org/apache/groovy/groovy-json/4.0.16/groovy-json-4.0.16.jar:/home/mahendra/.m2/repository/io/rest-assured/rest-assured-common/5.4.0/rest-assured-common-5.4.0.jar:/home/mahendra/.m2/repository/io/rest-assured/xml-path/5.4.0/xml-path-5.4.0.jar:/home/mahendra/.m2/repository/org/apache/commons/commons-lang3/3.14.0/commons-lang3-3.14.0.jar:/home/mahendra/.m2/repository/io/jsonwebtoken/jjwt-api/0.11.2/jjwt-api-0.11.2.jar:/home/mahendra/.m2/repository/io/jsonwebtoken/jjwt-impl/0.11.2/jjwt-impl-0.11.2.jar:/home/mahendra/.m2/repository/com/fasterxml/jackson/core/jackson-databind/2.13.3/jackson-databind-2.13.3.jar:/home/mahendra/.m2/repository/com/fasterxml/jackson/core/jackson-annotations/2.17.1/jackson-annotations-2.17.1.jar:/home/mahendra/.m2/repository/com/fasterxml/jackson/core/jackson-core/2.17.1/jackson-core-2.17.1.jar:/home/mahendra/.m2/repository/com/fasterxml/jackson/datatype/jackson-datatype-jsr310/2.13.3/jackson-datatype-jsr310-2.13.3.jar:/home/mahendra/.m2/repository/org/bouncycastle/bcprov-jdk15on/1.64/bcprov-jdk15on-1.64.jar:/home/mahendra/.m2/repository/io/jsonwebtoken/jjwt-jackson/0.11.2/jjwt-jackson-0.11.2.jar:/home/mahendra/.m2/repository/org/apache/logging/log4j/log4j-api/2.20.0/log4j-api-2.20.0.jar:/home/mahendra/.m2/repository/org/apache/logging/log4j/log4j-core/2.20.0/log4j-core-2.20.0.jar:/home/mahendra/.m2/repository/org/projectlombok/lombok/1.18.32/lombok-1.18.32.jar:/home/mahendra/.m2/repository/redis/clients/jedis/3.1.0/jedis-3.1.0.jar:/home/mahendra/.m2/repository/org/slf4j/slf4j-api/2.0.6/slf4j-api-2.0.6.jar:/home/mahendra/.m2/repository/org/apache/commons/commons-pool2/2.6.2/commons-pool2-2.6.2.jar:"/>
    <property name="java.vm.vendor" value="Eclipse Adoptium"/>
    <property name="sun.arch.data.model" value="64"/>
    <property name="java.vendor.url" value="https://adoptium.net/"/>
    <property name="user.timezone" value="Asia/Kolkata"/>
    <property name="logging.initial-configurator.min-level" value="500"/>
    <property name="java.vm.specification.version" value="21"/>
    <property name="os.name" value="Linux"/>
    <property name="sun.java.launcher" value="SUN_STANDARD"/>
    <property name="user.country" value="US"/>
    <property name="groovy.use.classvalue" value="false"/>
    <property name="mp.openapi.extensions.smallrye.defaultProduces" value="application/json"/>
    <property name="sun.boot.library.path" value="/home/mahendra/.config/Code/User/globalStorage/pleiades.java-extension-pack-jdk/java/21/lib"/>
    <property name="sun.java.command" value="/home/mahendra/Downloads/resource (backup) (Copy)/target/surefire/surefirebooter-20240919192511943_3.jar /home/mahendra/Downloads/resource (backup) (Copy)/target/surefire 2024-09-19T19-25-11_851-jvmRun1 surefire-20240919192511943_1tmp surefire_0-20240919192511943_2tmp"/>
    <property name="jdk.debug" value="release"/>
    <property name="maven.home" value="/home/mahendra/.m2/wrapper/dists/apache-maven-3.9.6-bin/3311e1d4/apache-maven-3.9.6"/>
    <property name="surefire.test.class.path" value="/home/mahendra/Downloads/resource (backup) (Copy)/target/test-classes:/home/mahendra/Downloads/resource (backup) (Copy)/target/classes:/home/mahendra/.m2/repository/io/quarkus/quarkus-hibernate-orm-rest-data-panache/3.11.3/quarkus-hibernate-orm-rest-data-panache-3.11.3.jar:/home/mahendra/.m2/repository/io/quarkus/quarkus-rest-data-panache/3.11.3/quarkus-rest-data-panache-3.11.3.jar:/home/mahendra/.m2/repository/io/quarkus/quarkus-panache-common/3.11.3/quarkus-panache-common-3.11.3.jar:/home/mahendra/.m2/repository/io/quarkus/quarkus-hal/3.11.3/quarkus-hal-3.11.3.jar:/home/mahendra/.m2/repository/jakarta/ws/rs/jakarta.ws.rs-api/3.1.0/jakarta.ws.rs-api-3.1.0.jar:/home/mahendra/.m2/repository/jakarta/validation/jakarta.validation-api/3.0.2/jakarta.validation-api-3.0.2.jar:/home/mahendra/.m2/repository/io/quarkus/quarkus-hibernate-orm-panache/3.11.3/quarkus-hibernate-orm-panache-3.11.3.jar:/home/mahendra/.m2/repository/io/quarkus/quarkus-hibernate-orm-panache-common/3.11.3/quarkus-hibernate-orm-panache-common-3.11.3.jar:/home/mahendra/.m2/repository/io/quarkus/quarkus-panache-hibernate-common/3.11.3/quarkus-panache-hibernate-common-3.11.3.jar:/home/mahendra/.m2/repository/io/quarkus/quarkus-flyway/3.11.3/quarkus-flyway-3.11.3.jar:/home/mahendra/.m2/repository/io/quarkus/quarkus-core/3.11.3/quarkus-core-3.11.3.jar:/home/mahendra/.m2/repository/jakarta/inject/jakarta.inject-api/2.0.1/jakarta.inject-api-2.0.1.jar:/home/mahendra/.m2/repository/io/smallrye/common/smallrye-common-os/2.3.0/smallrye-common-os-2.3.0.jar:/home/mahendra/.m2/repository/io/quarkus/quarkus-ide-launcher/3.11.3/quarkus-ide-launcher-3.11.3.jar:/home/mahendra/.m2/repository/io/quarkus/quarkus-development-mode-spi/3.11.3/quarkus-development-mode-spi-3.11.3.jar:/home/mahendra/.m2/repository/io/smallrye/config/smallrye-config/3.8.1/smallrye-config-3.8.1.jar:/home/mahendra/.m2/repository/io/smallrye/config/smallrye-config-core/3.8.1/smallrye-config-core-3.8.1.jar:/home/mahendra/.m2/repository/io/smallrye/common/smallrye-common-classloader/2.3.0/smallrye-common-classloader-2.3.0.jar:/home/mahendra/.m2/repository/io/smallrye/config/smallrye-config-common/3.8.1/smallrye-config-common-3.8.1.jar:/home/mahendra/.m2/repository/org/jboss/logging/jboss-logging/3.5.3.Final/jboss-logging-3.5.3.Final.jar:/home/mahendra/.m2/repository/org/jboss/logmanager/jboss-logmanager/3.0.6.Final/jboss-logmanager-3.0.6.Final.jar:/home/mahendra/.m2/repository/io/smallrye/common/smallrye-common-cpu/2.3.0/smallrye-common-cpu-2.3.0.jar:/home/mahendra/.m2/repository/io/smallrye/common/smallrye-common-expression/2.3.0/smallrye-common-expression-2.3.0.jar:/home/mahendra/.m2/repository/io/smallrye/common/smallrye-common-function/2.3.0/smallrye-common-function-2.3.0.jar:/home/mahendra/.m2/repository/io/smallrye/common/smallrye-common-net/2.3.0/smallrye-common-net-2.3.0.jar:/home/mahendra/.m2/repository/io/smallrye/common/smallrye-common-ref/2.3.0/smallrye-common-ref-2.3.0.jar:/home/mahendra/.m2/repository/jakarta/json/jakarta.json-api/2.1.3/jakarta.json-api-2.1.3.jar:/home/mahendra/.m2/repository/org/jboss/logging/jboss-logging-annotations/2.2.1.Final/jboss-logging-annotations-2.2.1.Final.jar:/home/mahendra/.m2/repository/org/jboss/threads/jboss-threads/3.6.1.Final/jboss-threads-3.6.1.Final.jar:/home/mahendra/.m2/repository/org/jboss/slf4j/slf4j-jboss-logmanager/2.0.0.Final/slf4j-jboss-logmanager-2.0.0.Final.jar:/home/mahendra/.m2/repository/org/wildfly/common/wildfly-common/1.7.0.Final/wildfly-common-1.7.0.Final.jar:/home/mahendra/.m2/repository/io/quarkus/quarkus-bootstrap-runner/3.11.3/quarkus-bootstrap-runner-3.11.3.jar:/home/mahendra/.m2/repository/io/quarkus/quarkus-fs-util/0.0.10/quarkus-fs-util-0.0.10.jar:/home/mahendra/.m2/repository/org/flywaydb/flyway-core/10.13.0/flyway-core-10.13.0.jar:/home/mahendra/.m2/repository/com/fasterxml/jackson/dataformat/jackson-dataformat-toml/2.17.1/jackson-dataformat-toml-2.17.1.jar:/home/mahendra/.m2/repository/com/google/code/gson/gson/2.10.1/gson-2.10.1.jar:/home/mahendra/.m2/repository/io/quarkus/quarkus-agroal/3.11.3/quarkus-agroal-3.11.3.jar:/home/mahendra/.m2/repository/io/quarkus/quarkus-datasource/3.11.3/quarkus-datasource-3.11.3.jar:/home/mahendra/.m2/repository/io/agroal/agroal-api/2.4/agroal-api-2.4.jar:/home/mahendra/.m2/repository/io/agroal/agroal-narayana/2.4/agroal-narayana-2.4.jar:/home/mahendra/.m2/repository/org/jboss/jboss-transaction-spi/8.0.0.Final/jboss-transaction-spi-8.0.0.Final.jar:/home/mahendra/.m2/repository/io/agroal/agroal-pool/2.4/agroal-pool-2.4.jar:/home/mahendra/.m2/repository/io/quarkus/quarkus-credentials/3.11.3/quarkus-credentials-3.11.3.jar:/home/mahendra/.m2/repository/io/quarkus/quarkus-narayana-jta/3.11.3/quarkus-narayana-jta-3.11.3.jar:/home/mahendra/.m2/repository/io/quarkus/quarkus-transaction-annotations/3.11.3/quarkus-transaction-annotations-3.11.3.jar:/home/mahendra/.m2/repository/io/smallrye/smallrye-context-propagation-jta/2.1.2/smallrye-context-propagation-jta-2.1.2.jar:/home/mahendra/.m2/repository/jakarta/transaction/jakarta.transaction-api/2.0.1/jakarta.transaction-api-2.0.1.jar:/home/mahendra/.m2/repository/io/smallrye/reactive/smallrye-reactive-converter-api/3.0.1/smallrye-reactive-converter-api-3.0.1.jar:/home/mahendra/.m2/repository/org/reactivestreams/reactive-streams/1.0.4/reactive-streams-1.0.4.jar:/home/mahendra/.m2/repository/io/smallrye/reactive/smallrye-reactive-converter-mutiny/3.0.1/smallrye-reactive-converter-mutiny-3.0.1.jar:/home/mahendra/.m2/repository/io/smallrye/reactive/mutiny-zero-flow-adapters/1.1.0/mutiny-zero-flow-adapters-1.1.0.jar:/home/mahendra/.m2/repository/org/jboss/narayana/jta/narayana-jta/7.0.1.Final/narayana-jta-7.0.1.Final.jar:/home/mahendra/.m2/repository/jakarta/resource/jakarta.resource-api/2.1.0/jakarta.resource-api-2.1.0.jar:/home/mahendra/.m2/repository/org/jboss/invocation/jboss-invocation/2.0.0.Final/jboss-invocation-2.0.0.Final.jar:/home/mahendra/.m2/repository/org/eclipse/microprofile/reactive-streams-operators/microprofile-reactive-streams-operators-api/3.0/microprofile-reactive-streams-operators-api-3.0.jar:/home/mahendra/.m2/repository/org/jboss/narayana/jts/narayana-jts-integration/7.0.1.Final/narayana-jts-integration-7.0.1.Final.jar:/home/mahendra/.m2/repository/io/quarkus/quarkus-datasource-common/3.11.3/quarkus-datasource-common-3.11.3.jar:/home/mahendra/.m2/repository/org/flywaydb/flyway-mysql/10.13.0/flyway-mysql-10.13.0.jar:/home/mahendra/.m2/repository/io/quarkus/quarkus-jdbc-mysql/3.11.3/quarkus-jdbc-mysql-3.11.3.jar:/home/mahendra/.m2/repository/com/mysql/mysql-connector-j/8.3.0/mysql-connector-j-8.3.0.jar:/home/mahendra/.m2/repository/io/quarkus/quarkus-smallrye-openapi/3.11.3/quarkus-smallrye-openapi-3.11.3.jar:/home/mahendra/.m2/repository/io/smallrye/smallrye-open-api-core/3.10.0/smallrye-open-api-core-3.10.0.jar:/home/mahendra/.m2/repository/org/eclipse/microprofile/openapi/microprofile-openapi-api/3.1.1/microprofile-openapi-api-3.1.1.jar:/home/mahendra/.m2/repository/org/eclipse/microprofile/config/microprofile-config-api/3.1/microprofile-config-api-3.1.jar:/home/mahendra/.m2/repository/com/fasterxml/jackson/dataformat/jackson-dataformat-yaml/2.17.1/jackson-dataformat-yaml-2.17.1.jar:/home/mahendra/.m2/repository/org/yaml/snakeyaml/2.2/snakeyaml-2.2.jar:/home/mahendra/.m2/repository/io/smallrye/jandex/3.1.8/jandex-3.1.8.jar:/home/mahendra/.m2/repository/io/quarkus/quarkus-vertx-http/3.11.3/quarkus-vertx-http-3.11.3.jar:/home/mahendra/.m2/repository/io/smallrye/reactive/smallrye-mutiny-vertx-web/3.12.0/smallrye-mutiny-vertx-web-3.12.0.jar:/home/mahendra/.m2/repository/io/smallrye/reactive/smallrye-mutiny-vertx-web-common/3.12.0/smallrye-mutiny-vertx-web-common-3.12.0.jar:/home/mahendra/.m2/repository/io/smallrye/reactive/smallrye-mutiny-vertx-auth-common/3.12.0/smallrye-mutiny-vertx-auth-common-3.12.0.jar:/home/mahendra/.m2/repository/io/smallrye/reactive/smallrye-mutiny-vertx-bridge-common/3.12.0/smallrye-mutiny-vertx-bridge-common-3.12.0.jar:/home/mahendra/.m2/repository/io/smallrye/reactive/smallrye-mutiny-vertx-uri-template/3.12.0/smallrye-mutiny-vertx-uri-template-3.12.0.jar:/home/mahendra/.m2/repository/io/vertx/vertx-uri-template/4.5.7/vertx-uri-template-4.5.7.jar:/home/mahendra/.m2/repository/io/vertx/vertx-web/4.5.7/vertx-web-4.5.7.jar:/home/mahendra/.m2/repository/io/vertx/vertx-web-common/4.5.7/vertx-web-common-4.5.7.jar:/home/mahendra/.m2/repository/io/vertx/vertx-auth-common/4.5.7/vertx-auth-common-4.5.7.jar:/home/mahendra/.m2/repository/io/vertx/vertx-bridge-common/4.5.7/vertx-bridge-common-4.5.7.jar:/home/mahendra/.m2/repository/io/github/crac/org-crac/0.1.3/org-crac-0.1.3.jar:/home/mahendra/.m2/repository/io/quarkus/quarkus-swagger-ui/3.11.3/quarkus-swagger-ui-3.11.3.jar:/home/mahendra/.m2/repository/io/quarkus/quarkus-smallrye-jwt/3.11.3/quarkus-smallrye-jwt-3.11.3.jar:/home/mahendra/.m2/repository/io/smallrye/smallrye-jwt/4.5.2/smallrye-jwt-4.5.2.jar:/home/mahendra/.m2/repository/org/eclipse/microprofile/jwt/microprofile-jwt-auth-api/2.1/microprofile-jwt-auth-api-2.1.jar:/home/mahendra/.m2/repository/org/bitbucket/b_c/jose4j/0.9.6/jose4j-0.9.6.jar:/home/mahendra/.m2/repository/io/smallrye/smallrye-jwt-common/4.5.2/smallrye-jwt-common-4.5.2.jar:/home/mahendra/.m2/repository/jakarta/annotation/jakarta.annotation-api/3.0.0/jakarta.annotation-api-3.0.0.jar:/home/mahendra/.m2/repository/io/quarkus/quarkus-jsonp/3.11.3/quarkus-jsonp-3.11.3.jar:/home/mahendra/.m2/repository/org/eclipse/parsson/parsson/1.1.6/parsson-1.1.6.jar:/home/mahendra/.m2/repository/io/quarkus/quarkus-smallrye-jwt-build/3.11.3/quarkus-smallrye-jwt-build-3.11.3.jar:/home/mahendra/.m2/repository/io/smallrye/smallrye-jwt-build/4.5.2/smallrye-jwt-build-4.5.2.jar:/home/mahendra/.m2/repository/io/quarkus/quarkus-oidc/3.11.3/quarkus-oidc-3.11.3.jar:/home/mahendra/.m2/repository/io/quarkus/quarkus-oidc-common/3.11.3/quarkus-oidc-common-3.11.3.jar:/home/mahendra/.m2/repository/io/smallrye/reactive/smallrye-mutiny-vertx-web-client/3.12.0/smallrye-mutiny-vertx-web-client-3.12.0.jar:/home/mahendra/.m2/repository/io/vertx/vertx-web-client/4.5.7/vertx-web-client-4.5.7.jar:/home/mahendra/.m2/repository/io/quarkus/quarkus-rest-jsonb/3.11.3/quarkus-rest-jsonb-3.11.3.jar:/home/mahendra/.m2/repository/io/quarkus/resteasy/reactive/resteasy-reactive-jsonb/3.11.3/resteasy-reactive-jsonb-3.11.3.jar:/home/mahendra/.m2/repository/io/quarkus/resteasy/reactive/resteasy-reactive/3.11.3/resteasy-reactive-3.11.3.jar:/home/mahendra/.m2/repository/io/quarkus/resteasy/reactive/resteasy-reactive-common/3.11.3/resteasy-reactive-common-3.11.3.jar:/home/mahendra/.m2/repository/io/quarkus/resteasy/reactive/resteasy-reactive-common-types/3.11.3/resteasy-reactive-common-types-3.11.3.jar:/home/mahendra/.m2/repository/org/eclipse/yasson/3.0.3/yasson-3.0.3.jar:/home/mahendra/.m2/repository/jakarta/json/bind/jakarta.json.bind-api/3.0.1/jakarta.json.bind-api-3.0.1.jar:/home/mahendra/.m2/repository/org/jboss/logging/commons-logging-jboss-logging/1.0.0.Final/commons-logging-jboss-logging-1.0.0.Final.jar:/home/mahendra/.m2/repository/jakarta/xml/bind/jakarta.xml.bind-api/4.0.2/jakarta.xml.bind-api-4.0.2.jar:/home/mahendra/.m2/repository/jakarta/activation/jakarta.activation-api/2.1.3/jakarta.activation-api-2.1.3.jar:/home/mahendra/.m2/repository/io/quarkus/quarkus-rest/3.11.3/quarkus-rest-3.11.3.jar:/home/mahendra/.m2/repository/io/quarkus/quarkus-rest-common/3.11.3/quarkus-rest-common-3.11.3.jar:/home/mahendra/.m2/repository/io/quarkus/resteasy/reactive/resteasy-reactive-vertx/3.11.3/resteasy-reactive-vertx-3.11.3.jar:/home/mahendra/.m2/repository/io/quarkus/quarkus-rest-jsonb-common/3.11.3/quarkus-rest-jsonb-common-3.11.3.jar:/home/mahendra/.m2/repository/io/quarkus/quarkus-jsonb/3.11.3/quarkus-jsonb-3.11.3.jar:/home/mahendra/.m2/repository/io/quarkus/quarkus-rest-client/3.11.3/quarkus-rest-client-3.11.3.jar:/home/mahendra/.m2/repository/io/quarkus/quarkus-rest-client-jaxrs/3.11.3/quarkus-rest-client-jaxrs-3.11.3.jar:/home/mahendra/.m2/repository/io/quarkus/resteasy/reactive/resteasy-reactive-client/3.11.3/resteasy-reactive-client-3.11.3.jar:/home/mahendra/.m2/repository/io/quarkus/quarkus-smallrye-stork/3.11.3/quarkus-smallrye-stork-3.11.3.jar:/home/mahendra/.m2/repository/io/quarkus/quarkus-rest-client-config/3.11.3/quarkus-rest-client-config-3.11.3.jar:/home/mahendra/.m2/repository/io/smallrye/stork/stork-api/2.6.0/stork-api-2.6.0.jar:/home/mahendra/.m2/repository/io/smallrye/reactive/mutiny/2.6.0/mutiny-2.6.0.jar:/home/mahendra/.m2/repository/org/jctools/jctools-core/4.0.3/jctools-core-4.0.3.jar:/home/mahendra/.m2/repository/io/smallrye/stork/stork-core/2.6.0/stork-core-2.6.0.jar:/home/mahendra/.m2/repository/org/eclipse/microprofile/rest/client/microprofile-rest-client-api/3.0.1/microprofile-rest-client-api-3.0.1.jar:/home/mahendra/.m2/repository/io/quarkus/quarkus-rest-client-jackson/3.11.3/quarkus-rest-client-jackson-3.11.3.jar:/home/mahendra/.m2/repository/io/quarkus/resteasy/reactive/resteasy-reactive-jackson/3.11.3/resteasy-reactive-jackson-3.11.3.jar:/home/mahendra/.m2/repository/io/quarkus/quarkus-rest-jackson-common/3.11.3/quarkus-rest-jackson-common-3.11.3.jar:/home/mahendra/.m2/repository/io/quarkus/quarkus-jackson/3.11.3/quarkus-jackson-3.11.3.jar:/home/mahendra/.m2/repository/com/fasterxml/jackson/datatype/jackson-datatype-jdk8/2.17.1/jackson-datatype-jdk8-2.17.1.jar:/home/mahendra/.m2/repository/com/fasterxml/jackson/module/jackson-module-parameter-names/2.17.1/jackson-module-parameter-names-2.17.1.jar:/home/mahendra/.m2/repository/io/quarkus/quarkus-security-jpa/3.11.3/quarkus-security-jpa-3.11.3.jar:/home/mahendra/.m2/repository/io/quarkus/quarkus-security-jpa-common/3.11.3/quarkus-security-jpa-common-3.11.3.jar:/home/mahendra/.m2/repository/io/quarkus/quarkus-elytron-security-common/3.11.3/quarkus-elytron-security-common-3.11.3.jar:/home/mahendra/.m2/repository/org/wildfly/security/wildfly-elytron-credential/2.4.2.Final/wildfly-elytron-credential-2.4.2.Final.jar:/home/mahendra/.m2/repository/org/wildfly/security/wildfly-elytron-asn1/2.4.2.Final/wildfly-elytron-asn1-2.4.2.Final.jar:/home/mahendra/.m2/repository/org/wildfly/security/wildfly-elytron-keystore/2.4.2.Final/wildfly-elytron-keystore-2.4.2.Final.jar:/home/mahendra/.m2/repository/org/wildfly/security/wildfly-elytron-util/2.4.2.Final/wildfly-elytron-util-2.4.2.Final.jar:/home/mahendra/.m2/repository/org/wildfly/security/wildfly-elytron-base/2.4.2.Final/wildfly-elytron-base-2.4.2.Final.jar:/home/mahendra/.m2/repository/org/wildfly/security/wildfly-elytron-x500-cert/2.4.2.Final/wildfly-elytron-x500-cert-2.4.2.Final.jar:/home/mahendra/.m2/repository/org/wildfly/security/wildfly-elytron-x500-cert-util/2.4.2.Final/wildfly-elytron-x500-cert-util-2.4.2.Final.jar:/home/mahendra/.m2/repository/org/wildfly/security/wildfly-elytron-provider-util/2.4.2.Final/wildfly-elytron-provider-util-2.4.2.Final.jar:/home/mahendra/.m2/repository/org/wildfly/security/wildfly-elytron-x500/2.4.2.Final/wildfly-elytron-x500-2.4.2.Final.jar:/home/mahendra/.m2/repository/org/wildfly/security/wildfly-elytron-password-impl/2.4.2.Final/wildfly-elytron-password-impl-2.4.2.Final.jar:/home/mahendra/.m2/repository/jakarta/persistence/jakarta.persistence-api/3.1.0/jakarta.persistence-api-3.1.0.jar:/home/mahendra/.m2/repository/io/quarkus/quarkus-hibernate-orm/3.11.3/quarkus-hibernate-orm-3.11.3.jar:/home/mahendra/.m2/repository/org/hibernate/orm/hibernate-core/6.5.2.Final/hibernate-core-6.5.2.Final.jar:/home/mahendra/.m2/repository/com/fasterxml/classmate/1.7.0/classmate-1.7.0.jar:/home/mahendra/.m2/repository/org/antlr/antlr4-runtime/4.13.0/antlr4-runtime-4.13.0.jar:/home/mahendra/.m2/repository/net/bytebuddy/byte-buddy/1.14.15/byte-buddy-1.14.15.jar:/home/mahendra/.m2/repository/org/hibernate/common/hibernate-commons-annotations/6.0.6.Final/hibernate-commons-annotations-6.0.6.Final.jar:/home/mahendra/.m2/repository/org/hibernate/orm/hibernate-graalvm/6.5.2.Final/hibernate-graalvm-6.5.2.Final.jar:/home/mahendra/.m2/repository/org/glassfish/jaxb/jaxb-runtime/4.0.5/jaxb-runtime-4.0.5.jar:/home/mahendra/.m2/repository/org/glassfish/jaxb/jaxb-core/4.0.5/jaxb-core-4.0.5.jar:/home/mahendra/.m2/repository/org/eclipse/angus/angus-activation/2.0.2/angus-activation-2.0.2.jar:/home/mahendra/.m2/repository/org/glassfish/jaxb/txw2/4.0.5/txw2-4.0.5.jar:/home/mahendra/.m2/repository/com/sun/istack/istack-commons-runtime/4.1.2/istack-commons-runtime-4.1.2.jar:/home/mahendra/.m2/repository/org/hibernate/quarkus-local-cache/0.3.0/quarkus-local-cache-0.3.0.jar:/home/mahendra/.m2/repository/io/quarkus/quarkus-caffeine/3.11.3/quarkus-caffeine-3.11.3.jar:/home/mahendra/.m2/repository/com/github/ben-manes/caffeine/caffeine/3.1.5/caffeine-3.1.5.jar:/home/mahendra/.m2/repository/com/google/errorprone/error_prone_annotations/2.27.1/error_prone_annotations-2.27.1.jar:/home/mahendra/.m2/repository/io/quarkus/quarkus-security/3.11.3/quarkus-security-3.11.3.jar:/home/mahendra/.m2/repository/io/quarkus/quarkus-security-runtime-spi/3.11.3/quarkus-security-runtime-spi-3.11.3.jar:/home/mahendra/.m2/repository/jakarta/interceptor/jakarta.interceptor-api/2.2.0/jakarta.interceptor-api-2.2.0.jar:/home/mahendra/.m2/repository/io/quarkus/security/quarkus-security/2.0.3.Final/quarkus-security-2.0.3.Final.jar:/home/mahendra/.m2/repository/jakarta/enterprise/jakarta.enterprise.cdi-api/4.1.0/jakarta.enterprise.cdi-api-4.1.0.jar:/home/mahendra/.m2/repository/jakarta/enterprise/jakarta.enterprise.lang-model/4.1.0/jakarta.enterprise.lang-model-4.1.0.jar:/home/mahendra/.m2/repository/jakarta/el/jakarta.el-api/5.0.1/jakarta.el-api-5.0.1.jar:/home/mahendra/.m2/repository/io/quarkus/quarkus-vertx/3.11.3/quarkus-vertx-3.11.3.jar:/home/mahendra/.m2/repository/io/quarkus/quarkus-netty/3.11.3/quarkus-netty-3.11.3.jar:/home/mahendra/.m2/repository/io/netty/netty-codec/4.1.108.Final/netty-codec-4.1.108.Final.jar:/home/mahendra/.m2/repository/io/netty/netty-common/4.1.108.Final/netty-common-4.1.108.Final.jar:/home/mahendra/.m2/repository/io/netty/netty-codec-http/4.1.108.Final/netty-codec-http-4.1.108.Final.jar:/home/mahendra/.m2/repository/io/netty/netty-codec-http2/4.1.108.Final/netty-codec-http2-4.1.108.Final.jar:/home/mahendra/.m2/repository/io/netty/netty-handler/4.1.108.Final/netty-handler-4.1.108.Final.jar:/home/mahendra/.m2/repository/io/netty/netty-resolver/4.1.108.Final/netty-resolver-4.1.108.Final.jar:/home/mahendra/.m2/repository/io/netty/netty-transport-native-unix-common/4.1.108.Final/netty-transport-native-unix-common-4.1.108.Final.jar:/home/mahendra/.m2/repository/com/aayushatharva/brotli4j/brotli4j/1.16.0/brotli4j-1.16.0.jar:/home/mahendra/.m2/repository/com/aayushatharva/brotli4j/service/1.16.0/service-1.16.0.jar:/home/mahendra/.m2/repository/com/aayushatharva/brotli4j/native-linux-x86_64/1.16.0/native-linux-x86_64-1.16.0.jar:/home/mahendra/.m2/repository/io/netty/netty-codec-haproxy/4.1.108.Final/netty-codec-haproxy-4.1.108.Final.jar:/home/mahendra/.m2/repository/io/netty/netty-buffer/4.1.108.Final/netty-buffer-4.1.108.Final.jar:/home/mahendra/.m2/repository/io/netty/netty-transport/4.1.108.Final/netty-transport-4.1.108.Final.jar:/home/mahendra/.m2/repository/io/smallrye/common/smallrye-common-annotation/2.3.0/smallrye-common-annotation-2.3.0.jar:/home/mahendra/.m2/repository/io/smallrye/common/smallrye-common-vertx-context/2.3.0/smallrye-common-vertx-context-2.3.0.jar:/home/mahendra/.m2/repository/io/vertx/vertx-core/4.5.7/vertx-core-4.5.7.jar:/home/mahendra/.m2/repository/io/netty/netty-handler-proxy/4.1.108.Final/netty-handler-proxy-4.1.108.Final.jar:/home/mahendra/.m2/repository/io/netty/netty-codec-socks/4.1.108.Final/netty-codec-socks-4.1.108.Final.jar:/home/mahendra/.m2/repository/io/netty/netty-resolver-dns/4.1.108.Final/netty-resolver-dns-4.1.108.Final.jar:/home/mahendra/.m2/repository/io/netty/netty-codec-dns/4.1.108.Final/netty-codec-dns-4.1.108.Final.jar:/home/mahendra/.m2/repository/io/smallrye/common/smallrye-common-constraint/2.3.0/smallrye-common-constraint-2.3.0.jar:/home/mahendra/.m2/repository/io/quarkus/quarkus-mutiny/3.11.3/quarkus-mutiny-3.11.3.jar:/home/mahendra/.m2/repository/io/quarkus/quarkus-smallrye-context-propagation/3.11.3/quarkus-smallrye-context-propagation-3.11.3.jar:/home/mahendra/.m2/repository/io/smallrye/smallrye-context-propagation/2.1.2/smallrye-context-propagation-2.1.2.jar:/home/mahendra/.m2/repository/io/smallrye/smallrye-context-propagation-api/2.1.2/smallrye-context-propagation-api-2.1.2.jar:/home/mahendra/.m2/repository/io/smallrye/smallrye-context-propagation-storage/2.1.2/smallrye-context-propagation-storage-2.1.2.jar:/home/mahendra/.m2/repository/io/smallrye/reactive/mutiny-smallrye-context-propagation/2.6.0/mutiny-smallrye-context-propagation-2.6.0.jar:/home/mahendra/.m2/repository/io/quarkus/quarkus-virtual-threads/3.11.3/quarkus-virtual-threads-3.11.3.jar:/home/mahendra/.m2/repository/io/quarkus/quarkus-vertx-latebound-mdc-provider/3.11.3/quarkus-vertx-latebound-mdc-provider-3.11.3.jar:/home/mahendra/.m2/repository/io/smallrye/reactive/smallrye-mutiny-vertx-core/3.12.0/smallrye-mutiny-vertx-core-3.12.0.jar:/home/mahendra/.m2/repository/io/smallrye/reactive/smallrye-mutiny-vertx-runtime/3.12.0/smallrye-mutiny-vertx-runtime-3.12.0.jar:/home/mahendra/.m2/repository/io/smallrye/reactive/vertx-mutiny-generator/3.12.0/vertx-mutiny-generator-3.12.0.jar:/home/mahendra/.m2/repository/io/vertx/vertx-codegen/4.5.7/vertx-codegen-4.5.7.jar:/home/mahendra/.m2/repository/io/smallrye/smallrye-fault-tolerance-vertx/6.3.0/smallrye-fault-tolerance-vertx-6.3.0.jar:/home/mahendra/.m2/repository/io/quarkus/quarkus-arc/3.11.3/quarkus-arc-3.11.3.jar:/home/mahendra/.m2/repository/io/quarkus/arc/arc/3.11.3/arc-3.11.3.jar:/home/mahendra/.m2/repository/org/eclipse/microprofile/context-propagation/microprofile-context-propagation-api/1.3/microprofile-context-propagation-api-1.3.jar:/home/mahendra/.m2/repository/io/quarkus/quarkus-junit5/3.11.3/quarkus-junit5-3.11.3.jar:/home/mahendra/.m2/repository/io/quarkus/quarkus-bootstrap-core/3.11.3/quarkus-bootstrap-core-3.11.3.jar:/home/mahendra/.m2/repository/io/quarkus/quarkus-classloader-commons/3.11.3/quarkus-classloader-commons-3.11.3.jar:/home/mahendra/.m2/repository/io/quarkus/quarkus-bootstrap-app-model/3.11.3/quarkus-bootstrap-app-model-3.11.3.jar:/home/mahendra/.m2/repository/io/smallrye/common/smallrye-common-io/2.3.0/smallrye-common-io-2.3.0.jar:/home/mahendra/.m2/repository/org/eclipse/sisu/org.eclipse.sisu.inject/0.9.0.M2/org.eclipse.sisu.inject-0.9.0.M2.jar:/home/mahendra/.m2/repository/io/quarkus/quarkus-test-common/3.11.3/quarkus-test-common-3.11.3.jar:/home/mahendra/.m2/repository/io/quarkus/quarkus-core-deployment/3.11.3/quarkus-core-deployment-3.11.3.jar:/home/mahendra/.m2/repository/org/aesh/readline/2.4/readline-2.4.jar:/home/mahendra/.m2/repository/org/fusesource/jansi/jansi/2.4.0/jansi-2.4.0.jar:/home/mahendra/.m2/repository/org/aesh/aesh/2.7/aesh-2.7.jar:/home/mahendra/.m2/repository/io/quarkus/gizmo/gizmo/1.8.0/gizmo-1.8.0.jar:/home/mahendra/.m2/repository/org/ow2/asm/asm-util/9.7/asm-util-9.7.jar:/home/mahendra/.m2/repository/org/ow2/asm/asm-analysis/9.7/asm-analysis-9.7.jar:/home/mahendra/.m2/repository/org/ow2/asm/asm/9.7/asm-9.7.jar:/home/mahendra/.m2/repository/org/ow2/asm/asm-commons/9.7/asm-commons-9.7.jar:/home/mahendra/.m2/repository/org/ow2/asm/asm-tree/9.7/asm-tree-9.7.jar:/home/mahendra/.m2/repository/io/quarkus/quarkus-hibernate-validator-spi/3.11.3/quarkus-hibernate-validator-spi-3.11.3.jar:/home/mahendra/.m2/repository/io/quarkus/quarkus-class-change-agent/3.11.3/quarkus-class-change-agent-3.11.3.jar:/home/mahendra/.m2/repository/io/quarkus/quarkus-devtools-utilities/3.11.3/quarkus-devtools-utilities-3.11.3.jar:/home/mahendra/.m2/repository/io/quarkus/quarkus-builder/3.11.3/quarkus-builder-3.11.3.jar:/home/mahendra/.m2/repository/org/graalvm/sdk/nativeimage/23.1.2/nativeimage-23.1.2.jar:/home/mahendra/.m2/repository/org/graalvm/sdk/word/23.1.2/word-23.1.2.jar:/home/mahendra/.m2/repository/org/junit/platform/junit-platform-launcher/1.10.2/junit-platform-launcher-1.10.2.jar:/home/mahendra/.m2/repository/io/quarkus/quarkus-bootstrap-maven-resolver/3.11.3/quarkus-bootstrap-maven-resolver-3.11.3.jar:/home/mahendra/.m2/repository/io/smallrye/beanbag/smallrye-beanbag-maven/1.5.2/smallrye-beanbag-maven-1.5.2.jar:/home/mahendra/.m2/repository/io/smallrye/beanbag/smallrye-beanbag-sisu/1.5.2/smallrye-beanbag-sisu-1.5.2.jar:/home/mahendra/.m2/repository/io/smallrye/beanbag/smallrye-beanbag/1.5.2/smallrye-beanbag-1.5.2.jar:/home/mahendra/.m2/repository/javax/inject/javax.inject/1/javax.inject-1.jar:/home/mahendra/.m2/repository/org/apache/maven/maven-artifact/3.9.6/maven-artifact-3.9.6.jar:/home/mahendra/.m2/repository/org/apache/maven/maven-builder-support/3.9.6/maven-builder-support-3.9.6.jar:/home/mahendra/.m2/repository/org/apache/maven/maven-model/3.9.6/maven-model-3.9.6.jar:/home/mahendra/.m2/repository/org/apache/maven/maven-model-builder/3.9.6/maven-model-builder-3.9.6.jar:/home/mahendra/.m2/repository/org/apache/maven/maven-repository-metadata/3.9.6/maven-repository-metadata-3.9.6.jar:/home/mahendra/.m2/repository/org/apache/maven/maven-settings/3.9.6/maven-settings-3.9.6.jar:/home/mahendra/.m2/repository/org/apache/maven/resolver/maven-resolver-api/1.9.18/maven-resolver-api-1.9.18.jar:/home/mahendra/.m2/repository/org/apache/maven/resolver/maven-resolver-impl/1.9.18/maven-resolver-impl-1.9.18.jar:/home/mahendra/.m2/repository/org/apache/maven/resolver/maven-resolver-named-locks/1.9.18/maven-resolver-named-locks-1.9.18.jar:/home/mahendra/.m2/repository/org/apache/maven/resolver/maven-resolver-spi/1.9.18/maven-resolver-spi-1.9.18.jar:/home/mahendra/.m2/repository/org/apache/maven/resolver/maven-resolver-util/1.9.18/maven-resolver-util-1.9.18.jar:/home/mahendra/.m2/repository/org/apache/maven/resolver/maven-resolver-transport-http/1.9.20/maven-resolver-transport-http-1.9.20.jar:/home/mahendra/.m2/repository/org/apache/maven/wagon/wagon-provider-api/3.5.3/wagon-provider-api-3.5.3.jar:/home/mahendra/.m2/repository/org/apache/maven/wagon/wagon-http-shared/3.5.3/wagon-http-shared-3.5.3.jar:/home/mahendra/.m2/repository/org/codehaus/plexus/plexus-interpolation/1.26/plexus-interpolation-1.26.jar:/home/mahendra/.m2/repository/org/codehaus/plexus/plexus-utils/3.5.1/plexus-utils-3.5.1.jar:/home/mahendra/.m2/repository/org/codehaus/plexus/plexus-xml/4.0.1/plexus-xml-4.0.1.jar:/home/mahendra/.m2/repository/org/apache/maven/maven-xml-impl/4.0.0-alpha-5/maven-xml-impl-4.0.0-alpha-5.jar:/home/mahendra/.m2/repository/org/apache/maven/maven-api-xml/4.0.0-alpha-5/maven-api-xml-4.0.0-alpha-5.jar:/home/mahendra/.m2/repository/org/apache/maven/maven-api-meta/4.0.0-alpha-5/maven-api-meta-4.0.0-alpha-5.jar:/home/mahendra/.m2/repository/org/codehaus/plexus/plexus-cipher/2.0/plexus-cipher-2.0.jar:/home/mahendra/.m2/repository/org/codehaus/plexus/plexus-sec-dispatcher/2.0/plexus-sec-dispatcher-2.0.jar:/home/mahendra/.m2/repository/org/apache/maven/maven-embedder/3.9.6/maven-embedder-3.9.6.jar:/home/mahendra/.m2/repository/org/apache/maven/maven-core/3.9.6/maven-core-3.9.6.jar:/home/mahendra/.m2/repository/org/codehaus/plexus/plexus-component-annotations/2.1.0/plexus-component-annotations-2.1.0.jar:/home/mahendra/.m2/repository/org/apache/maven/maven-plugin-api/3.9.6/maven-plugin-api-3.9.6.jar:/home/mahendra/.m2/repository/org/apache/maven/shared/maven-shared-utils/3.3.4/maven-shared-utils-3.3.4.jar:/home/mahendra/.m2/repository/com/google/inject/guice/5.1.0/guice-5.1.0.jar:/home/mahendra/.m2/repository/aopalliance/aopalliance/1.0/aopalliance-1.0.jar:/home/mahendra/.m2/repository/com/google/guava/guava/33.2.0-jre/guava-33.2.0-jre.jar:/home/mahendra/.m2/repository/com/google/guava/failureaccess/1.0.1/failureaccess-1.0.1.jar:/home/mahendra/.m2/repository/javax/annotation/javax.annotation-api/1.3.2/javax.annotation-api-1.3.2.jar:/home/mahendra/.m2/repository/org/codehaus/plexus/plexus-classworlds/2.6.0/plexus-classworlds-2.6.0.jar:/home/mahendra/.m2/repository/commons-cli/commons-cli/1.5.0/commons-cli-1.5.0.jar:/home/mahendra/.m2/repository/org/eclipse/sisu/org.eclipse.sisu.plexus/0.9.0.M2/org.eclipse.sisu.plexus-0.9.0.M2.jar:/home/mahendra/.m2/repository/org/apache/maven/maven-settings-builder/3.9.6/maven-settings-builder-3.9.6.jar:/home/mahendra/.m2/repository/org/apache/maven/maven-resolver-provider/3.9.6/maven-resolver-provider-3.9.6.jar:/home/mahendra/.m2/repository/org/apache/maven/resolver/maven-resolver-connector-basic/1.9.18/maven-resolver-connector-basic-1.9.18.jar:/home/mahendra/.m2/repository/org/apache/maven/resolver/maven-resolver-transport-wagon/1.9.18/maven-resolver-transport-wagon-1.9.18.jar:/home/mahendra/.m2/repository/org/apache/maven/wagon/wagon-http/3.5.3/wagon-http-3.5.3.jar:/home/mahendra/.m2/repository/org/apache/maven/wagon/wagon-file/3.5.3/wagon-file-3.5.3.jar:/home/mahendra/.m2/repository/io/quarkus/quarkus-bootstrap-gradle-resolver/3.11.3/quarkus-bootstrap-gradle-resolver-3.11.3.jar:/home/mahendra/.m2/repository/commons-io/commons-io/2.16.1/commons-io-2.16.1.jar:/home/mahendra/.m2/repository/io/quarkus/quarkus-junit5-properties/3.11.3/quarkus-junit5-properties-3.11.3.jar:/home/mahendra/.m2/repository/org/junit/jupiter/junit-jupiter/5.10.2/junit-jupiter-5.10.2.jar:/home/mahendra/.m2/repository/org/junit/jupiter/junit-jupiter-api/5.10.2/junit-jupiter-api-5.10.2.jar:/home/mahendra/.m2/repository/org/opentest4j/opentest4j/1.3.0/opentest4j-1.3.0.jar:/home/mahendra/.m2/repository/org/junit/platform/junit-platform-commons/1.10.2/junit-platform-commons-1.10.2.jar:/home/mahendra/.m2/repository/org/apiguardian/apiguardian-api/1.1.2/apiguardian-api-1.1.2.jar:/home/mahendra/.m2/repository/org/junit/jupiter/junit-jupiter-params/5.10.2/junit-jupiter-params-5.10.2.jar:/home/mahendra/.m2/repository/org/junit/jupiter/junit-jupiter-engine/5.10.2/junit-jupiter-engine-5.10.2.jar:/home/mahendra/.m2/repository/org/junit/platform/junit-platform-engine/1.10.2/junit-platform-engine-1.10.2.jar:/home/mahendra/.m2/repository/com/thoughtworks/xstream/xstream/1.4.20/xstream-1.4.20.jar:/home/mahendra/.m2/repository/io/github/x-stream/mxparser/1.2.2/mxparser-1.2.2.jar:/home/mahendra/.m2/repository/xmlpull/xmlpull/1.1.3.1/xmlpull-1.1.3.1.jar:/home/mahendra/.m2/repository/io/quarkus/quarkus-junit5-mockito/3.11.3/quarkus-junit5-mockito-3.11.3.jar:/home/mahendra/.m2/repository/org/mockito/mockito-junit-jupiter/5.11.0/mockito-junit-jupiter-5.11.0.jar:/home/mahendra/.m2/repository/org/mockito/mockito-core/5.11.0/mockito-core-5.11.0.jar:/home/mahendra/.m2/repository/net/bytebuddy/byte-buddy-agent/1.14.12/byte-buddy-agent-1.14.12.jar:/home/mahendra/.m2/repository/org/objenesis/objenesis/3.3/objenesis-3.3.jar:/home/mahendra/.m2/repository/io/quarkus/quarkus-junit5-mockito-config/3.11.3/quarkus-junit5-mockito-config-3.11.3.jar:/home/mahendra/.m2/repository/io/quarkus/quarkus-arc-deployment/3.11.3/quarkus-arc-deployment-3.11.3.jar:/home/mahendra/.m2/repository/io/quarkus/quarkus-smallrye-context-propagation-spi/3.11.3/quarkus-smallrye-context-propagation-spi-3.11.3.jar:/home/mahendra/.m2/repository/io/quarkus/quarkus-vertx-http-dev-ui-spi/3.11.3/quarkus-vertx-http-dev-ui-spi-3.11.3.jar:/home/mahendra/.m2/repository/io/quarkus/arc/arc-processor/3.11.3/arc-processor-3.11.3.jar:/home/mahendra/.m2/repository/io/quarkus/quarkus-arc-test-supplement/3.11.3/quarkus-arc-test-supplement-3.11.3.jar:/home/mahendra/.m2/repository/org/mockito/mockito-subclass/5.11.0/mockito-subclass-5.11.0.jar:/home/mahendra/.m2/repository/io/rest-assured/rest-assured/5.4.0/rest-assured-5.4.0.jar:/home/mahendra/.m2/repository/org/apache/groovy/groovy/4.0.16/groovy-4.0.16.jar:/home/mahendra/.m2/repository/org/apache/groovy/groovy-xml/4.0.16/groovy-xml-4.0.16.jar:/home/mahendra/.m2/repository/org/apache/httpcomponents/httpclient/4.5.14/httpclient-4.5.14.jar:/home/mahendra/.m2/repository/org/apache/httpcomponents/httpcore/4.4.16/httpcore-4.4.16.jar:/home/mahendra/.m2/repository/commons-codec/commons-codec/1.17.0/commons-codec-1.17.0.jar:/home/mahendra/.m2/repository/org/apache/httpcomponents/httpmime/4.5.14/httpmime-4.5.14.jar:/home/mahendra/.m2/repository/org/hamcrest/hamcrest/2.2/hamcrest-2.2.jar:/home/mahendra/.m2/repository/org/ccil/cowan/tagsoup/tagsoup/1.2.1/tagsoup-1.2.1.jar:/home/mahendra/.m2/repository/io/rest-assured/json-path/5.4.0/json-path-5.4.0.jar:/home/mahendra/.m2/repository/org/apache/groovy/groovy-json/4.0.16/groovy-json-4.0.16.jar:/home/mahendra/.m2/repository/io/rest-assured/rest-assured-common/5.4.0/rest-assured-common-5.4.0.jar:/home/mahendra/.m2/repository/io/rest-assured/xml-path/5.4.0/xml-path-5.4.0.jar:/home/mahendra/.m2/repository/org/apache/commons/commons-lang3/3.14.0/commons-lang3-3.14.0.jar:/home/mahendra/.m2/repository/io/jsonwebtoken/jjwt-api/0.11.2/jjwt-api-0.11.2.jar:/home/mahendra/.m2/repository/io/jsonwebtoken/jjwt-impl/0.11.2/jjwt-impl-0.11.2.jar:/home/mahendra/.m2/repository/com/fasterxml/jackson/core/jackson-databind/2.13.3/jackson-databind-2.13.3.jar:/home/mahendra/.m2/repository/com/fasterxml/jackson/core/jackson-annotations/2.17.1/jackson-annotations-2.17.1.jar:/home/mahendra/.m2/repository/com/fasterxml/jackson/core/jackson-core/2.17.1/jackson-core-2.17.1.jar:/home/mahendra/.m2/repository/com/fasterxml/jackson/datatype/jackson-datatype-jsr310/2.13.3/jackson-datatype-jsr310-2.13.3.jar:/home/mahendra/.m2/repository/org/bouncycastle/bcprov-jdk15on/1.64/bcprov-jdk15on-1.64.jar:/home/mahendra/.m2/repository/io/jsonwebtoken/jjwt-jackson/0.11.2/jjwt-jackson-0.11.2.jar:/home/mahendra/.m2/repository/org/apache/logging/log4j/log4j-api/2.20.0/log4j-api-2.20.0.jar:/home/mahendra/.m2/repository/org/apache/logging/log4j/log4j-core/2.20.0/log4j-core-2.20.0.jar:/home/mahendra/.m2/repository/org/projectlombok/lombok/1.18.32/lombok-1.18.32.jar:/home/mahendra/.m2/repository/redis/clients/jedis/3.1.0/jedis-3.1.0.jar:/home/mahendra/.m2/repository/org/slf4j/slf4j-api/2.0.6/slf4j-api-2.0.6.jar:/home/mahendra/.m2/repository/org/apache/commons/commons-pool2/2.6.2/commons-pool2-2.6.2.jar:"/>
    <property name="sun.cpu.endian" value="little"/>
    <property name="vertx.disableWebsockets" value="true"/>
    <property name="user.home" value="/home/mahendra"/>
    <property name="user.language" value="en"/>
    <property name="jboss.log-version" value="false"/>
    <property name="mp.openapi.extensions.smallrye.defaultPrimitivesConsumes" value="text/plain"/>
    <property name="java.specification.vendor" value="Oracle Corporation"/>
    <property name="io.netty.allocator.maxOrder" value="3"/>
    <property name="java.version.date" value="2024-07-16"/>
    <property name="java.home" value="/home/mahendra/.config/Code/User/globalStorage/pleiades.java-extension-pack-jdk/java/21"/>
    <property name="file.separator" value="/"/>
    <property name="basedir" value="/home/mahendra/Downloads/resource (backup) (Copy)"/>
    <property name="java.vm.compressedOopsMode" value="32-bit"/>
    <property name="line.separator" value="&#10;"/>
    <property name="java.vm.specification.vendor" value="Oracle Corporation"/>
    <property name="java.specification.name" value="Java Platform API Specification"/>
    <property name="surefire.real.class.path" value="/home/mahendra/Downloads/resource (backup) (Copy)/target/surefire/surefirebooter-20240919192511943_3.jar"/>
    <property name="mp.openapi.extensions.smallrye.defaultStreamingConsumes" value="application/octet-stream"/>
    <property name="polyglot.engine.WarnInterpreterOnly" value="false"/>
    <property name="sun.management.compiler" value="HotSpot 64-Bit Tiered Compilers"/>
    <property name="mp.openapi.extensions.smallrye.defaultPrimitivesProduces" value="text/plain"/>
    <property name="java.runtime.version" value="21.0.4+7-LTS"/>
    <property name="user.name" value="mahendra"/>
    <property name="com.mysql.cj.disableAbandonedConnectionCleanup" value="true"/>
    <property name="stdout.encoding" value="UTF-8"/>
    <property name="path.separator" value=":"/>
    <property name="os.version" value="6.8.0-44-generic"/>
    <property name="java.runtime.name" value="OpenJDK Runtime Environment"/>
    <property name="file.encoding" value="UTF-8"/>
    <property name="java.vm.name" value="OpenJDK 64-Bit Server VM"/>
    <property name="java.vendor.version" value="Temurin-21.0.4+7"/>
    <property name="localRepository" value="/home/mahendra/.m2/repository"/>
    <property name="java.vendor.url.bug" value="https://github.com/adoptium/adoptium-support/issues"/>
    <property name="java.io.tmpdir" value="/tmp"/>
    <property name="quarkus.log.file.path" value="target/quarkus.log"/>
    <property name="java.version" value="21.0.4"/>
    <property name="mp.openapi.extensions.smallrye.defaultStreamingProduces" value="application/octet-stream"/>
    <property name="java.util.concurrent.ForkJoinPool.common.threadFactory" value="io.quarkus.bootstrap.forkjoin.QuarkusForkJoinWorkerThreadFactory"/>
    <property name="user.dir" value="/home/mahendra/Downloads/resource (backup) (Copy)"/>
    <property name="os.arch" value="amd64"/>
    <property name="java.vm.specification.name" value="Java Virtual Machine Specification"/>
    <property name="vertx.disableDnsResolver" value="true"/>
    <property name="native.encoding" value="UTF-8"/>
    <property name="java.util.logging.manager" value="org.jboss.logmanager.LogManager"/>
    <property name="java.library.path" value="/usr/java/packages/lib:/usr/lib64:/lib64:/lib:/usr/lib"/>
    <property name="java.vm.info" value="mixed mode, sharing"/>
    <property name="stderr.encoding" value="UTF-8"/>
    <property name="java.vendor" value="Eclipse Adoptium"/>
    <property name="vertx.disableTCCL" value="true"/>
    <property name="java.vm.version" value="21.0.4+7-LTS"/>
    <property name="sun.io.unicode.encoding" value="UnicodeLittle"/>
    <property name="io.netty.machineId" value="a6:00:32:30:fd:b5:d2:6a"/>
    <property name="java.class.version" value="65.0"/>
    <property name="mp.openapi.extensions.smallrye.defaultConsumes" value="application/json"/>
  </properties>
  <testcase name="testFindById_Int" classname="org.imaginnovate.Repository.common.EmployeeRepoTest" time="0.018">
    <error message="detached entity passed to persist: org.imaginnovate.entity.common.Employee" type="jakarta.persistence.EntityExistsException"><![CDATA[jakarta.persistence.EntityExistsException: detached entity passed to persist: org.imaginnovate.entity.common.Employee
	at org.hibernate.internal.ExceptionConverterImpl.convert(ExceptionConverterImpl.java:126)
	at org.hibernate.internal.ExceptionConverterImpl.convert(ExceptionConverterImpl.java:167)
	at org.hibernate.internal.ExceptionConverterImpl.convert(ExceptionConverterImpl.java:173)
	at org.hibernate.internal.SessionImpl.firePersist(SessionImpl.java:763)
	at org.hibernate.internal.SessionImpl.persist(SessionImpl.java:741)
	at io.quarkus.hibernate.orm.runtime.session.TransactionScopedSession.persist(TransactionScopedSession.java:146)
	at org.hibernate.engine.spi.SessionLazyDelegator.persist(SessionLazyDelegator.java:282)
	at org.hibernate.Session_OpdLahisOZ9nWRPXMsEFQmQU03A_Synthetic_ClientProxy.persist(Unknown Source)
	at io.quarkus.hibernate.orm.panache.common.runtime.AbstractJpaOperations.persist(AbstractJpaOperations.java:101)
	at io.quarkus.hibernate.orm.panache.common.runtime.AbstractJpaOperations.persist(AbstractJpaOperations.java:96)
	at io.quarkus.hibernate.orm.panache.PanacheRepositoryBase.persist(PanacheRepositoryBase.java:54)
	at org.imaginnovate.repository.common.EmployeeRepo_ClientProxy.persist(Unknown Source)
	at org.imaginnovate.Repository.common.EmployeeRepoTest.setup(EmployeeRepoTest.java:43)
	at org.imaginnovate.Repository.common.EmployeeRepoTest_Subclass.setup$$superforward(Unknown Source)
	at org.imaginnovate.Repository.common.EmployeeRepoTest_Subclass$$function$$1.apply(Unknown Source)
	at io.quarkus.arc.impl.AroundInvokeInvocationContext.proceed(AroundInvokeInvocationContext.java:73)
	at io.quarkus.arc.impl.AroundInvokeInvocationContext.proceed(AroundInvokeInvocationContext.java:62)
	at io.quarkus.narayana.jta.runtime.interceptor.TransactionalInterceptorBase.invokeInOurTx(TransactionalInterceptorBase.java:136)
	at io.quarkus.narayana.jta.runtime.interceptor.TransactionalInterceptorBase.invokeInOurTx(TransactionalInterceptorBase.java:107)
	at io.quarkus.narayana.jta.runtime.interceptor.TransactionalInterceptorRequired.doIntercept(TransactionalInterceptorRequired.java:38)
	at io.quarkus.narayana.jta.runtime.interceptor.TransactionalInterceptorBase.intercept(TransactionalInterceptorBase.java:61)
	at io.quarkus.narayana.jta.runtime.interceptor.TransactionalInterceptorRequired.intercept(TransactionalInterceptorRequired.java:32)
	at io.quarkus.narayana.jta.runtime.interceptor.TransactionalInterceptorRequired_Bean.intercept(Unknown Source)
	at io.quarkus.arc.impl.InterceptorInvocation.invoke(InterceptorInvocation.java:42)
	at io.quarkus.arc.impl.AroundInvokeInvocationContext.perform(AroundInvokeInvocationContext.java:30)
	at io.quarkus.arc.impl.InvocationContexts.performAroundInvoke(InvocationContexts.java:27)
	at org.imaginnovate.Repository.common.EmployeeRepoTest_Subclass.setup(Unknown Source)
	at java.base/java.lang.reflect.Method.invoke(Method.java:580)
	at io.quarkus.test.junit.QuarkusTestExtension.runExtensionMethod(QuarkusTestExtension.java:1017)
	at io.quarkus.test.junit.QuarkusTestExtension.interceptBeforeEachMethod(QuarkusTestExtension.java:812)
	at java.base/java.util.ArrayList.forEach(ArrayList.java:1596)
	at java.base/java.util.ArrayList.forEach(ArrayList.java:1596)
Caused by: org.hibernate.PersistentObjectException: detached entity passed to persist: org.imaginnovate.entity.common.Employee
	at org.hibernate.event.internal.DefaultPersistEventListener.persist(DefaultPersistEventListener.java:88)
	at org.hibernate.event.internal.DefaultPersistEventListener.onPersist(DefaultPersistEventListener.java:77)
	at org.hibernate.event.internal.DefaultPersistEventListener.onPersist(DefaultPersistEventListener.java:54)
	at org.hibernate.event.service.internal.EventListenerGroupImpl.fireEventOnEachListener(EventListenerGroupImpl.java:127)
	at org.hibernate.internal.SessionImpl.firePersist(SessionImpl.java:757)
	... 28 more
]]></error>
  </testcase>
  <testcase name="testFindAllEmployees" classname="org.imaginnovate.Repository.common.EmployeeRepoTest" time="0.015">
    <error message="detached entity passed to persist: org.imaginnovate.entity.common.Employee" type="jakarta.persistence.EntityExistsException"><![CDATA[jakarta.persistence.EntityExistsException: detached entity passed to persist: org.imaginnovate.entity.common.Employee
	at org.hibernate.internal.ExceptionConverterImpl.convert(ExceptionConverterImpl.java:126)
	at org.hibernate.internal.ExceptionConverterImpl.convert(ExceptionConverterImpl.java:167)
	at org.hibernate.internal.ExceptionConverterImpl.convert(ExceptionConverterImpl.java:173)
	at org.hibernate.internal.SessionImpl.firePersist(SessionImpl.java:763)
	at org.hibernate.internal.SessionImpl.persist(SessionImpl.java:741)
	at io.quarkus.hibernate.orm.runtime.session.TransactionScopedSession.persist(TransactionScopedSession.java:146)
	at org.hibernate.engine.spi.SessionLazyDelegator.persist(SessionLazyDelegator.java:282)
	at org.hibernate.Session_OpdLahisOZ9nWRPXMsEFQmQU03A_Synthetic_ClientProxy.persist(Unknown Source)
	at io.quarkus.hibernate.orm.panache.common.runtime.AbstractJpaOperations.persist(AbstractJpaOperations.java:101)
	at io.quarkus.hibernate.orm.panache.common.runtime.AbstractJpaOperations.persist(AbstractJpaOperations.java:96)
	at io.quarkus.hibernate.orm.panache.PanacheRepositoryBase.persist(PanacheRepositoryBase.java:54)
	at org.imaginnovate.repository.common.EmployeeRepo_ClientProxy.persist(Unknown Source)
	at org.imaginnovate.Repository.common.EmployeeRepoTest.setup(EmployeeRepoTest.java:43)
	at org.imaginnovate.Repository.common.EmployeeRepoTest_Subclass.setup$$superforward(Unknown Source)
	at org.imaginnovate.Repository.common.EmployeeRepoTest_Subclass$$function$$1.apply(Unknown Source)
	at io.quarkus.arc.impl.AroundInvokeInvocationContext.proceed(AroundInvokeInvocationContext.java:73)
	at io.quarkus.arc.impl.AroundInvokeInvocationContext.proceed(AroundInvokeInvocationContext.java:62)
	at io.quarkus.narayana.jta.runtime.interceptor.TransactionalInterceptorBase.invokeInOurTx(TransactionalInterceptorBase.java:136)
	at io.quarkus.narayana.jta.runtime.interceptor.TransactionalInterceptorBase.invokeInOurTx(TransactionalInterceptorBase.java:107)
	at io.quarkus.narayana.jta.runtime.interceptor.TransactionalInterceptorRequired.doIntercept(TransactionalInterceptorRequired.java:38)
	at io.quarkus.narayana.jta.runtime.interceptor.TransactionalInterceptorBase.intercept(TransactionalInterceptorBase.java:61)
	at io.quarkus.narayana.jta.runtime.interceptor.TransactionalInterceptorRequired.intercept(TransactionalInterceptorRequired.java:32)
	at io.quarkus.narayana.jta.runtime.interceptor.TransactionalInterceptorRequired_Bean.intercept(Unknown Source)
	at io.quarkus.arc.impl.InterceptorInvocation.invoke(InterceptorInvocation.java:42)
	at io.quarkus.arc.impl.AroundInvokeInvocationContext.perform(AroundInvokeInvocationContext.java:30)
	at io.quarkus.arc.impl.InvocationContexts.performAroundInvoke(InvocationContexts.java:27)
	at org.imaginnovate.Repository.common.EmployeeRepoTest_Subclass.setup(Unknown Source)
	at java.base/java.lang.reflect.Method.invoke(Method.java:580)
	at io.quarkus.test.junit.QuarkusTestExtension.runExtensionMethod(QuarkusTestExtension.java:1017)
	at io.quarkus.test.junit.QuarkusTestExtension.interceptBeforeEachMethod(QuarkusTestExtension.java:812)
	at java.base/java.util.ArrayList.forEach(ArrayList.java:1596)
	at java.base/java.util.ArrayList.forEach(ArrayList.java:1596)
Caused by: org.hibernate.PersistentObjectException: detached entity passed to persist: org.imaginnovate.entity.common.Employee
	at org.hibernate.event.internal.DefaultPersistEventListener.persist(DefaultPersistEventListener.java:88)
	at org.hibernate.event.internal.DefaultPersistEventListener.onPersist(DefaultPersistEventListener.java:77)
	at org.hibernate.event.internal.DefaultPersistEventListener.onPersist(DefaultPersistEventListener.java:54)
	at org.hibernate.event.service.internal.EventListenerGroupImpl.fireEventOnEachListener(EventListenerGroupImpl.java:127)
	at org.hibernate.internal.SessionImpl.firePersist(SessionImpl.java:757)
	... 28 more
]]></error>
  </testcase>
  <testcase name="testFindByEmployeeName" classname="org.imaginnovate.Repository.common.EmployeeRepoTest" time="0.012">
    <error message="detached entity passed to persist: org.imaginnovate.entity.common.Employee" type="jakarta.persistence.EntityExistsException"><![CDATA[jakarta.persistence.EntityExistsException: detached entity passed to persist: org.imaginnovate.entity.common.Employee
	at org.hibernate.internal.ExceptionConverterImpl.convert(ExceptionConverterImpl.java:126)
	at org.hibernate.internal.ExceptionConverterImpl.convert(ExceptionConverterImpl.java:167)
	at org.hibernate.internal.ExceptionConverterImpl.convert(ExceptionConverterImpl.java:173)
	at org.hibernate.internal.SessionImpl.firePersist(SessionImpl.java:763)
	at org.hibernate.internal.SessionImpl.persist(SessionImpl.java:741)
	at io.quarkus.hibernate.orm.runtime.session.TransactionScopedSession.persist(TransactionScopedSession.java:146)
	at org.hibernate.engine.spi.SessionLazyDelegator.persist(SessionLazyDelegator.java:282)
	at org.hibernate.Session_OpdLahisOZ9nWRPXMsEFQmQU03A_Synthetic_ClientProxy.persist(Unknown Source)
	at io.quarkus.hibernate.orm.panache.common.runtime.AbstractJpaOperations.persist(AbstractJpaOperations.java:101)
	at io.quarkus.hibernate.orm.panache.common.runtime.AbstractJpaOperations.persist(AbstractJpaOperations.java:96)
	at io.quarkus.hibernate.orm.panache.PanacheRepositoryBase.persist(PanacheRepositoryBase.java:54)
	at org.imaginnovate.repository.common.EmployeeRepo_ClientProxy.persist(Unknown Source)
	at org.imaginnovate.Repository.common.EmployeeRepoTest.setup(EmployeeRepoTest.java:43)
	at org.imaginnovate.Repository.common.EmployeeRepoTest_Subclass.setup$$superforward(Unknown Source)
	at org.imaginnovate.Repository.common.EmployeeRepoTest_Subclass$$function$$1.apply(Unknown Source)
	at io.quarkus.arc.impl.AroundInvokeInvocationContext.proceed(AroundInvokeInvocationContext.java:73)
	at io.quarkus.arc.impl.AroundInvokeInvocationContext.proceed(AroundInvokeInvocationContext.java:62)
	at io.quarkus.narayana.jta.runtime.interceptor.TransactionalInterceptorBase.invokeInOurTx(TransactionalInterceptorBase.java:136)
	at io.quarkus.narayana.jta.runtime.interceptor.TransactionalInterceptorBase.invokeInOurTx(TransactionalInterceptorBase.java:107)
	at io.quarkus.narayana.jta.runtime.interceptor.TransactionalInterceptorRequired.doIntercept(TransactionalInterceptorRequired.java:38)
	at io.quarkus.narayana.jta.runtime.interceptor.TransactionalInterceptorBase.intercept(TransactionalInterceptorBase.java:61)
	at io.quarkus.narayana.jta.runtime.interceptor.TransactionalInterceptorRequired.intercept(TransactionalInterceptorRequired.java:32)
	at io.quarkus.narayana.jta.runtime.interceptor.TransactionalInterceptorRequired_Bean.intercept(Unknown Source)
	at io.quarkus.arc.impl.InterceptorInvocation.invoke(InterceptorInvocation.java:42)
	at io.quarkus.arc.impl.AroundInvokeInvocationContext.perform(AroundInvokeInvocationContext.java:30)
	at io.quarkus.arc.impl.InvocationContexts.performAroundInvoke(InvocationContexts.java:27)
	at org.imaginnovate.Repository.common.EmployeeRepoTest_Subclass.setup(Unknown Source)
	at java.base/java.lang.reflect.Method.invoke(Method.java:580)
	at io.quarkus.test.junit.QuarkusTestExtension.runExtensionMethod(QuarkusTestExtension.java:1017)
	at io.quarkus.test.junit.QuarkusTestExtension.interceptBeforeEachMethod(QuarkusTestExtension.java:812)
	at java.base/java.util.ArrayList.forEach(ArrayList.java:1596)
	at java.base/java.util.ArrayList.forEach(ArrayList.java:1596)
Caused by: org.hibernate.PersistentObjectException: detached entity passed to persist: org.imaginnovate.entity.common.Employee
	at org.hibernate.event.internal.DefaultPersistEventListener.persist(DefaultPersistEventListener.java:88)
	at org.hibernate.event.internal.DefaultPersistEventListener.onPersist(DefaultPersistEventListener.java:77)
	at org.hibernate.event.internal.DefaultPersistEventListener.onPersist(DefaultPersistEventListener.java:54)
	at org.hibernate.event.service.internal.EventListenerGroupImpl.fireEventOnEachListener(EventListenerGroupImpl.java:127)
	at org.hibernate.internal.SessionImpl.firePersist(SessionImpl.java:757)
	... 28 more
]]></error>
  </testcase>
  <testcase name="testFindByIdOptional" classname="org.imaginnovate.Repository.common.EmployeeRepoTest" time="0.011">
    <error message="detached entity passed to persist: org.imaginnovate.entity.common.Employee" type="jakarta.persistence.EntityExistsException"><![CDATA[jakarta.persistence.EntityExistsException: detached entity passed to persist: org.imaginnovate.entity.common.Employee
	at org.hibernate.internal.ExceptionConverterImpl.convert(ExceptionConverterImpl.java:126)
	at org.hibernate.internal.ExceptionConverterImpl.convert(ExceptionConverterImpl.java:167)
	at org.hibernate.internal.ExceptionConverterImpl.convert(ExceptionConverterImpl.java:173)
	at org.hibernate.internal.SessionImpl.firePersist(SessionImpl.java:763)
	at org.hibernate.internal.SessionImpl.persist(SessionImpl.java:741)
	at io.quarkus.hibernate.orm.runtime.session.TransactionScopedSession.persist(TransactionScopedSession.java:146)
	at org.hibernate.engine.spi.SessionLazyDelegator.persist(SessionLazyDelegator.java:282)
	at org.hibernate.Session_OpdLahisOZ9nWRPXMsEFQmQU03A_Synthetic_ClientProxy.persist(Unknown Source)
	at io.quarkus.hibernate.orm.panache.common.runtime.AbstractJpaOperations.persist(AbstractJpaOperations.java:101)
	at io.quarkus.hibernate.orm.panache.common.runtime.AbstractJpaOperations.persist(AbstractJpaOperations.java:96)
	at io.quarkus.hibernate.orm.panache.PanacheRepositoryBase.persist(PanacheRepositoryBase.java:54)
	at org.imaginnovate.repository.common.EmployeeRepo_ClientProxy.persist(Unknown Source)
	at org.imaginnovate.Repository.common.EmployeeRepoTest.setup(EmployeeRepoTest.java:43)
	at org.imaginnovate.Repository.common.EmployeeRepoTest_Subclass.setup$$superforward(Unknown Source)
	at org.imaginnovate.Repository.common.EmployeeRepoTest_Subclass$$function$$1.apply(Unknown Source)
	at io.quarkus.arc.impl.AroundInvokeInvocationContext.proceed(AroundInvokeInvocationContext.java:73)
	at io.quarkus.arc.impl.AroundInvokeInvocationContext.proceed(AroundInvokeInvocationContext.java:62)
	at io.quarkus.narayana.jta.runtime.interceptor.TransactionalInterceptorBase.invokeInOurTx(TransactionalInterceptorBase.java:136)
	at io.quarkus.narayana.jta.runtime.interceptor.TransactionalInterceptorBase.invokeInOurTx(TransactionalInterceptorBase.java:107)
	at io.quarkus.narayana.jta.runtime.interceptor.TransactionalInterceptorRequired.doIntercept(TransactionalInterceptorRequired.java:38)
	at io.quarkus.narayana.jta.runtime.interceptor.TransactionalInterceptorBase.intercept(TransactionalInterceptorBase.java:61)
	at io.quarkus.narayana.jta.runtime.interceptor.TransactionalInterceptorRequired.intercept(TransactionalInterceptorRequired.java:32)
	at io.quarkus.narayana.jta.runtime.interceptor.TransactionalInterceptorRequired_Bean.intercept(Unknown Source)
	at io.quarkus.arc.impl.InterceptorInvocation.invoke(InterceptorInvocation.java:42)
	at io.quarkus.arc.impl.AroundInvokeInvocationContext.perform(AroundInvokeInvocationContext.java:30)
	at io.quarkus.arc.impl.InvocationContexts.performAroundInvoke(InvocationContexts.java:27)
	at org.imaginnovate.Repository.common.EmployeeRepoTest_Subclass.setup(Unknown Source)
	at java.base/java.lang.reflect.Method.invoke(Method.java:580)
	at io.quarkus.test.junit.QuarkusTestExtension.runExtensionMethod(QuarkusTestExtension.java:1017)
	at io.quarkus.test.junit.QuarkusTestExtension.interceptBeforeEachMethod(QuarkusTestExtension.java:812)
	at java.base/java.util.ArrayList.forEach(ArrayList.java:1596)
	at java.base/java.util.ArrayList.forEach(ArrayList.java:1596)
Caused by: org.hibernate.PersistentObjectException: detached entity passed to persist: org.imaginnovate.entity.common.Employee
	at org.hibernate.event.internal.DefaultPersistEventListener.persist(DefaultPersistEventListener.java:88)
	at org.hibernate.event.internal.DefaultPersistEventListener.onPersist(DefaultPersistEventListener.java:77)
	at org.hibernate.event.internal.DefaultPersistEventListener.onPersist(DefaultPersistEventListener.java:54)
	at org.hibernate.event.service.internal.EventListenerGroupImpl.fireEventOnEachListener(EventListenerGroupImpl.java:127)
	at org.hibernate.internal.SessionImpl.firePersist(SessionImpl.java:757)
	... 28 more
]]></error>
  </testcase>
  <testcase name="testCanApproveTimesheets" classname="org.imaginnovate.Repository.common.EmployeeRepoTest" time="0.015">
    <error message="detached entity passed to persist: org.imaginnovate.entity.common.Employee" type="jakarta.persistence.EntityExistsException"><![CDATA[jakarta.persistence.EntityExistsException: detached entity passed to persist: org.imaginnovate.entity.common.Employee
	at org.hibernate.internal.ExceptionConverterImpl.convert(ExceptionConverterImpl.java:126)
	at org.hibernate.internal.ExceptionConverterImpl.convert(ExceptionConverterImpl.java:167)
	at org.hibernate.internal.ExceptionConverterImpl.convert(ExceptionConverterImpl.java:173)
	at org.hibernate.internal.SessionImpl.firePersist(SessionImpl.java:763)
	at org.hibernate.internal.SessionImpl.persist(SessionImpl.java:741)
	at io.quarkus.hibernate.orm.runtime.session.TransactionScopedSession.persist(TransactionScopedSession.java:146)
	at org.hibernate.engine.spi.SessionLazyDelegator.persist(SessionLazyDelegator.java:282)
	at org.hibernate.Session_OpdLahisOZ9nWRPXMsEFQmQU03A_Synthetic_ClientProxy.persist(Unknown Source)
	at io.quarkus.hibernate.orm.panache.common.runtime.AbstractJpaOperations.persist(AbstractJpaOperations.java:101)
	at io.quarkus.hibernate.orm.panache.common.runtime.AbstractJpaOperations.persist(AbstractJpaOperations.java:96)
	at io.quarkus.hibernate.orm.panache.PanacheRepositoryBase.persist(PanacheRepositoryBase.java:54)
	at org.imaginnovate.repository.common.EmployeeRepo_ClientProxy.persist(Unknown Source)
	at org.imaginnovate.Repository.common.EmployeeRepoTest.setup(EmployeeRepoTest.java:43)
	at org.imaginnovate.Repository.common.EmployeeRepoTest_Subclass.setup$$superforward(Unknown Source)
	at org.imaginnovate.Repository.common.EmployeeRepoTest_Subclass$$function$$1.apply(Unknown Source)
	at io.quarkus.arc.impl.AroundInvokeInvocationContext.proceed(AroundInvokeInvocationContext.java:73)
	at io.quarkus.arc.impl.AroundInvokeInvocationContext.proceed(AroundInvokeInvocationContext.java:62)
	at io.quarkus.narayana.jta.runtime.interceptor.TransactionalInterceptorBase.invokeInOurTx(TransactionalInterceptorBase.java:136)
	at io.quarkus.narayana.jta.runtime.interceptor.TransactionalInterceptorBase.invokeInOurTx(TransactionalInterceptorBase.java:107)
	at io.quarkus.narayana.jta.runtime.interceptor.TransactionalInterceptorRequired.doIntercept(TransactionalInterceptorRequired.java:38)
	at io.quarkus.narayana.jta.runtime.interceptor.TransactionalInterceptorBase.intercept(TransactionalInterceptorBase.java:61)
	at io.quarkus.narayana.jta.runtime.interceptor.TransactionalInterceptorRequired.intercept(TransactionalInterceptorRequired.java:32)
	at io.quarkus.narayana.jta.runtime.interceptor.TransactionalInterceptorRequired_Bean.intercept(Unknown Source)
	at io.quarkus.arc.impl.InterceptorInvocation.invoke(InterceptorInvocation.java:42)
	at io.quarkus.arc.impl.AroundInvokeInvocationContext.perform(AroundInvokeInvocationContext.java:30)
	at io.quarkus.arc.impl.InvocationContexts.performAroundInvoke(InvocationContexts.java:27)
	at org.imaginnovate.Repository.common.EmployeeRepoTest_Subclass.setup(Unknown Source)
	at java.base/java.lang.reflect.Method.invoke(Method.java:580)
	at io.quarkus.test.junit.QuarkusTestExtension.runExtensionMethod(QuarkusTestExtension.java:1017)
	at io.quarkus.test.junit.QuarkusTestExtension.interceptBeforeEachMethod(QuarkusTestExtension.java:812)
	at java.base/java.util.ArrayList.forEach(ArrayList.java:1596)
	at java.base/java.util.ArrayList.forEach(ArrayList.java:1596)
Caused by: org.hibernate.PersistentObjectException: detached entity passed to persist: org.imaginnovate.entity.common.Employee
	at org.hibernate.event.internal.DefaultPersistEventListener.persist(DefaultPersistEventListener.java:88)
	at org.hibernate.event.internal.DefaultPersistEventListener.onPersist(DefaultPersistEventListener.java:77)
	at org.hibernate.event.internal.DefaultPersistEventListener.onPersist(DefaultPersistEventListener.java:54)
	at org.hibernate.event.service.internal.EventListenerGroupImpl.fireEventOnEachListener(EventListenerGroupImpl.java:127)
	at org.hibernate.internal.SessionImpl.firePersist(SessionImpl.java:757)
	... 28 more
]]></error>
  </testcase>
  <testcase name="testCanApprove" classname="org.imaginnovate.Repository.common.EmployeeRepoTest" time="0.008">
    <error message="detached entity passed to persist: org.imaginnovate.entity.common.Employee" type="jakarta.persistence.EntityExistsException"><![CDATA[jakarta.persistence.EntityExistsException: detached entity passed to persist: org.imaginnovate.entity.common.Employee
	at org.hibernate.internal.ExceptionConverterImpl.convert(ExceptionConverterImpl.java:126)
	at org.hibernate.internal.ExceptionConverterImpl.convert(ExceptionConverterImpl.java:167)
	at org.hibernate.internal.ExceptionConverterImpl.convert(ExceptionConverterImpl.java:173)
	at org.hibernate.internal.SessionImpl.firePersist(SessionImpl.java:763)
	at org.hibernate.internal.SessionImpl.persist(SessionImpl.java:741)
	at io.quarkus.hibernate.orm.runtime.session.TransactionScopedSession.persist(TransactionScopedSession.java:146)
	at org.hibernate.engine.spi.SessionLazyDelegator.persist(SessionLazyDelegator.java:282)
	at org.hibernate.Session_OpdLahisOZ9nWRPXMsEFQmQU03A_Synthetic_ClientProxy.persist(Unknown Source)
	at io.quarkus.hibernate.orm.panache.common.runtime.AbstractJpaOperations.persist(AbstractJpaOperations.java:101)
	at io.quarkus.hibernate.orm.panache.common.runtime.AbstractJpaOperations.persist(AbstractJpaOperations.java:96)
	at io.quarkus.hibernate.orm.panache.PanacheRepositoryBase.persist(PanacheRepositoryBase.java:54)
	at org.imaginnovate.repository.common.EmployeeRepo_ClientProxy.persist(Unknown Source)
	at org.imaginnovate.Repository.common.EmployeeRepoTest.setup(EmployeeRepoTest.java:43)
	at org.imaginnovate.Repository.common.EmployeeRepoTest_Subclass.setup$$superforward(Unknown Source)
	at org.imaginnovate.Repository.common.EmployeeRepoTest_Subclass$$function$$1.apply(Unknown Source)
	at io.quarkus.arc.impl.AroundInvokeInvocationContext.proceed(AroundInvokeInvocationContext.java:73)
	at io.quarkus.arc.impl.AroundInvokeInvocationContext.proceed(AroundInvokeInvocationContext.java:62)
	at io.quarkus.narayana.jta.runtime.interceptor.TransactionalInterceptorBase.invokeInOurTx(TransactionalInterceptorBase.java:136)
	at io.quarkus.narayana.jta.runtime.interceptor.TransactionalInterceptorBase.invokeInOurTx(TransactionalInterceptorBase.java:107)
	at io.quarkus.narayana.jta.runtime.interceptor.TransactionalInterceptorRequired.doIntercept(TransactionalInterceptorRequired.java:38)
	at io.quarkus.narayana.jta.runtime.interceptor.TransactionalInterceptorBase.intercept(TransactionalInterceptorBase.java:61)
	at io.quarkus.narayana.jta.runtime.interceptor.TransactionalInterceptorRequired.intercept(TransactionalInterceptorRequired.java:32)
	at io.quarkus.narayana.jta.runtime.interceptor.TransactionalInterceptorRequired_Bean.intercept(Unknown Source)
	at io.quarkus.arc.impl.InterceptorInvocation.invoke(InterceptorInvocation.java:42)
	at io.quarkus.arc.impl.AroundInvokeInvocationContext.perform(AroundInvokeInvocationContext.java:30)
	at io.quarkus.arc.impl.InvocationContexts.performAroundInvoke(InvocationContexts.java:27)
	at org.imaginnovate.Repository.common.EmployeeRepoTest_Subclass.setup(Unknown Source)
	at java.base/java.lang.reflect.Method.invoke(Method.java:580)
	at io.quarkus.test.junit.QuarkusTestExtension.runExtensionMethod(QuarkusTestExtension.java:1017)
	at io.quarkus.test.junit.QuarkusTestExtension.interceptBeforeEachMethod(QuarkusTestExtension.java:812)
	at java.base/java.util.ArrayList.forEach(ArrayList.java:1596)
	at java.base/java.util.ArrayList.forEach(ArrayList.java:1596)
Caused by: org.hibernate.PersistentObjectException: detached entity passed to persist: org.imaginnovate.entity.common.Employee
	at org.hibernate.event.internal.DefaultPersistEventListener.persist(DefaultPersistEventListener.java:88)
	at org.hibernate.event.internal.DefaultPersistEventListener.onPersist(DefaultPersistEventListener.java:77)
	at org.hibernate.event.internal.DefaultPersistEventListener.onPersist(DefaultPersistEventListener.java:54)
	at org.hibernate.event.service.internal.EventListenerGroupImpl.fireEventOnEachListener(EventListenerGroupImpl.java:127)
	at org.hibernate.internal.SessionImpl.firePersist(SessionImpl.java:757)
	... 28 more
]]></error>
  </testcase>
  <testcase name="testFindEmployeeById" classname="org.imaginnovate.Repository.common.EmployeeRepoTest" time="0.004">
    <error message="detached entity passed to persist: org.imaginnovate.entity.common.Employee" type="jakarta.persistence.EntityExistsException"><![CDATA[jakarta.persistence.EntityExistsException: detached entity passed to persist: org.imaginnovate.entity.common.Employee
	at org.hibernate.internal.ExceptionConverterImpl.convert(ExceptionConverterImpl.java:126)
	at org.hibernate.internal.ExceptionConverterImpl.convert(ExceptionConverterImpl.java:167)
	at org.hibernate.internal.ExceptionConverterImpl.convert(ExceptionConverterImpl.java:173)
	at org.hibernate.internal.SessionImpl.firePersist(SessionImpl.java:763)
	at org.hibernate.internal.SessionImpl.persist(SessionImpl.java:741)
	at io.quarkus.hibernate.orm.runtime.session.TransactionScopedSession.persist(TransactionScopedSession.java:146)
	at org.hibernate.engine.spi.SessionLazyDelegator.persist(SessionLazyDelegator.java:282)
	at org.hibernate.Session_OpdLahisOZ9nWRPXMsEFQmQU03A_Synthetic_ClientProxy.persist(Unknown Source)
	at io.quarkus.hibernate.orm.panache.common.runtime.AbstractJpaOperations.persist(AbstractJpaOperations.java:101)
	at io.quarkus.hibernate.orm.panache.common.runtime.AbstractJpaOperations.persist(AbstractJpaOperations.java:96)
	at io.quarkus.hibernate.orm.panache.PanacheRepositoryBase.persist(PanacheRepositoryBase.java:54)
	at org.imaginnovate.repository.common.EmployeeRepo_ClientProxy.persist(Unknown Source)
	at org.imaginnovate.Repository.common.EmployeeRepoTest.setup(EmployeeRepoTest.java:43)
	at org.imaginnovate.Repository.common.EmployeeRepoTest_Subclass.setup$$superforward(Unknown Source)
	at org.imaginnovate.Repository.common.EmployeeRepoTest_Subclass$$function$$1.apply(Unknown Source)
	at io.quarkus.arc.impl.AroundInvokeInvocationContext.proceed(AroundInvokeInvocationContext.java:73)
	at io.quarkus.arc.impl.AroundInvokeInvocationContext.proceed(AroundInvokeInvocationContext.java:62)
	at io.quarkus.narayana.jta.runtime.interceptor.TransactionalInterceptorBase.invokeInOurTx(TransactionalInterceptorBase.java:136)
	at io.quarkus.narayana.jta.runtime.interceptor.TransactionalInterceptorBase.invokeInOurTx(TransactionalInterceptorBase.java:107)
	at io.quarkus.narayana.jta.runtime.interceptor.TransactionalInterceptorRequired.doIntercept(TransactionalInterceptorRequired.java:38)
	at io.quarkus.narayana.jta.runtime.interceptor.TransactionalInterceptorBase.intercept(TransactionalInterceptorBase.java:61)
	at io.quarkus.narayana.jta.runtime.interceptor.TransactionalInterceptorRequired.intercept(TransactionalInterceptorRequired.java:32)
	at io.quarkus.narayana.jta.runtime.interceptor.TransactionalInterceptorRequired_Bean.intercept(Unknown Source)
	at io.quarkus.arc.impl.InterceptorInvocation.invoke(InterceptorInvocation.java:42)
	at io.quarkus.arc.impl.AroundInvokeInvocationContext.perform(AroundInvokeInvocationContext.java:30)
	at io.quarkus.arc.impl.InvocationContexts.performAroundInvoke(InvocationContexts.java:27)
	at org.imaginnovate.Repository.common.EmployeeRepoTest_Subclass.setup(Unknown Source)
	at java.base/java.lang.reflect.Method.invoke(Method.java:580)
	at io.quarkus.test.junit.QuarkusTestExtension.runExtensionMethod(QuarkusTestExtension.java:1017)
	at io.quarkus.test.junit.QuarkusTestExtension.interceptBeforeEachMethod(QuarkusTestExtension.java:812)
	at java.base/java.util.ArrayList.forEach(ArrayList.java:1596)
	at java.base/java.util.ArrayList.forEach(ArrayList.java:1596)
Caused by: org.hibernate.PersistentObjectException: detached entity passed to persist: org.imaginnovate.entity.common.Employee
	at org.hibernate.event.internal.DefaultPersistEventListener.persist(DefaultPersistEventListener.java:88)
	at org.hibernate.event.internal.DefaultPersistEventListener.onPersist(DefaultPersistEventListener.java:77)
	at org.hibernate.event.internal.DefaultPersistEventListener.onPersist(DefaultPersistEventListener.java:54)
	at org.hibernate.event.service.internal.EventListenerGroupImpl.fireEventOnEachListener(EventListenerGroupImpl.java:127)
	at org.hibernate.internal.SessionImpl.firePersist(SessionImpl.java:757)
	... 28 more
]]></error>
  </testcase>
</testsuite>